[0.009s] Invoking command in '/home/dpkings/Multi-map/build/slam_gmapping': AMENT_PREFIX_PATH=/home/dpkings/Multi-map/install/openslam_gmapping:${AMENT_PREFIX_PATH} CMAKE_PREFIX_PATH=/home/dpkings/Multi-map/install/openslam_gmapping:/home/dpkings/eyrc-24-25-logistic-cobot/install/ur_simulation_gazebo:/home/dpkings/eyrc-24-25-logistic-cobot/install/ur_moveit_config:/home/dpkings/eyrc-24-25-logistic-cobot/install/ur_description:/home/dpkings/eyrc-24-25-logistic-cobot/install/servo_msgs:/home/dpkings/eyrc-24-25-logistic-cobot/install/realsense_gazebo_plugin:/home/dpkings/eyrc-24-25-logistic-cobot/install/pymoveit2:/home/dpkings/eyrc-24-25-logistic-cobot/install/ebot_description:/home/dpkings/eyrc-24-25-logistic-cobot/install/payload_service:/home/dpkings/eyrc-24-25-logistic-cobot/install/linkattacher_msgs:/home/dpkings/eyrc-24-25-logistic-cobot/install/eyantra_warehouse:/home/dpkings/eyrc-24-25-logistic-cobot/install/ebot_nav2:/home/dpkings/eyrc-24-25-logistic-cobot/install/ebot_docking:/home/dpkings/eyrc-24-25-logistic-cobot/install/ur5_control:/opt/ros/humble LD_LIBRARY_PATH=/home/dpkings/Multi-map/install/openslam_gmapping/lib:${LD_LIBRARY_PATH} /usr/bin/cmake --build /home/dpkings/Multi-map/build/slam_gmapping -- -j8 -l8
[0.067s] [ 50%] [32mBuilding CXX object CMakeFiles/slam_gmapping.dir/src/slam_gmapping.cpp.o[0m
[0.232s] In file included from [01m[K/home/dpkings/Multi-map/src/slam_gmapping/slam_gmapping/include/slam_gmapping/slam_gmapping.h:38[m[K,
[0.232s]                  from [01m[K/home/dpkings/Multi-map/src/slam_gmapping/slam_gmapping/src/slam_gmapping.cpp:24[m[K:
[0.232s] [01m[K/opt/ros/humble/include/tf2_geometry_msgs/tf2_geometry_msgs/tf2_geometry_msgs.h:35:2:[m[K [01;35m[Kwarning: [m[K#warning This header is obsolete, please include tf2_geometry_msgs/tf2_geometry_msgs.hpp instead [[01;35m[K]8;;https://gcc.gnu.org/onlinedocs/gcc/Warning-Options.html#index-Wcpp-Wcpp]8;;[m[K]
[0.232s]    35 | #[01;35m[Kwarning[m[K This header is obsolete, please include tf2_geometry_msgs/tf2_geometry_msgs.hpp instead
[0.232s]       |  [01;35m[K^~~~~~~[m[K
[8.153s] [100%] [32m[1mLinking CXX executable slam_gmapping[0m
[8.602s] [100%] Built target slam_gmapping
[8.611s] Invoked command in '/home/dpkings/Multi-map/build/slam_gmapping' returned '0': AMENT_PREFIX_PATH=/home/dpkings/Multi-map/install/openslam_gmapping:${AMENT_PREFIX_PATH} CMAKE_PREFIX_PATH=/home/dpkings/Multi-map/install/openslam_gmapping:/home/dpkings/eyrc-24-25-logistic-cobot/install/ur_simulation_gazebo:/home/dpkings/eyrc-24-25-logistic-cobot/install/ur_moveit_config:/home/dpkings/eyrc-24-25-logistic-cobot/install/ur_description:/home/dpkings/eyrc-24-25-logistic-cobot/install/servo_msgs:/home/dpkings/eyrc-24-25-logistic-cobot/install/realsense_gazebo_plugin:/home/dpkings/eyrc-24-25-logistic-cobot/install/pymoveit2:/home/dpkings/eyrc-24-25-logistic-cobot/install/ebot_description:/home/dpkings/eyrc-24-25-logistic-cobot/install/payload_service:/home/dpkings/eyrc-24-25-logistic-cobot/install/linkattacher_msgs:/home/dpkings/eyrc-24-25-logistic-cobot/install/eyantra_warehouse:/home/dpkings/eyrc-24-25-logistic-cobot/install/ebot_nav2:/home/dpkings/eyrc-24-25-logistic-cobot/install/ebot_docking:/home/dpkings/eyrc-24-25-logistic-cobot/install/ur5_control:/opt/ros/humble LD_LIBRARY_PATH=/home/dpkings/Multi-map/install/openslam_gmapping/lib:${LD_LIBRARY_PATH} /usr/bin/cmake --build /home/dpkings/Multi-map/build/slam_gmapping -- -j8 -l8
[8.638s] Invoking command in '/home/dpkings/Multi-map/build/slam_gmapping': AMENT_PREFIX_PATH=/home/dpkings/Multi-map/install/openslam_gmapping:${AMENT_PREFIX_PATH} CMAKE_PREFIX_PATH=/home/dpkings/Multi-map/install/openslam_gmapping:/home/dpkings/eyrc-24-25-logistic-cobot/install/ur_simulation_gazebo:/home/dpkings/eyrc-24-25-logistic-cobot/install/ur_moveit_config:/home/dpkings/eyrc-24-25-logistic-cobot/install/ur_description:/home/dpkings/eyrc-24-25-logistic-cobot/install/servo_msgs:/home/dpkings/eyrc-24-25-logistic-cobot/install/realsense_gazebo_plugin:/home/dpkings/eyrc-24-25-logistic-cobot/install/pymoveit2:/home/dpkings/eyrc-24-25-logistic-cobot/install/ebot_description:/home/dpkings/eyrc-24-25-logistic-cobot/install/payload_service:/home/dpkings/eyrc-24-25-logistic-cobot/install/linkattacher_msgs:/home/dpkings/eyrc-24-25-logistic-cobot/install/eyantra_warehouse:/home/dpkings/eyrc-24-25-logistic-cobot/install/ebot_nav2:/home/dpkings/eyrc-24-25-logistic-cobot/install/ebot_docking:/home/dpkings/eyrc-24-25-logistic-cobot/install/ur5_control:/opt/ros/humble LD_LIBRARY_PATH=/home/dpkings/Multi-map/install/openslam_gmapping/lib:${LD_LIBRARY_PATH} /usr/bin/cmake --install /home/dpkings/Multi-map/build/slam_gmapping
[8.646s] -- Install configuration: ""
[8.646s] -- Execute custom install script
[8.647s] -- Up-to-date symlink: /home/dpkings/Multi-map/install/slam_gmapping/lib/slam_gmapping/slam_gmapping
[8.647s] -- Up-to-date symlink: /home/dpkings/Multi-map/install/slam_gmapping/share/slam_gmapping/launch/slam_gmapping.launch.py
[8.647s] -- Up-to-date symlink: /home/dpkings/Multi-map/install/slam_gmapping/share/ament_index/resource_index/package_run_dependencies/slam_gmapping
[8.647s] -- Up-to-date symlink: /home/dpkings/Multi-map/install/slam_gmapping/share/ament_index/resource_index/parent_prefix_path/slam_gmapping
[8.648s] -- Up-to-date symlink: /home/dpkings/Multi-map/install/slam_gmapping/share/slam_gmapping/environment/ament_prefix_path.sh
[8.648s] -- Up-to-date symlink: /home/dpkings/Multi-map/install/slam_gmapping/share/slam_gmapping/environment/ament_prefix_path.dsv
[8.648s] -- Up-to-date symlink: /home/dpkings/Multi-map/install/slam_gmapping/share/slam_gmapping/environment/path.sh
[8.648s] -- Up-to-date symlink: /home/dpkings/Multi-map/install/slam_gmapping/share/slam_gmapping/environment/path.dsv
[8.648s] -- Up-to-date symlink: /home/dpkings/Multi-map/install/slam_gmapping/share/slam_gmapping/local_setup.bash
[8.648s] -- Up-to-date symlink: /home/dpkings/Multi-map/install/slam_gmapping/share/slam_gmapping/local_setup.sh
[8.648s] -- Up-to-date symlink: /home/dpkings/Multi-map/install/slam_gmapping/share/slam_gmapping/local_setup.zsh
[8.648s] -- Up-to-date symlink: /home/dpkings/Multi-map/install/slam_gmapping/share/slam_gmapping/local_setup.dsv
[8.649s] -- Symlinking: /home/dpkings/Multi-map/install/slam_gmapping/share/slam_gmapping/package.dsv
[8.658s] -- Up-to-date symlink: /home/dpkings/Multi-map/install/slam_gmapping/share/ament_index/resource_index/packages/slam_gmapping
[8.658s] -- Up-to-date symlink: /home/dpkings/Multi-map/install/slam_gmapping/share/slam_gmapping/cmake/slam_gmappingConfig.cmake
[8.658s] -- Up-to-date symlink: /home/dpkings/Multi-map/install/slam_gmapping/share/slam_gmapping/cmake/slam_gmappingConfig-version.cmake
[8.658s] -- Up-to-date symlink: /home/dpkings/Multi-map/install/slam_gmapping/share/slam_gmapping/package.xml
[8.660s] Invoked command in '/home/dpkings/Multi-map/build/slam_gmapping' returned '0': AMENT_PREFIX_PATH=/home/dpkings/Multi-map/install/openslam_gmapping:${AMENT_PREFIX_PATH} CMAKE_PREFIX_PATH=/home/dpkings/Multi-map/install/openslam_gmapping:/home/dpkings/eyrc-24-25-logistic-cobot/install/ur_simulation_gazebo:/home/dpkings/eyrc-24-25-logistic-cobot/install/ur_moveit_config:/home/dpkings/eyrc-24-25-logistic-cobot/install/ur_description:/home/dpkings/eyrc-24-25-logistic-cobot/install/servo_msgs:/home/dpkings/eyrc-24-25-logistic-cobot/install/realsense_gazebo_plugin:/home/dpkings/eyrc-24-25-logistic-cobot/install/pymoveit2:/home/dpkings/eyrc-24-25-logistic-cobot/install/ebot_description:/home/dpkings/eyrc-24-25-logistic-cobot/install/payload_service:/home/dpkings/eyrc-24-25-logistic-cobot/install/linkattacher_msgs:/home/dpkings/eyrc-24-25-logistic-cobot/install/eyantra_warehouse:/home/dpkings/eyrc-24-25-logistic-cobot/install/ebot_nav2:/home/dpkings/eyrc-24-25-logistic-cobot/install/ebot_docking:/home/dpkings/eyrc-24-25-logistic-cobot/install/ur5_control:/opt/ros/humble LD_LIBRARY_PATH=/home/dpkings/Multi-map/install/openslam_gmapping/lib:${LD_LIBRARY_PATH} /usr/bin/cmake --install /home/dpkings/Multi-map/build/slam_gmapping
