--2024-11-08 02:02:41--  https://raw.githubusercontent.com/hrnr/m-explore-extra/master/map_merge/hector_maps/map00.pgm
Resolving raw.githubusercontent.com (raw.githubusercontent.com)... 185.199.111.133, 185.199.109.133, 185.199.108.133, ...
Connecting to raw.githubusercontent.com (raw.githubusercontent.com)|185.199.111.133|:443... connected.
HTTP request sent, awaiting response... 200 OK
Length: 4194362 (4.0M) [application/octet-stream]
Saving to: ‘/home/dpkings/Multi-map/build/multirobot_map_merge/map00.pgm’

     0K .......... .......... .......... .......... ..........  1% 1.59M 2s
    50K .......... .......... .......... .......... ..........  2% 4.81M 2s
   100K .......... .......... .......... .......... ..........  3% 7.46M 1s
   150K .......... .......... .......... .......... ..........  4% 6.17M 1s
   200K .......... .......... .......... .......... ..........  6% 13.5M 1s
   250K .......... .......... .......... .......... ..........  7% 5.91M 1s
   300K .......... .......... .......... .......... ..........  8% 16.3M 1s
   350K .......... .......... .......... .......... ..........  9% 11.6M 1s
   400K .......... .......... .......... .......... .......... 10% 9.14M 1s
   450K .......... .......... .......... .......... .......... 12% 15.2M 1s
   500K .......... .......... .......... .......... .......... 13% 84.1M 1s
   550K .......... .......... .......... .......... .......... 14% 9.49M 1s
   600K .......... .......... .......... .......... .......... 15% 7.17M 1s
   650K .......... .......... .......... .......... .......... 17% 11.6M 0s
   700K .......... .......... .......... .......... .......... 18%  116M 0s
   750K .......... .......... .......... .......... .......... 19% 20.4M 0s
   800K .......... .......... .......... .......... .......... 20% 14.0M 0s
   850K .......... .......... .......... .......... .......... 21% 6.28M 0s
   900K .......... .......... .......... .......... .......... 23% 82.6M 0s
   950K .......... .......... .......... .......... .......... 24% 16.9M 0s
  1000K .......... .......... .......... .......... .......... 25% 44.1M 0s
  1050K .......... .......... .......... .......... .......... 26% 4.90M 0s
  1100K .......... .......... .......... .......... .......... 28%  136M 0s
  1150K .......... .......... .......... .......... .......... 29%  119M 0s
  1200K .......... .......... .......... .......... .......... 30% 10.5M 0s
  1250K .......... .......... .......... .......... .......... 31% 64.6M 0s
  1300K .......... .......... .......... .......... .......... 32% 49.3M 0s
  1350K .......... .......... .......... .......... .......... 34% 6.77M 0s
  1400K .......... .......... .......... .......... .......... 35% 7.96M 0s
  1450K .......... .......... .......... .......... .......... 36%  103M 0s
  1500K .......... .......... .......... .......... .......... 37% 35.6M 0s
  1550K .......... .......... .......... .......... .......... 39% 54.5M 0s
  1600K .......... .......... .......... .......... .......... 40%  223M 0s
  1650K .......... .......... .......... .......... .......... 41% 88.4M 0s
  1700K .......... .......... .......... .......... .......... 42%  126M 0s
  1750K .......... .......... .......... .......... .......... 43% 8.39M 0s
  1800K .......... .......... .......... .......... .......... 45% 52.0M 0s
  1850K .......... .......... .......... .......... .......... 46% 18.7M 0s
  1900K .......... .......... .......... .......... .......... 47%  169M 0s
  1950K .......... .......... .......... .......... .......... 48% 91.5M 0s
  2000K .......... .......... .......... .......... .......... 50% 6.46M 0s
  2050K .......... .......... .......... .......... .......... 51%  116M 0s
  2100K .......... .......... .......... .......... .......... 52%  135M 0s
  2150K .......... .......... .......... .......... .......... 53% 95.7M 0s
  2200K .......... .......... .......... .......... .......... 54% 16.6M 0s
  2250K .......... .......... .......... .......... .......... 56% 60.6M 0s
  2300K .......... .......... .......... .......... .......... 57% 38.5M 0s
  2350K .......... .......... .......... .......... .......... 58% 72.1M 0s
  2400K .......... .......... .......... .......... .......... 59% 25.4M 0s
  2450K .......... .......... .......... .......... .......... 61%  129M 0s
  2500K .......... .......... .......... .......... .......... 62%  138M 0s
  2550K .......... .......... .......... .......... .......... 63% 36.0M 0s
  2600K .......... .......... .......... .......... .......... 64% 37.0M 0s
  2650K .......... .......... .......... .......... .......... 65%  137M 0s
  2700K .......... .......... .......... .......... .......... 67% 94.0M 0s
  2750K .......... .......... .......... .......... .......... 68% 8.31M 0s
  2800K .......... .......... .......... .......... .......... 69% 28.4M 0s
  2850K .......... .......... .......... .......... .......... 70% 78.4M 0s
  2900K .......... .......... .......... .......... .......... 72% 82.7M 0s
  2950K .......... .......... .......... .......... .......... 73% 59.7M 0s
  3000K .......... .......... .......... .......... .......... 74% 46.8M 0s
  3050K .......... .......... .......... .......... .......... 75%  192M 0s
  3100K .......... .......... .......... .......... .......... 76%  118M 0s
  3150K .......... .......... .......... .......... .......... 78% 75.4M 0s
  3200K .......... .......... .......... .......... .......... 79% 85.2M 0s
  3250K .......... .......... .......... .......... .......... 80% 85.1M 0s
  3300K .......... .......... .......... .......... .......... 81% 78.6M 0s
  3350K .......... .......... .......... .......... .......... 83% 67.3M 0s
  3400K .......... .......... .......... .......... .......... 84% 76.6M 0s
  3450K .......... .......... .......... .......... .......... 85% 87.8M 0s
  3500K .......... .......... .......... .......... .......... 86% 8.86M 0s
  3550K .......... .......... .......... .......... .......... 87% 73.6M 0s
  3600K .......... .......... .......... .......... .......... 89%  143M 0s
  3650K .......... .......... .......... .......... .......... 90% 39.9M 0s
  3700K .......... .......... .......... .......... .......... 91% 13.0M 0s
  3750K .......... .......... .......... .......... .......... 92% 94.2M 0s
  3800K .......... .......... .......... .......... .......... 93%  107M 0s
  3850K .......... .......... .......... .......... .......... 95%  117M 0s
  3900K .......... .......... .......... .......... .......... 96% 72.6M 0s
  3950K .......... .......... .......... .......... .......... 97%  116M 0s
  4000K .......... .......... .......... .......... .......... 98%  111M 0s
  4050K .......... .......... .......... .......... ......    100%  140M=0.2s

2024-11-08 02:02:42 (18.7 MB/s) - ‘/home/dpkings/Multi-map/build/multirobot_map_merge/map00.pgm’ saved [4194362/4194362]

--2024-11-08 02:02:42--  https://raw.githubusercontent.com/hrnr/m-explore-extra/master/map_merge/hector_maps/map05.pgm
Resolving raw.githubusercontent.com (raw.githubusercontent.com)... 185.199.111.133, 185.199.108.133, 185.199.110.133, ...
Connecting to raw.githubusercontent.com (raw.githubusercontent.com)|185.199.111.133|:443... connected.
HTTP request sent, awaiting response... 200 OK
Length: 4194362 (4.0M) [application/octet-stream]
Saving to: ‘/home/dpkings/Multi-map/build/multirobot_map_merge/map05.pgm’

     0K .......... .......... .......... .......... ..........  1% 1.67M 2s
    50K .......... .......... .......... .......... ..........  2% 8.15M 1s
   100K .......... .......... .......... .......... ..........  3% 4.44M 1s
   150K .......... .......... .......... .......... ..........  4% 14.1M 1s
   200K .......... .......... .......... .......... ..........  6% 12.5M 1s
   250K .......... .......... .......... .......... ..........  7% 73.9M 1s
   300K .......... .......... .......... .......... ..........  8% 6.06M 1s
   350K .......... .......... .......... .......... ..........  9% 26.6M 1s
   400K .......... .......... .......... .......... .......... 10% 7.00M 1s
   450K .......... .......... .......... .......... .......... 12%  115M 1s
   500K .......... .......... .......... .......... .......... 13% 7.57M 1s
   550K .......... .......... .......... .......... .......... 14% 51.6M 0s
   600K .......... .......... .......... .......... .......... 15% 34.1M 0s
   650K .......... .......... .......... .......... .......... 17% 66.7M 0s
   700K .......... .......... .......... .......... .......... 18% 10.5M 0s
   750K .......... .......... .......... .......... .......... 19% 39.4M 0s
   800K .......... .......... .......... .......... .......... 20% 5.94M 0s
   850K .......... .......... .......... .......... .......... 21% 51.5M 0s
   900K .......... .......... .......... .......... .......... 23%  101M 0s
   950K .......... .......... .......... .......... .......... 24% 19.5M 0s
  1000K .......... .......... .......... .......... .......... 25%  129M 0s
  1050K .......... .......... .......... .......... .......... 26% 15.5M 0s
  1100K .......... .......... .......... .......... .......... 28% 3.02M 0s
  1150K .......... .......... .......... .......... .......... 29% 32.0M 0s
  1200K .......... .......... .......... .......... .......... 30% 83.0M 0s
  1250K .......... .......... .......... .......... .......... 31%  136M 0s
  1300K .......... .......... .......... .......... .......... 32%  124M 0s
  1350K .......... .......... .......... .......... .......... 34% 95.4M 0s
  1400K .......... .......... .......... .......... .......... 35% 76.7M 0s
  1450K .......... .......... .......... .......... .......... 36% 58.9M 0s
  1500K .......... .......... .......... .......... .......... 37%  120M 0s
  1550K .......... .......... .......... .......... .......... 39% 98.4M 0s
  1600K .......... .......... .......... .......... .......... 40%  101M 0s
  1650K .......... .......... .......... .......... .......... 41% 48.4M 0s
  1700K .......... .......... .......... .......... .......... 42% 95.5M 0s
  1750K .......... .......... .......... .......... .......... 43% 5.42M 0s
  1800K .......... .......... .......... .......... .......... 45% 61.0M 0s
  1850K .......... .......... .......... .......... .......... 46%  111M 0s
  1900K .......... .......... .......... .......... .......... 47% 17.9M 0s
  1950K .......... .......... .......... .......... .......... 48% 95.2M 0s
  2000K .......... .......... .......... .......... .......... 50% 89.7M 0s
  2050K .......... .......... .......... .......... .......... 51% 11.0M 0s
  2100K .......... .......... .......... .......... .......... 52% 25.2M 0s
  2150K .......... .......... .......... .......... .......... 53%  137M 0s
  2200K .......... .......... .......... .......... .......... 54% 24.4M 0s
  2250K .......... .......... .......... .......... .......... 56%  151M 0s
  2300K .......... .......... .......... .......... .......... 57% 99.5M 0s
  2350K .......... .......... .......... .......... .......... 58% 31.2M 0s
  2400K .......... .......... .......... .......... .......... 59% 33.0M 0s
  2450K .......... .......... .......... .......... .......... 61%  106M 0s
  2500K .......... .......... .......... .......... .......... 62% 63.2M 0s
  2550K .......... .......... .......... .......... .......... 63% 94.6M 0s
  2600K .......... .......... .......... .......... .......... 64% 67.3M 0s
  2650K .......... .......... .......... .......... .......... 65%  126M 0s
  2700K .......... .......... .......... .......... .......... 67%  111M 0s
  2750K .......... .......... .......... .......... .......... 68% 98.4M 0s
  2800K .......... .......... .......... .......... .......... 69% 67.9M 0s
  2850K .......... .......... .......... .......... .......... 70% 96.7M 0s
  2900K .......... .......... .......... .......... .......... 72% 68.6M 0s
  2950K .......... .......... .......... .......... .......... 73%  114M 0s
  3000K .......... .......... .......... .......... .......... 74%  126M 0s
  3050K .......... .......... .......... .......... .......... 75% 91.9M 0s
  3100K .......... .......... .......... .......... .......... 76% 92.3M 0s
  3150K .......... .......... .......... .......... .......... 78% 13.8M 0s
  3200K .......... .......... .......... .......... .......... 79% 56.9M 0s
  3250K .......... .......... .......... .......... .......... 80% 99.4M 0s
  3300K .......... .......... .......... .......... .......... 81% 29.7M 0s
  3350K .......... .......... .......... .......... .......... 83% 2.65M 0s
  3400K .......... .......... .......... .......... .......... 84%  104M 0s
  3450K .......... .......... .......... .......... .......... 85% 33.5M 0s
  3500K .......... .......... .......... .......... .......... 86% 68.9M 0s
  3550K .......... .......... .......... .......... .......... 87% 32.0M 0s
  3600K .......... .......... .......... .......... .......... 89%  127M 0s
  3650K .......... .......... .......... .......... .......... 90%  105M 0s
  3700K .......... .......... .......... .......... .......... 91%  123M 0s
  3750K .......... .......... .......... .......... .......... 92% 63.4M 0s
  3800K .......... .......... .......... .......... .......... 93% 16.8M 0s
  3850K .......... .......... .......... .......... .......... 95%  103M 0s
  3900K .......... .......... .......... .......... .......... 96% 80.6M 0s
  3950K .......... .......... .......... .......... .......... 97% 54.7M 0s
  4000K .......... .......... .......... .......... .......... 98% 71.5M 0s
  4050K .......... .......... .......... .......... ......    100%  121M=0.2s

2024-11-08 02:02:43 (20.2 MB/s) - ‘/home/dpkings/Multi-map/build/multirobot_map_merge/map05.pgm’ saved [4194362/4194362]

--2024-11-08 02:02:43--  https://raw.githubusercontent.com/hrnr/m-explore-extra/master/map_merge/gmapping_maps/2011-08-09-12-22-52.pgm
Resolving raw.githubusercontent.com (raw.githubusercontent.com)... 185.199.108.133, 185.199.109.133, 185.199.110.133, ...
Connecting to raw.githubusercontent.com (raw.githubusercontent.com)|185.199.108.133|:443... connected.
HTTP request sent, awaiting response... 200 OK
Length: 16000058 (15M) [application/octet-stream]
Saving to: ‘/home/dpkings/Multi-map/build/multirobot_map_merge/2011-08-09-12-22-52.pgm’

     0K .......... .......... .......... .......... ..........  0% 1.65M 9s
    50K .......... .......... .......... .......... ..........  0% 4.08M 6s
   100K .......... .......... .......... .......... ..........  0% 8.42M 5s
   150K .......... .......... .......... .......... ..........  1% 6.00M 4s
   200K .......... .......... .......... .......... ..........  1% 6.72M 4s
   250K .......... .......... .......... .......... ..........  1% 17.9M 3s
   300K .......... .......... .......... .......... ..........  2% 8.56M 3s
   350K .......... .......... .......... .......... ..........  2% 4.71M 3s
   400K .......... .......... .......... .......... ..........  2% 12.9M 3s
   450K .......... .......... .......... .......... ..........  3% 21.4M 3s
   500K .......... .......... .......... .......... ..........  3% 21.6M 2s
   550K .......... .......... .......... .......... ..........  3% 12.6M 2s
   600K .......... .......... .......... .......... ..........  4% 54.2M 2s
   650K .......... .......... .......... .......... ..........  4% 10.7M 2s
   700K .......... .......... .......... .......... ..........  4% 10.7M 2s
   750K .......... .......... .......... .......... ..........  5% 11.1M 2s
   800K .......... .......... .......... .......... ..........  5% 14.4M 2s
   850K .......... .......... .......... .......... ..........  5% 15.1M 2s
   900K .......... .......... .......... .......... ..........  6%  103M 2s
   950K .......... .......... .......... .......... ..........  6% 10.9M 2s
  1000K .......... .......... .......... .......... ..........  6% 7.22M 2s
  1050K .......... .......... .......... .......... ..........  7% 65.5M 2s
  1100K .......... .......... .......... .......... ..........  7% 14.4M 2s
  1150K .......... .......... .......... .......... ..........  7%  143M 2s
  1200K .......... .......... .......... .......... ..........  7% 30.7M 2s
  1250K .......... .......... .......... .......... ..........  8% 62.6M 1s
  1300K .......... .......... .......... .......... ..........  8%  124M 1s
  1350K .......... .......... .......... .......... ..........  8% 13.8M 1s
  1400K .......... .......... .......... .......... ..........  9%  132M 1s
  1450K .......... .......... .......... .......... ..........  9% 20.9M 1s
  1500K .......... .......... .......... .......... ..........  9% 6.41M 1s
  1550K .......... .......... .......... .......... .......... 10%  103M 1s
  1600K .......... .......... .......... .......... .......... 10% 73.6M 1s
  1650K .......... .......... .......... .......... .......... 10% 16.9M 1s
  1700K .......... .......... .......... .......... .......... 11% 63.6M 1s
  1750K .......... .......... .......... .......... .......... 11% 17.8M 1s
  1800K .......... .......... .......... .......... .......... 11% 69.0M 1s
  1850K .......... .......... .......... .......... .......... 12%  125M 1s
  1900K .......... .......... .......... .......... .......... 12%  127M 1s
  1950K .......... .......... .......... .......... .......... 12% 28.0M 1s
  2000K .......... .......... .......... .......... .......... 13% 49.7M 1s
  2050K .......... .......... .......... .......... .......... 13%  113M 1s
  2100K .......... .......... .......... .......... .......... 13% 40.6M 1s
  2150K .......... .......... .......... .......... .......... 14% 9.80M 1s
  2200K .......... .......... .......... .......... .......... 14% 59.3M 1s
  2250K .......... .......... .......... .......... .......... 14% 83.1M 1s
  2300K .......... .......... .......... .......... .......... 15% 65.5M 1s
  2350K .......... .......... .......... .......... .......... 15% 44.9M 1s
  2400K .......... .......... .......... .......... .......... 15% 46.5M 1s
  2450K .......... .......... .......... .......... .......... 15% 53.1M 1s
  2500K .......... .......... .......... .......... .......... 16% 17.5M 1s
  2550K .......... .......... .......... .......... .......... 16% 96.2M 1s
  2600K .......... .......... .......... .......... .......... 16% 57.5M 1s
  2650K .......... .......... .......... .......... .......... 17% 36.1M 1s
  2700K .......... .......... .......... .......... .......... 17% 86.2M 1s
  2750K .......... .......... .......... .......... .......... 17% 60.6M 1s
  2800K .......... .......... .......... .......... .......... 18% 66.9M 1s
  2850K .......... .......... .......... .......... .......... 18% 41.8M 1s
  2900K .......... .......... .......... .......... .......... 18% 98.3M 1s
  2950K .......... .......... .......... .......... .......... 19% 47.3M 1s
  3000K .......... .......... .......... .......... .......... 19% 40.8M 1s
  3050K .......... .......... .......... .......... .......... 19% 45.2M 1s
  3100K .......... .......... .......... .......... .......... 20% 90.2M 1s
  3150K .......... .......... .......... .......... .......... 20% 69.4M 1s
  3200K .......... .......... .......... .......... .......... 20% 45.4M 1s
  3250K .......... .......... .......... .......... .......... 21% 34.5M 1s
  3300K .......... .......... .......... .......... .......... 21% 76.1M 1s
  3350K .......... .......... .......... .......... .......... 21% 78.6M 1s
  3400K .......... .......... .......... .......... .......... 22% 24.7M 1s
  3450K .......... .......... .......... .......... .......... 22% 20.7M 1s
  3500K .......... .......... .......... .......... .......... 22% 77.3M 1s
  3550K .......... .......... .......... .......... .......... 23%  124M 1s
  3600K .......... .......... .......... .......... .......... 23% 69.7M 1s
  3650K .......... .......... .......... .......... .......... 23% 98.5M 1s
  3700K .......... .......... .......... .......... .......... 23% 70.5M 1s
  3750K .......... .......... .......... .......... .......... 24%  120M 1s
  3800K .......... .......... .......... .......... .......... 24%  126M 1s
  3850K .......... .......... .......... .......... .......... 24%  123M 1s
  3900K .......... .......... .......... .......... .......... 25%  116M 1s
  3950K .......... .......... .......... .......... .......... 25% 41.4M 1s
  4000K .......... .......... .......... .......... .......... 25% 39.1M 1s
  4050K .......... .......... .......... .......... .......... 26% 64.0M 1s
  4100K .......... .......... .......... .......... .......... 26%  114M 1s
  4150K .......... .......... .......... .......... .......... 26% 44.5M 1s
  4200K .......... .......... .......... .......... .......... 27% 36.0M 1s
  4250K .......... .......... .......... .......... .......... 27%  113M 1s
  4300K .......... .......... .......... .......... .......... 27% 95.0M 1s
  4350K .......... .......... .......... .......... .......... 28% 42.5M 1s
  4400K .......... .......... .......... .......... .......... 28% 34.8M 1s
  4450K .......... .......... .......... .......... .......... 28% 23.9M 1s
  4500K .......... .......... .......... .......... .......... 29% 57.7M 1s
  4550K .......... .......... .......... .......... .......... 29% 68.2M 1s
  4600K .......... .......... .......... .......... .......... 29% 59.5M 0s
  4650K .......... .......... .......... .......... .......... 30% 52.0M 0s
  4700K .......... .......... .......... .......... .......... 30%  149M 0s
  4750K .......... .......... .......... .......... .......... 30%  115M 0s
  4800K .......... .......... .......... .......... .......... 31% 71.3M 0s
  4850K .......... .......... .......... .......... .......... 31% 54.3M 0s
  4900K .......... .......... .......... .......... .......... 31% 19.4M 0s
  4950K .......... .......... .......... .......... .......... 31%  127M 0s
  5000K .......... .......... .......... .......... .......... 32%  116M 0s
  5050K .......... .......... .......... .......... .......... 32% 15.9M 0s
  5100K .......... .......... .......... .......... .......... 32%  171M 0s
  5150K .......... .......... .......... .......... .......... 33%  130M 0s
  5200K .......... .......... .......... .......... .......... 33% 34.2M 0s
  5250K .......... .......... .......... .......... .......... 33%  124M 0s
  5300K .......... .......... .......... .......... .......... 34% 71.0M 0s
  5350K .......... .......... .......... .......... .......... 34%  129M 0s
  5400K .......... .......... .......... .......... .......... 34%  115M 0s
  5450K .......... .......... .......... .......... .......... 35% 19.3M 0s
  5500K .......... .......... .......... .......... .......... 35%  120M 0s
  5550K .......... .......... .......... .......... .......... 35%  128M 0s
  5600K .......... .......... .......... .......... .......... 36% 19.2M 0s
  5650K .......... .......... .......... .......... .......... 36% 33.9M 0s
  5700K .......... .......... .......... .......... .......... 36%  144M 0s
  5750K .......... .......... .......... .......... .......... 37%  108M 0s
  5800K .......... .......... .......... .......... .......... 37%  124M 0s
  5850K .......... .......... .......... .......... .......... 37%  100M 0s
  5900K .......... .......... .......... .......... .......... 38%  129M 0s
  5950K .......... .......... .......... .......... .......... 38% 32.8M 0s
  6000K .......... .......... .......... .......... .......... 38%  127M 0s
  6050K .......... .......... .......... .......... .......... 39%  134M 0s
  6100K .......... .......... .......... .......... .......... 39% 96.1M 0s
  6150K .......... .......... .......... .......... .......... 39% 75.5M 0s
  6200K .......... .......... .......... .......... .......... 39% 42.8M 0s
  6250K .......... .......... .......... .......... .......... 40%  123M 0s
  6300K .......... .......... .......... .......... .......... 40%  132M 0s
  6350K .......... .......... .......... .......... .......... 40%  116M 0s
  6400K .......... .......... .......... .......... .......... 41% 91.5M 0s
  6450K .......... .......... .......... .......... .......... 41% 19.1M 0s
  6500K .......... .......... .......... .......... .......... 41%  129M 0s
  6550K .......... .......... .......... .......... .......... 42%  125M 0s
  6600K .......... .......... .......... .......... .......... 42%  118M 0s
  6650K .......... .......... .......... .......... .......... 42% 98.0M 0s
  6700K .......... .......... .......... .......... .......... 43% 34.4M 0s
  6750K .......... .......... .......... .......... .......... 43%  127M 0s
  6800K .......... .......... .......... .......... .......... 43% 44.3M 0s
  6850K .......... .......... .......... .......... .......... 44% 29.9M 0s
  6900K .......... .......... .......... .......... .......... 44%  135M 0s
  6950K .......... .......... .......... .......... .......... 44% 17.5M 0s
  7000K .......... .......... .......... .......... .......... 45%  119M 0s
  7050K .......... .......... .......... .......... .......... 45% 32.5M 0s
  7100K .......... .......... .......... .......... .......... 45%  114M 0s
  7150K .......... .......... .......... .......... .......... 46% 21.3M 0s
  7200K .......... .......... .......... .......... .......... 46% 34.5M 0s
  7250K .......... .......... .......... .......... .......... 46%  120M 0s
  7300K .......... .......... .......... .......... .......... 47%  114M 0s
  7350K .......... .......... .......... .......... .......... 47%  129M 0s
  7400K .......... .......... .......... .......... .......... 47% 98.0M 0s
  7450K .......... .......... .......... .......... .......... 47%  116M 0s
  7500K .......... .......... .......... .......... .......... 48%  104M 0s
  7550K .......... .......... .......... .......... .......... 48%  124M 0s
  7600K .......... .......... .......... .......... .......... 48% 81.0M 0s
  7650K .......... .......... .......... .......... .......... 49%  125M 0s
  7700K .......... .......... .......... .......... .......... 49% 30.1M 0s
  7750K .......... .......... .......... .......... .......... 49%  122M 0s
  7800K .......... .......... .......... .......... .......... 50%  125M 0s
  7850K .......... .......... .......... .......... .......... 50% 32.9M 0s
  7900K .......... .......... .......... .......... .......... 50%  126M 0s
  7950K .......... .......... .......... .......... .......... 51% 93.7M 0s
  8000K .......... .......... .......... .......... .......... 51% 15.9M 0s
  8050K .......... .......... .......... .......... .......... 51% 90.5M 0s
  8100K .......... .......... .......... .......... .......... 52%  194M 0s
  8150K .......... .......... .......... .......... .......... 52%  100M 0s
  8200K .......... .......... .......... .......... .......... 52%  116M 0s
  8250K .......... .......... .......... .......... .......... 53% 15.8M 0s
  8300K .......... .......... .......... .......... .......... 53%  118M 0s
  8350K .......... .......... .......... .......... .......... 53% 38.3M 0s
  8400K .......... .......... .......... .......... .......... 54% 76.8M 0s
  8450K .......... .......... .......... .......... .......... 54%  124M 0s
  8500K .......... .......... .......... .......... .......... 54% 26.0M 0s
  8550K .......... .......... .......... .......... .......... 55%  119M 0s
  8600K .......... .......... .......... .......... .......... 55%  120M 0s
  8650K .......... .......... .......... .......... .......... 55%  122M 0s
  8700K .......... .......... .......... .......... .......... 55% 92.7M 0s
  8750K .......... .......... .......... .......... .......... 56% 37.9M 0s
  8800K .......... .......... .......... .......... .......... 56% 82.1M 0s
  8850K .......... .......... .......... .......... .......... 56%  128M 0s
  8900K .......... .......... .......... .......... .......... 57% 14.9M 0s
  8950K .......... .......... .......... .......... .......... 57%  124M 0s
  9000K .......... .......... .......... .......... .......... 57%  105M 0s
  9050K .......... .......... .......... .......... .......... 58% 78.2M 0s
  9100K .......... .......... .......... .......... .......... 58%  123M 0s
  9150K .......... .......... .......... .......... .......... 58% 99.0M 0s
  9200K .......... .......... .......... .......... .......... 59%  102M 0s
  9250K .......... .......... .......... .......... .......... 59%  129M 0s
  9300K .......... .......... .......... .......... .......... 59% 96.9M 0s
  9350K .......... .......... .......... .......... .......... 60%  126M 0s
  9400K .......... .......... .......... .......... .......... 60%  120M 0s
  9450K .......... .......... .......... .......... .......... 60%  114M 0s
  9500K .......... .......... .......... .......... .......... 61% 24.5M 0s
  9550K .......... .......... .......... .......... .......... 61%  110M 0s
  9600K .......... .......... .......... .......... .......... 61% 70.4M 0s
  9650K .......... .......... .......... .......... .......... 62%  123M 0s
  9700K .......... .......... .......... .......... .......... 62% 98.0M 0s
  9750K .......... .......... .......... .......... .......... 62% 23.7M 0s
  9800K .......... .......... .......... .......... .......... 63%  102M 0s
  9850K .......... .......... .......... .......... .......... 63%  121M 0s
  9900K .......... .......... .......... .......... .......... 63%  123M 0s
  9950K .......... .......... .......... .......... .......... 63%  127M 0s
 10000K .......... .......... .......... .......... .......... 64% 23.1M 0s
 10050K .......... .......... .......... .......... .......... 64% 84.3M 0s
 10100K .......... .......... .......... .......... .......... 64%  228M 0s
 10150K .......... .......... .......... .......... .......... 65%  134M 0s
 10200K .......... .......... .......... .......... .......... 65%  102M 0s
 10250K .......... .......... .......... .......... .......... 65% 16.0M 0s
 10300K .......... .......... .......... .......... .......... 66%  164M 0s
 10350K .......... .......... .......... .......... .......... 66% 55.0M 0s
 10400K .......... .......... .......... .......... .......... 66%  105M 0s
 10450K .......... .......... .......... .......... .......... 67% 99.8M 0s
 10500K .......... .......... .......... .......... .......... 67% 34.7M 0s
 10550K .......... .......... .......... .......... .......... 67% 30.9M 0s
 10600K .......... .......... .......... .......... .......... 68% 88.6M 0s
 10650K .......... .......... .......... .......... .......... 68%  119M 0s
 10700K .......... .......... .......... .......... .......... 68%  121M 0s
 10750K .......... .......... .......... .......... .......... 69%  120M 0s
 10800K .......... .......... .......... .......... .......... 69% 47.6M 0s
 10850K .......... .......... .......... .......... .......... 69% 30.7M 0s
 10900K .......... .......... .......... .......... .......... 70%  129M 0s
 10950K .......... .......... .......... .......... .......... 70%  124M 0s
 11000K .......... .......... .......... .......... .......... 70%  104M 0s
 11050K .......... .......... .......... .......... .......... 71% 21.2M 0s
 11100K .......... .......... .......... .......... .......... 71%  106M 0s
 11150K .......... .......... .......... .......... .......... 71%  119M 0s
 11200K .......... .......... .......... .......... .......... 71% 82.8M 0s
 11250K .......... .......... .......... .......... .......... 72%  119M 0s
 11300K .......... .......... .......... .......... .......... 72% 43.8M 0s
 11350K .......... .......... .......... .......... .......... 72%  114M 0s
 11400K .......... .......... .......... .......... .......... 73% 26.7M 0s
 11450K .......... .......... .......... .......... .......... 73% 52.5M 0s
 11500K .......... .......... .......... .......... .......... 73%  131M 0s
 11550K .......... .......... .......... .......... .......... 74% 26.9M 0s
 11600K .......... .......... .......... .......... .......... 74% 94.1M 0s
 11650K .......... .......... .......... .......... .......... 74% 94.7M 0s
 11700K .......... .......... .......... .......... .......... 75% 55.7M 0s
 11750K .......... .......... .......... .......... .......... 75% 80.9M 0s
 11800K .......... .......... .......... .......... .......... 75% 23.0M 0s
 11850K .......... .......... .......... .......... .......... 76%  102M 0s
 11900K .......... .......... .......... .......... .......... 76%  113M 0s
 11950K .......... .......... .......... .......... .......... 76% 92.3M 0s
 12000K .......... .......... .......... .......... .......... 77%  103M 0s
 12050K .......... .......... .......... .......... .......... 77% 32.6M 0s
 12100K .......... .......... .......... .......... .......... 77%  118M 0s
 12150K .......... .......... .......... .......... .......... 78%  124M 0s
 12200K .......... .......... .......... .......... .......... 78% 92.8M 0s
 12250K .......... .......... .......... .......... .......... 78%  184M 0s
 12300K .......... .......... .......... .......... .......... 79% 39.7M 0s
 12350K .......... .......... .......... .......... .......... 79%  129M 0s
 12400K .......... .......... .......... .......... .......... 79% 83.3M 0s
 12450K .......... .......... .......... .......... .......... 79%  121M 0s
 12500K .......... .......... .......... .......... .......... 80% 94.0M 0s
 12550K .......... .......... .......... .......... .......... 80% 51.0M 0s
 12600K .......... .......... .......... .......... .......... 80%  103M 0s
 12650K .......... .......... .......... .......... .......... 81%  119M 0s
 12700K .......... .......... .......... .......... .......... 81%  132M 0s
 12750K .......... .......... .......... .......... .......... 81%  126M 0s
 12800K .......... .......... .......... .......... .......... 82% 35.4M 0s
 12850K .......... .......... .......... .......... .......... 82% 97.7M 0s
 12900K .......... .......... .......... .......... .......... 82%  119M 0s
 12950K .......... .......... .......... .......... .......... 83%  127M 0s
 13000K .......... .......... .......... .......... .......... 83%  126M 0s
 13050K .......... .......... .......... .......... .......... 83% 14.3M 0s
 13100K .......... .......... .......... .......... .......... 84%  203M 0s
 13150K .......... .......... .......... .......... .......... 84% 99.1M 0s
 13200K .......... .......... .......... .......... .......... 84% 79.3M 0s
 13250K .......... .......... .......... .......... .......... 85%  128M 0s
 13300K .......... .......... .......... .......... .......... 85% 38.1M 0s
 13350K .......... .......... .......... .......... .......... 85%  143M 0s
 13400K .......... .......... .......... .......... .......... 86% 92.7M 0s
 13450K .......... .......... .......... .......... .......... 86%  126M 0s
 13500K .......... .......... .......... .......... .......... 86%  121M 0s
 13550K .......... .......... .......... .......... .......... 87%  115M 0s
 13600K .......... .......... .......... .......... .......... 87% 20.4M 0s
 13650K .......... .......... .......... .......... .......... 87%  136M 0s
 13700K .......... .......... .......... .......... .......... 87% 38.9M 0s
 13750K .......... .......... .......... .......... .......... 88%  123M 0s
 13800K .......... .......... .......... .......... .......... 88%  116M 0s
 13850K .......... .......... .......... .......... .......... 88% 31.1M 0s
 13900K .......... .......... .......... .......... .......... 89%  102M 0s
 13950K .......... .......... .......... .......... .......... 89%  127M 0s
 14000K .......... .......... .......... .......... .......... 89%  104M 0s
 14050K .......... .......... .......... .......... .......... 90% 94.1M 0s
 14100K .......... .......... .......... .......... .......... 90% 19.5M 0s
 14150K .......... .......... .......... .......... .......... 90% 55.9M 0s
 14200K .......... .......... .......... .......... .......... 91% 76.0M 0s
 14250K .......... .......... .......... .......... .......... 91%  126M 0s
 14300K .......... .......... .......... .......... .......... 91%  120M 0s
 14350K .......... .......... .......... .......... .......... 92% 27.4M 0s
 14400K .......... .......... .......... .......... .......... 92% 67.1M 0s
 14450K .......... .......... .......... .......... .......... 92%  231M 0s
 14500K .......... .......... .......... .......... .......... 93%  124M 0s
 14550K .......... .......... .......... .......... .......... 93%  104M 0s
 14600K .......... .......... .......... .......... .......... 93% 36.2M 0s
 14650K .......... .......... .......... .......... .......... 94%  111M 0s
 14700K .......... .......... .......... .......... .......... 94%  124M 0s
 14750K .......... .......... .......... .......... .......... 94%  123M 0s
 14800K .......... .......... .......... .......... .......... 95% 64.6M 0s
 14850K .......... .......... .......... .......... .......... 95% 22.0M 0s
 14900K .......... .......... .......... .......... .......... 95%  107M 0s
 14950K .......... .......... .......... .......... .......... 95%  115M 0s
 15000K .......... .......... .......... .......... .......... 96% 50.8M 0s
 15050K .......... .......... .......... .......... .......... 96%  104M 0s
 15100K .......... .......... .......... .......... .......... 96% 6.14M 0s
 15150K .......... .......... .......... .......... .......... 97%  169M 0s
 15200K .......... .......... .......... .......... .......... 97% 97.4M 0s
 15250K .......... .......... .......... .......... .......... 97%  139M 0s
 15300K .......... .......... .......... .......... .......... 98%  120M 0s
 15350K .......... .......... .......... .......... .......... 98% 51.7M 0s
 15400K .......... .......... .......... .......... .......... 98%  122M 0s
 15450K .......... .......... .......... .......... .......... 99%  102M 0s
 15500K .......... .......... .......... .......... .......... 99%  123M 0s
 15550K .......... .......... .......... .......... .......... 99%  123M 0s
 15600K .......... .......... .....                           100% 88.2M=0.4s

2024-11-08 02:02:45 (38.9 MB/s) - ‘/home/dpkings/Multi-map/build/multirobot_map_merge/2011-08-09-12-22-52.pgm’ saved [16000058/16000058]

--2024-11-08 02:02:45--  https://raw.githubusercontent.com/hrnr/m-explore-extra/master/map_merge/gmapping_maps/2012-01-28-11-12-01.pgm
Resolving raw.githubusercontent.com (raw.githubusercontent.com)... 185.199.109.133, 185.199.110.133, 185.199.111.133, ...
Connecting to raw.githubusercontent.com (raw.githubusercontent.com)|185.199.109.133|:443... connected.
HTTP request sent, awaiting response... 200 OK
Length: 16000058 (15M) [application/octet-stream]
Saving to: ‘/home/dpkings/Multi-map/build/multirobot_map_merge/2012-01-28-11-12-01.pgm’

     0K .......... .......... .......... .......... ..........  0% 1.43M 11s
    50K .......... .......... .......... .......... ..........  0% 4.88M 7s
   100K .......... .......... .......... .......... ..........  0% 8.29M 5s
   150K .......... .......... .......... .......... ..........  1% 5.11M 5s
   200K .......... .......... .......... .......... ..........  1% 8.42M 4s
   250K .......... .......... .......... .......... ..........  1% 4.86M 4s
   300K .......... .......... .......... .......... ..........  2% 8.34M 4s
   350K .......... .......... .......... .......... ..........  2% 5.92M 3s
   400K .......... .......... .......... .......... ..........  2% 6.39M 3s
   450K .......... .......... .......... .......... ..........  3% 6.43M 3s
   500K .......... .......... .......... .......... ..........  3% 7.52M 3s
   550K .......... .......... .......... .......... ..........  3% 8.00M 3s
   600K .......... .......... .......... .......... ..........  4% 6.97M 3s
   650K .......... .......... .......... .......... ..........  4% 7.01M 3s
   700K .......... .......... .......... .......... ..........  4% 7.60M 3s
   750K .......... .......... .......... .......... ..........  5% 10.5M 3s
   800K .......... .......... .......... .......... ..........  5% 6.23M 3s
   850K .......... .......... .......... .......... ..........  5% 6.63M 3s
   900K .......... .......... .......... .......... ..........  6% 9.72M 3s
   950K .......... .......... .......... .......... ..........  6% 7.49M 2s
  1000K .......... .......... .......... .......... ..........  6% 10.6M 2s
  1050K .......... .......... .......... .......... ..........  7% 7.71M 2s
  1100K .......... .......... .......... .......... ..........  7% 9.78M 2s
  1150K .......... .......... .......... .......... ..........  7% 10.8M 2s
  1200K .......... .......... .......... .......... ..........  7% 5.78M 2s
  1250K .......... .......... .......... .......... ..........  8% 10.5M 2s
  1300K .......... .......... .......... .......... ..........  8% 10.6M 2s
  1350K .......... .......... .......... .......... ..........  8% 7.31M 2s
  1400K .......... .......... .......... .......... ..........  9% 13.3M 2s
  1450K .......... .......... .......... .......... ..........  9% 11.0M 2s
  1500K .......... .......... .......... .......... ..........  9% 7.33M 2s
  1550K .......... .......... .......... .......... .......... 10% 11.6M 2s
  1600K .......... .......... .......... .......... .......... 10% 12.7M 2s
  1650K .......... .......... .......... .......... .......... 10% 6.50M 2s
  1700K .......... .......... .......... .......... .......... 11% 14.3M 2s
  1750K .......... .......... .......... .......... .......... 11% 12.2M 2s
  1800K .......... .......... .......... .......... .......... 11% 6.65M 2s
  1850K .......... .......... .......... .......... .......... 12% 27.4M 2s
  1900K .......... .......... .......... .......... .......... 12% 12.1M 2s
  1950K .......... .......... .......... .......... .......... 12% 15.5M 2s
  2000K .......... .......... .......... .......... .......... 13% 5.23M 2s
  2050K .......... .......... .......... .......... .......... 13% 13.7M 2s
  2100K .......... .......... .......... .......... .......... 13% 15.2M 2s
  2150K .......... .......... .......... .......... .......... 14% 8.04M 2s
  2200K .......... .......... .......... .......... .......... 14% 19.7M 2s
  2250K .......... .......... .......... .......... .......... 14% 11.8M 2s
  2300K .......... .......... .......... .......... .......... 15% 14.5M 2s
  2350K .......... .......... .......... .......... .......... 15% 8.37M 2s
  2400K .......... .......... .......... .......... .......... 15% 15.0M 2s
  2450K .......... .......... .......... .......... .......... 15% 15.2M 2s
  2500K .......... .......... .......... .......... .......... 16% 11.2M 2s
  2550K .......... .......... .......... .......... .......... 16% 11.1M 2s
  2600K .......... .......... .......... .......... .......... 16% 18.1M 2s
  2650K .......... .......... .......... .......... .......... 17% 16.9M 2s
  2700K .......... .......... .......... .......... .......... 17% 11.6M 2s
  2750K .......... .......... .......... .......... .......... 17% 21.0M 2s
  2800K .......... .......... .......... .......... .......... 18% 8.68M 2s
  2850K .......... .......... .......... .......... .......... 18% 11.0M 2s
  2900K .......... .......... .......... .......... .......... 18% 27.3M 1s
  2950K .......... .......... .......... .......... .......... 19% 13.3M 1s
  3000K .......... .......... .......... .......... .......... 19% 10.7M 1s
  3050K .......... .......... .......... .......... .......... 19% 21.2M 1s
  3100K .......... .......... .......... .......... .......... 20% 6.37M 1s
  3150K .......... .......... .......... .......... .......... 20% 41.6M 1s
  3200K .......... .......... .......... .......... .......... 20% 51.2M 1s
  3250K .......... .......... .......... .......... .......... 21% 10.0M 1s
  3300K .......... .......... .......... .......... .......... 21% 23.9M 1s
  3350K .......... .......... .......... .......... .......... 21% 8.26M 1s
  3400K .......... .......... .......... .......... .......... 22% 22.1M 1s
  3450K .......... .......... .......... .......... .......... 22% 18.2M 1s
  3500K .......... .......... .......... .......... .......... 22% 22.1M 1s
  3550K .......... .......... .......... .......... .......... 23% 18.4M 1s
  3600K .......... .......... .......... .......... .......... 23% 16.7M 1s
  3650K .......... .......... .......... .......... .......... 23% 9.66M 1s
  3700K .......... .......... .......... .......... .......... 23% 17.3M 1s
  3750K .......... .......... .......... .......... .......... 24% 20.6M 1s
  3800K .......... .......... .......... .......... .......... 24% 16.2M 1s
  3850K .......... .......... .......... .......... .......... 24% 28.3M 1s
  3900K .......... .......... .......... .......... .......... 25% 12.1M 1s
  3950K .......... .......... .......... .......... .......... 25% 14.9M 1s
  4000K .......... .......... .......... .......... .......... 25% 18.8M 1s
  4050K .......... .......... .......... .......... .......... 26% 14.8M 1s
  4100K .......... .......... .......... .......... .......... 26% 43.7M 1s
  4150K .......... .......... .......... .......... .......... 26% 12.8M 1s
  4200K .......... .......... .......... .......... .......... 27% 15.1M 1s
  4250K .......... .......... .......... .......... .......... 27% 23.9M 1s
  4300K .......... .......... .......... .......... .......... 27% 26.3M 1s
  4350K .......... .......... .......... .......... .......... 28% 15.0M 1s
  4400K .......... .......... .......... .......... .......... 28% 20.9M 1s
  4450K .......... .......... .......... .......... .......... 28% 11.2M 1s
  4500K .......... .......... .......... .......... .......... 29% 27.9M 1s
  4550K .......... .......... .......... .......... .......... 29% 16.7M 1s
  4600K .......... .......... .......... .......... .......... 29% 28.0M 1s
  4650K .......... .......... .......... .......... .......... 30% 20.6M 1s
  4700K .......... .......... .......... .......... .......... 30% 29.7M 1s
  4750K .......... .......... .......... .......... .......... 30% 21.7M 1s
  4800K .......... .......... .......... .......... .......... 31% 10.2M 1s
  4850K .......... .......... .......... .......... .......... 31% 27.8M 1s
  4900K .......... .......... .......... .......... .......... 31% 23.7M 1s
  4950K .......... .......... .......... .......... .......... 31% 26.4M 1s
  5000K .......... .......... .......... .......... .......... 32% 18.5M 1s
  5050K .......... .......... .......... .......... .......... 32% 23.5M 1s
  5100K .......... .......... .......... .......... .......... 32% 11.9M 1s
  5150K .......... .......... .......... .......... .......... 33% 20.5M 1s
  5200K .......... .......... .......... .......... .......... 33% 21.9M 1s
  5250K .......... .......... .......... .......... .......... 33% 34.8M 1s
  5300K .......... .......... .......... .......... .......... 34% 23.3M 1s
  5350K .......... .......... .......... .......... .......... 34% 26.7M 1s
  5400K .......... .......... .......... .......... .......... 34% 22.3M 1s
  5450K .......... .......... .......... .......... .......... 35% 7.46M 1s
  5500K .......... .......... .......... .......... .......... 35% 73.7M 1s
  5550K .......... .......... .......... .......... .......... 35% 57.1M 1s
  5600K .......... .......... .......... .......... .......... 36% 19.3M 1s
  5650K .......... .......... .......... .......... .......... 36% 35.5M 1s
  5700K .......... .......... .......... .......... .......... 36% 4.49M 1s
  5750K .......... .......... .......... .......... .......... 37% 92.5M 1s
  5800K .......... .......... .......... .......... .......... 37%  122M 1s
  5850K .......... .......... .......... .......... .......... 37%  124M 1s
  5900K .......... .......... .......... .......... .......... 38% 74.6M 1s
  5950K .......... .......... .......... .......... .......... 38% 33.6M 1s
  6000K .......... .......... .......... .......... .......... 38% 34.5M 1s
  6050K .......... .......... .......... .......... .......... 39% 4.71M 1s
  6100K .......... .......... .......... .......... .......... 39% 24.4M 1s
  6150K .......... .......... .......... .......... .......... 39% 31.9M 1s
  6200K .......... .......... .......... .......... .......... 39% 17.5M 1s
  6250K .......... .......... .......... .......... .......... 40% 50.9M 1s
  6300K .......... .......... .......... .......... .......... 40% 72.3M 1s
  6350K .......... .......... .......... .......... .......... 40% 19.4M 1s
  6400K .......... .......... .......... .......... .......... 41% 10.6M 1s
  6450K .......... .......... .......... .......... .......... 41% 48.3M 1s
  6500K .......... .......... .......... .......... .......... 41% 24.7M 1s
  6550K .......... .......... .......... .......... .......... 42% 42.6M 1s
  6600K .......... .......... .......... .......... .......... 42% 17.7M 1s
  6650K .......... .......... .......... .......... .......... 42% 65.8M 1s
  6700K .......... .......... .......... .......... .......... 43% 11.6M 1s
  6750K .......... .......... .......... .......... .......... 43%  127M 1s
  6800K .......... .......... .......... .......... .......... 43%  100M 1s
  6850K .......... .......... .......... .......... .......... 44% 10.8M 1s
  6900K .......... .......... .......... .......... .......... 44% 58.9M 1s
  6950K .......... .......... .......... .......... .......... 44% 12.0M 1s
  7000K .......... .......... .......... .......... .......... 45% 97.5M 1s
  7050K .......... .......... .......... .......... .......... 45% 55.3M 1s
  7100K .......... .......... .......... .......... .......... 45% 24.5M 1s
  7150K .......... .......... .......... .......... .......... 46% 59.1M 1s
  7200K .......... .......... .......... .......... .......... 46% 26.3M 1s
  7250K .......... .......... .......... .......... .......... 46% 16.1M 1s
  7300K .......... .......... .......... .......... .......... 47% 15.2M 1s
  7350K .......... .......... .......... .......... .......... 47% 55.0M 1s
  7400K .......... .......... .......... .......... .......... 47% 18.5M 1s
  7450K .......... .......... .......... .......... .......... 47% 53.8M 1s
  7500K .......... .......... .......... .......... .......... 48% 47.0M 1s
  7550K .......... .......... .......... .......... .......... 48% 24.3M 1s
  7600K .......... .......... .......... .......... .......... 48% 22.7M 1s
  7650K .......... .......... .......... .......... .......... 49% 53.0M 1s
  7700K .......... .......... .......... .......... .......... 49% 16.4M 1s
  7750K .......... .......... .......... .......... .......... 49% 48.8M 1s
  7800K .......... .......... .......... .......... .......... 50% 38.2M 1s
  7850K .......... .......... .......... .......... .......... 50% 15.0M 1s
  7900K .......... .......... .......... .......... .......... 50% 48.9M 1s
  7950K .......... .......... .......... .......... .......... 51% 25.9M 1s
  8000K .......... .......... .......... .......... .......... 51% 30.8M 1s
  8050K .......... .......... .......... .......... .......... 51% 57.8M 1s
  8100K .......... .......... .......... .......... .......... 52% 28.3M 1s
  8150K .......... .......... .......... .......... .......... 52% 22.0M 1s
  8200K .......... .......... .......... .......... .......... 52% 33.7M 1s
  8250K .......... .......... .......... .......... .......... 53% 32.9M 1s
  8300K .......... .......... .......... .......... .......... 53% 18.0M 1s
  8350K .......... .......... .......... .......... .......... 53% 36.0M 1s
  8400K .......... .......... .......... .......... .......... 54% 36.5M 1s
  8450K .......... .......... .......... .......... .......... 54% 19.4M 1s
  8500K .......... .......... .......... .......... .......... 54% 92.1M 1s
  8550K .......... .......... .......... .......... .......... 55% 47.0M 1s
  8600K .......... .......... .......... .......... .......... 55% 9.75M 0s
  8650K .......... .......... .......... .......... .......... 55% 25.2M 0s
  8700K .......... .......... .......... .......... .......... 55%  139M 0s
  8750K .......... .......... .......... .......... .......... 56% 99.4M 0s
  8800K .......... .......... .......... .......... .......... 56% 39.4M 0s
  8850K .......... .......... .......... .......... .......... 56% 41.1M 0s
  8900K .......... .......... .......... .......... .......... 57% 20.3M 0s
  8950K .......... .......... .......... .......... .......... 57% 53.4M 0s
  9000K .......... .......... .......... .......... .......... 57% 84.2M 0s
  9050K .......... .......... .......... .......... .......... 58% 24.4M 0s
  9100K .......... .......... .......... .......... .......... 58% 34.1M 0s
  9150K .......... .......... .......... .......... .......... 58% 11.9M 0s
  9200K .......... .......... .......... .......... .......... 59% 46.8M 0s
  9250K .......... .......... .......... .......... .......... 59% 42.0M 0s
  9300K .......... .......... .......... .......... .......... 59% 17.1M 0s
  9350K .......... .......... .......... .......... .......... 60% 41.4M 0s
  9400K .......... .......... .......... .......... .......... 60% 30.7M 0s
  9450K .......... .......... .......... .......... .......... 60% 73.5M 0s
  9500K .......... .......... .......... .......... .......... 61% 99.1M 0s
  9550K .......... .......... .......... .......... .......... 61%  120M 0s
  9600K .......... .......... .......... .......... .......... 61% 36.2M 0s
  9650K .......... .......... .......... .......... .......... 62% 17.4M 0s
  9700K .......... .......... .......... .......... .......... 62% 17.9M 0s
  9750K .......... .......... .......... .......... .......... 62% 54.3M 0s
  9800K .......... .......... .......... .......... .......... 63% 37.2M 0s
  9850K .......... .......... .......... .......... .......... 63% 50.2M 0s
  9900K .......... .......... .......... .......... .......... 63% 14.5M 0s
  9950K .......... .......... .......... .......... .......... 63%  135M 0s
 10000K .......... .......... .......... .......... .......... 64% 75.9M 0s
 10050K .......... .......... .......... .......... .......... 64% 2.00M 0s
 10100K .......... .......... .......... .......... .......... 64%  157M 0s
 10150K .......... .......... .......... .......... .......... 65%  129M 0s
 10200K .......... .......... .......... .......... .......... 65%  124M 0s
 10250K .......... .......... .......... .......... .......... 65% 90.4M 0s
 10300K .......... .......... .......... .......... .......... 66% 18.2M 0s
 10350K .......... .......... .......... .......... .......... 66%  124M 0s
 10400K .......... .......... .......... .......... .......... 66%  105M 0s
 10450K .......... .......... .......... .......... .......... 67%  101M 0s
 10500K .......... .......... .......... .......... .......... 67%  119M 0s
 10550K .......... .......... .......... .......... .......... 67% 69.9M 0s
 10600K .......... .......... .......... .......... .......... 68%  121M 0s
 10650K .......... .......... .......... .......... .......... 68% 5.95M 0s
 10700K .......... .......... .......... .......... .......... 68% 66.4M 0s
 10750K .......... .......... .......... .......... .......... 69% 34.8M 0s
 10800K .......... .......... .......... .......... .......... 69% 41.0M 0s
 10850K .......... .......... .......... .......... .......... 69% 2.09M 0s
 10900K .......... .......... .......... .......... .......... 70% 90.5M 0s
 10950K .......... .......... .......... .......... .......... 70% 7.92M 0s
 11000K .......... .......... .......... .......... .......... 70%  108M 0s
 11050K .......... .......... .......... .......... .......... 71% 12.6M 0s
 11100K .......... .......... .......... .......... .......... 71%  129M 0s
 11150K .......... .......... .......... .......... .......... 71%  104M 0s
 11200K .......... .......... .......... .......... .......... 71% 16.8M 0s
 11250K .......... .......... .......... .......... .......... 72%  120M 0s
 11300K .......... .......... .......... .......... .......... 72%  132M 0s
 11350K .......... .......... .......... .......... .......... 72% 93.9M 0s
 11400K .......... .......... .......... .......... .......... 73% 22.3M 0s
 11450K .......... .......... .......... .......... .......... 73% 5.72M 0s
 11500K .......... .......... .......... .......... .......... 73%  126M 0s
 11550K .......... .......... .......... .......... .......... 74% 48.6M 0s
 11600K .......... .......... .......... .......... .......... 74% 96.0M 0s
 11650K .......... .......... .......... .......... .......... 74%  139M 0s
 11700K .......... .......... .......... .......... .......... 75% 26.1M 0s
 11750K .......... .......... .......... .......... .......... 75%  144M 0s
 11800K .......... .......... .......... .......... .......... 75% 93.1M 0s
 11850K .......... .......... .......... .......... .......... 76% 16.2M 0s
 11900K .......... .......... .......... .......... .......... 76% 18.6M 0s
 11950K .......... .......... .......... .......... .......... 76%  152M 0s
 12000K .......... .......... .......... .......... .......... 77% 19.0M 0s
 12050K .......... .......... .......... .......... .......... 77% 24.3M 0s
 12100K .......... .......... .......... .......... .......... 77% 53.2M 0s
 12150K .......... .......... .......... .......... .......... 78% 38.5M 0s
 12200K .......... .......... .......... .......... .......... 78%  117M 0s
 12250K .......... .......... .......... .......... .......... 78% 16.5M 0s
 12300K .......... .......... .......... .......... .......... 79% 71.0M 0s
 12350K .......... .......... .......... .......... .......... 79% 35.4M 0s
 12400K .......... .......... .......... .......... .......... 79% 36.9M 0s
 12450K .......... .......... .......... .......... .......... 79%  126M 0s
 12500K .......... .......... .......... .......... .......... 80% 29.1M 0s
 12550K .......... .......... .......... .......... .......... 80% 33.3M 0s
 12600K .......... .......... .......... .......... .......... 80% 20.6M 0s
 12650K .......... .......... .......... .......... .......... 81%  101M 0s
 12700K .......... .......... .......... .......... .......... 81%  128M 0s
 12750K .......... .......... .......... .......... .......... 81% 98.9M 0s
 12800K .......... .......... .......... .......... .......... 82% 85.1M 0s
 12850K .......... .......... .......... .......... .......... 82%  129M 0s
 12900K .......... .......... .......... .......... .......... 82% 92.2M 0s
 12950K .......... .......... .......... .......... .......... 83%  176M 0s
 13000K .......... .......... .......... .......... .......... 83% 26.5M 0s
 13050K .......... .......... .......... .......... .......... 83% 26.0M 0s
 13100K .......... .......... .......... .......... .......... 84%  104M 0s
 13150K .......... .......... .......... .......... .......... 84% 34.7M 0s
 13200K .......... .......... .......... .......... .......... 84% 47.5M 0s
 13250K .......... .......... .......... .......... .......... 85% 57.0M 0s
 13300K .......... .......... .......... .......... .......... 85%  127M 0s
 13350K .......... .......... .......... .......... .......... 85% 99.9M 0s
 13400K .......... .......... .......... .......... .......... 86%  109M 0s
 13450K .......... .......... .......... .......... .......... 86% 76.7M 0s
 13500K .......... .......... .......... .......... .......... 86% 55.0M 0s
 13550K .......... .......... .......... .......... .......... 87% 4.88M 0s
 13600K .......... .......... .......... .......... .......... 87% 95.6M 0s
 13650K .......... .......... .......... .......... .......... 87% 77.2M 0s
 13700K .......... .......... .......... .......... .......... 87%  176M 0s
 13750K .......... .......... .......... .......... .......... 88%  137M 0s
 13800K .......... .......... .......... .......... .......... 88% 1.97M 0s
 13850K .......... .......... .......... .......... .......... 88%  141M 0s
 13900K .......... .......... .......... .......... .......... 89%  228M 0s
 13950K .......... .......... .......... .......... .......... 89%  101M 0s
 14000K .......... .......... .......... .......... .......... 89% 27.4M 0s
 14050K .......... .......... .......... .......... .......... 90% 96.0M 0s
 14100K .......... .......... .......... .......... .......... 90% 28.3M 0s
 14150K .......... .......... .......... .......... .......... 90%  135M 0s
 14200K .......... .......... .......... .......... .......... 91%  128M 0s
 14250K .......... .......... .......... .......... .......... 91% 35.6M 0s
 14300K .......... .......... .......... .......... .......... 91%  100M 0s
 14350K .......... .......... .......... .......... .......... 92%  128M 0s
 14400K .......... .......... .......... .......... .......... 92% 21.9M 0s
 14450K .......... .......... .......... .......... .......... 92%  128M 0s
 14500K .......... .......... .......... .......... .......... 93% 98.5M 0s
 14550K .......... .......... .......... .......... .......... 93%  118M 0s
 14600K .......... .......... .......... .......... .......... 93%  122M 0s
 14650K .......... .......... .......... .......... .......... 94%  125M 0s
 14700K .......... .......... .......... .......... .......... 94%  102M 0s
 14750K .......... .......... .......... .......... .......... 94%  118M 0s
 14800K .......... .......... .......... .......... .......... 95% 84.8M 0s
 14850K .......... .......... .......... .......... .......... 95% 12.9M 0s
 14900K .......... .......... .......... .......... .......... 95%  141M 0s
 14950K .......... .......... .......... .......... .......... 95% 37.6M 0s
 15000K .......... .......... .......... .......... .......... 96% 15.8M 0s
 15050K .......... .......... .......... .......... .......... 96%  122M 0s
 15100K .......... .......... .......... .......... .......... 96% 37.6M 0s
 15150K .......... .......... .......... .......... .......... 97% 53.9M 0s
 15200K .......... .......... .......... .......... .......... 97%  102M 0s
 15250K .......... .......... .......... .......... .......... 97% 27.1M 0s
 15300K .......... .......... .......... .......... .......... 98% 18.2M 0s
 15350K .......... .......... .......... .......... .......... 98%  128M 0s
 15400K .......... .......... .......... .......... .......... 98% 71.0M 0s
 15450K .......... .......... .......... .......... .......... 99%  126M 0s
 15500K .......... .......... .......... .......... .......... 99%  122M 0s
 15550K .......... .......... .......... .......... .......... 99%  103M 0s
 15600K .......... .......... .....                           100%  104M=0.9s

2024-11-08 02:02:47 (17.6 MB/s) - ‘/home/dpkings/Multi-map/build/multirobot_map_merge/2012-01-28-11-12-01.pgm’ saved [16000058/16000058]

In file included from [01m[K/home/dpkings/Multi-map/src/m-explore-ros2/map_merge/test/testing_helpers.h:7[m[K,
                 from [01m[K/home/dpkings/Multi-map/src/m-explore-ros2/map_merge/test/test_merging_pipeline.cpp:42[m[K:
[01m[K/opt/ros/humble/include/tf2_geometry_msgs/tf2_geometry_msgs/tf2_geometry_msgs.h:35:2:[m[K [01;35m[Kwarning: [m[K#warning This header is obsolete, please include tf2_geometry_msgs/tf2_geometry_msgs.hpp instead [[01;35m[K]8;;https://gcc.gnu.org/onlinedocs/gcc/Warning-Options.html#index-Wcpp-Wcpp]8;;[m[K]
   35 | #[01;35m[Kwarning[m[K This header is obsolete, please include tf2_geometry_msgs/tf2_geometry_msgs.hpp instead
      |  [01;35m[K^~~~~~~[m[K
In file included from [01m[K/home/dpkings/Multi-map/src/m-explore-ros2/map_merge/src/map_merge.cpp:44[m[K:
[01m[K/opt/ros/humble/include/tf2_geometry_msgs/tf2_geometry_msgs/tf2_geometry_msgs.h:35:2:[m[K [01;35m[Kwarning: [m[K#warning This header is obsolete, please include tf2_geometry_msgs/tf2_geometry_msgs.hpp instead [[01;35m[K]8;;https://gcc.gnu.org/onlinedocs/gcc/Warning-Options.html#index-Wcpp-Wcpp]8;;[m[K]
   35 | #[01;35m[Kwarning[m[K This header is obsolete, please include tf2_geometry_msgs/tf2_geometry_msgs.hpp instead
      |  [01;35m[K^~~~~~~[m[K
