[0.009s] Invoking command in '/home/dpkings/Multi-map/build/multirobot_map_merge': CMAKE_PREFIX_PATH=${CMAKE_PREFIX_PATH}:/home/dpkings/eyrc-24-25-logistic-cobot/install/ur5_control:/opt/ros/humble /usr/bin/cmake /home/dpkings/Multi-map/src/m-explore-ros2/map_merge -DCMAKE_INSTALL_PREFIX=/home/dpkings/Multi-map/install/multirobot_map_merge
[0.055s] -- The C compiler identification is GNU 11.4.0
[0.100s] -- The CXX compiler identification is GNU 11.4.0
[0.105s] -- Detecting C compiler ABI info
[0.166s] -- Detecting C compiler ABI info - done
[0.172s] -- Check for working C compiler: /usr/bin/cc - skipped
[0.172s] -- Detecting C compile features
[0.172s] -- Detecting C compile features - done
[0.175s] -- Detecting CXX compiler ABI info
[0.245s] -- Detecting CXX compiler ABI info - done
[0.252s] -- Check for working CXX compiler: /usr/bin/c++ - skipped
[0.252s] -- Detecting CXX compile features
[0.253s] -- Detecting CXX compile features - done
[0.255s] -- Found ament_cmake: 1.3.10 (/opt/ros/humble/share/ament_cmake/cmake)
[0.867s] -- Found Python3: /usr/bin/python3 (found version "3.10.12") found components: Interpreter 
[0.960s] -- Found rclcpp: 16.0.10 (/opt/ros/humble/share/rclcpp/cmake)
[1.006s] -- Found rosidl_generator_c: 3.1.5 (/opt/ros/humble/share/rosidl_generator_c/cmake)
[1.013s] -- Found rosidl_adapter: 3.1.5 (/opt/ros/humble/share/rosidl_adapter/cmake)
[1.022s] -- Found rosidl_generator_cpp: 3.1.5 (/opt/ros/humble/share/rosidl_generator_cpp/cmake)
[1.034s] -- Using all available rosidl_typesupport_c: rosidl_typesupport_fastrtps_c;rosidl_typesupport_introspection_c
[1.052s] -- Using all available rosidl_typesupport_cpp: rosidl_typesupport_fastrtps_cpp;rosidl_typesupport_introspection_cpp
[1.098s] -- Found rmw_implementation_cmake: 6.1.2 (/opt/ros/humble/share/rmw_implementation_cmake/cmake)
[1.102s] -- Found rmw_fastrtps_cpp: 6.2.7 (/opt/ros/humble/share/rmw_fastrtps_cpp/cmake)
[1.183s] -- Found OpenSSL: /usr/lib/x86_64-linux-gnu/libcrypto.so (found version "3.0.2")  
[1.207s] -- Found FastRTPS: /opt/ros/humble/include  
[1.245s] -- Using RMW implementation 'rmw_fastrtps_cpp' as default
[1.254s] -- Looking for pthread.h
[1.313s] -- Looking for pthread.h - found
[1.313s] -- Performing Test CMAKE_HAVE_LIBC_PTHREAD
[1.374s] -- Performing Test CMAKE_HAVE_LIBC_PTHREAD - Success
[1.375s] -- Found Threads: TRUE  
[1.421s] -- Found geometry_msgs: 4.2.4 (/opt/ros/humble/share/geometry_msgs/cmake)
[1.435s] -- Found image_geometry: 3.2.1 (/opt/ros/humble/share/image_geometry/cmake)
[1.465s] -- Found map_msgs: 2.1.0 (/opt/ros/humble/share/map_msgs/cmake)
[1.502s] -- Found tf2_geometry_msgs: 0.25.8 (/opt/ros/humble/share/tf2_geometry_msgs/cmake)
[1.515s] -- Found eigen3_cmake_module: 0.1.1 (/opt/ros/humble/share/eigen3_cmake_module/cmake)
[1.516s] -- Found Eigen3: TRUE (found version "3.4.0") 
[1.517s] -- Ensuring Eigen3 include directory is part of orocos-kdl CMake target
[1.638s] -- Found Boost: /usr/lib/x86_64-linux-gnu/cmake/Boost-1.74.0/BoostConfig.cmake (found version "1.74.0") found components: thread 
[1.643s] -- Found OpenCV: /usr (found version "4.5.4") 
[1.658s] -- Found ament_lint_auto: 0.12.11 (/opt/ros/humble/share/ament_lint_auto/cmake)
[1.735s] -- Found ament_cmake_gtest: 1.3.10 (/opt/ros/humble/share/ament_cmake_gtest/cmake)
[1.741s] --2024-11-08 02:02:41--  https://raw.githubusercontent.com/hrnr/m-explore-extra/master/map_merge/hector_maps/map00.pgm
[1.767s] Resolving raw.githubusercontent.com (raw.githubusercontent.com)... 185.199.111.133, 185.199.109.133, 185.199.108.133, ...
[1.768s] Connecting to raw.githubusercontent.com (raw.githubusercontent.com)|185.199.111.133|:443... connected.
[2.512s] HTTP request sent, awaiting response... 200 OK
[2.512s] Length: 4194362 (4.0M) [application/octet-stream]
[2.512s] Saving to: ‘/home/dpkings/Multi-map/build/multirobot_map_merge/map00.pgm’
[2.512s] 
[2.542s]      0K .......... .......... .......... .......... ..........  1% 1.59M 2s
[2.553s]     50K .......... .......... .......... .......... ..........  2% 4.81M 2s
[2.559s]    100K .......... .......... .......... .......... ..........  3% 7.46M 1s
[2.567s]    150K .......... .......... .......... .......... ..........  4% 6.17M 1s
[2.571s]    200K .......... .......... .......... .......... ..........  6% 13.5M 1s
[2.579s]    250K .......... .......... .......... .......... ..........  7% 5.91M 1s
[2.582s]    300K .......... .......... .......... .......... ..........  8% 16.3M 1s
[2.586s]    350K .......... .......... .......... .......... ..........  9% 11.6M 1s
[2.591s]    400K .......... .......... .......... .......... .......... 10% 9.14M 1s
[2.595s]    450K .......... .......... .......... .......... .......... 12% 15.2M 1s
[2.595s]    500K .......... .......... .......... .......... .......... 13% 84.1M 1s
[2.600s]    550K .......... .......... .......... .......... .......... 14% 9.49M 1s
[2.607s]    600K .......... .......... .......... .......... .......... 15% 7.17M 1s
[2.611s]    650K .......... .......... .......... .......... .......... 17% 11.6M 0s
[2.612s]    700K .......... .......... .......... .......... .......... 18%  116M 0s
[2.614s]    750K .......... .......... .......... .......... .......... 19% 20.4M 0s
[2.618s]    800K .......... .......... .......... .......... .......... 20% 14.0M 0s
[2.625s]    850K .......... .......... .......... .......... .......... 21% 6.28M 0s
[2.626s]    900K .......... .......... .......... .......... .......... 23% 82.6M 0s
[2.629s]    950K .......... .......... .......... .......... .......... 24% 16.9M 0s
[2.630s]   1000K .......... .......... .......... .......... .......... 25% 44.1M 0s
[2.641s]   1050K .......... .......... .......... .......... .......... 26% 4.90M 0s
[2.641s]   1100K .......... .......... .......... .......... .......... 28%  136M 0s
[2.641s]   1150K .......... .......... .......... .......... .......... 29%  119M 0s
[2.645s]   1200K .......... .......... .......... .......... .......... 30% 10.5M 0s
[2.646s]   1250K .......... .......... .......... .......... .......... 31% 64.6M 0s
[2.647s]   1300K .......... .......... .......... .......... .......... 32% 49.3M 0s
[2.654s]   1350K .......... .......... .......... .......... .......... 34% 6.77M 0s
[2.660s]   1400K .......... .......... .......... .......... .......... 35% 7.96M 0s
[2.661s]   1450K .......... .......... .......... .......... .......... 36%  103M 0s
[2.662s]   1500K .......... .......... .......... .......... .......... 37% 35.6M 0s
[2.663s]   1550K .......... .......... .......... .......... .......... 39% 54.5M 0s
[2.663s]   1600K .......... .......... .......... .......... .......... 40%  223M 0s
[2.664s]   1650K .......... .......... .......... .......... .......... 41% 88.4M 0s
[2.664s]   1700K .......... .......... .......... .......... .......... 42%  126M 0s
[2.670s]   1750K .......... .......... .......... .......... .......... 43% 8.39M 0s
[2.671s]   1800K .......... .......... .......... .......... .......... 45% 52.0M 0s
[2.674s]   1850K .......... .......... .......... .......... .......... 46% 18.7M 0s
[2.674s]   1900K .......... .......... .......... .......... .......... 47%  169M 0s
[2.674s]   1950K .......... .......... .......... .......... .......... 48% 91.5M 0s
[2.682s]   2000K .......... .......... .......... .......... .......... 50% 6.46M 0s
[2.683s]   2050K .......... .......... .......... .......... .......... 51%  116M 0s
[2.683s]   2100K .......... .......... .......... .......... .......... 52%  135M 0s
[2.683s]   2150K .......... .......... .......... .......... .......... 53% 95.7M 0s
[2.686s]   2200K .......... .......... .......... .......... .......... 54% 16.6M 0s
[2.687s]   2250K .......... .......... .......... .......... .......... 56% 60.6M 0s
[2.688s]   2300K .......... .......... .......... .......... .......... 57% 38.5M 0s
[2.689s]   2350K .......... .......... .......... .......... .......... 58% 72.1M 0s
[2.691s]   2400K .......... .......... .......... .......... .......... 59% 25.4M 0s
[2.691s]   2450K .......... .......... .......... .......... .......... 61%  129M 0s
[2.692s]   2500K .......... .......... .......... .......... .......... 62%  138M 0s
[2.693s]   2550K .......... .......... .......... .......... .......... 63% 36.0M 0s
[2.694s]   2600K .......... .......... .......... .......... .......... 64% 37.0M 0s
[2.695s]   2650K .......... .......... .......... .......... .......... 65%  137M 0s
[2.695s]   2700K .......... .......... .......... .......... .......... 67% 94.0M 0s
[2.701s]   2750K .......... .......... .......... .......... .......... 68% 8.31M 0s
[2.703s]   2800K .......... .......... .......... .......... .......... 69% 28.4M 0s
[2.703s]   2850K .......... .......... .......... .......... .......... 70% 78.4M 0s
[2.704s]   2900K .......... .......... .......... .......... .......... 72% 82.7M 0s
[2.705s]   2950K .......... .......... .......... .......... .......... 73% 59.7M 0s
[2.706s]   3000K .......... .......... .......... .......... .......... 74% 46.8M 0s
[2.706s]   3050K .......... .......... .......... .......... .......... 75%  192M 0s
[2.707s]   3100K .......... .......... .......... .......... .......... 76%  118M 0s
[2.707s]   3150K .......... .......... .......... .......... .......... 78% 75.4M 0s
[2.708s]   3200K .......... .......... .......... .......... .......... 79% 85.2M 0s
[2.708s]   3250K .......... .......... .......... .......... .......... 80% 85.1M 0s
[2.709s]   3300K .......... .......... .......... .......... .......... 81% 78.6M 0s
[2.710s]   3350K .......... .......... .......... .......... .......... 83% 67.3M 0s
[2.710s]   3400K .......... .......... .......... .......... .......... 84% 76.6M 0s
[2.711s]   3450K .......... .......... .......... .......... .......... 85% 87.8M 0s
[2.717s]   3500K .......... .......... .......... .......... .......... 86% 8.86M 0s
[2.717s]   3550K .......... .......... .......... .......... .......... 87% 73.6M 0s
[2.717s]   3600K .......... .......... .......... .......... .......... 89%  143M 0s
[2.719s]   3650K .......... .......... .......... .......... .......... 90% 39.9M 0s
[2.722s]   3700K .......... .......... .......... .......... .......... 91% 13.0M 0s
[2.723s]   3750K .......... .......... .......... .......... .......... 92% 94.2M 0s
[2.723s]   3800K .......... .......... .......... .......... .......... 93%  107M 0s
[2.724s]   3850K .......... .......... .......... .......... .......... 95%  117M 0s
[2.724s]   3900K .......... .......... .......... .......... .......... 96% 72.6M 0s
[2.726s]   3950K .......... .......... .......... .......... .......... 97%  116M 0s
[2.726s]   4000K .......... .......... .......... .......... .......... 98%  111M 0s
[2.726s]   4050K .......... .......... .......... .......... ......    100%  140M=0.2s
[2.726s] 
[2.726s] 2024-11-08 02:02:42 (18.7 MB/s) - ‘/home/dpkings/Multi-map/build/multirobot_map_merge/map00.pgm’ saved [4194362/4194362]
[2.726s] 
[2.728s] Checking MD5 sum of /home/dpkings/Multi-map/build/multirobot_map_merge/map00.pgm
[2.747s] /home/dpkings/Multi-map/build/multirobot_map_merge/map00.pgm: OK
[2.755s] --2024-11-08 02:02:42--  https://raw.githubusercontent.com/hrnr/m-explore-extra/master/map_merge/hector_maps/map05.pgm
[2.759s] Resolving raw.githubusercontent.com (raw.githubusercontent.com)... 185.199.111.133, 185.199.108.133, 185.199.110.133, ...
[2.760s] Connecting to raw.githubusercontent.com (raw.githubusercontent.com)|185.199.111.133|:443... connected.
[3.429s] HTTP request sent, awaiting response... 200 OK
[3.430s] Length: 4194362 (4.0M) [application/octet-stream]
[3.430s] Saving to: ‘/home/dpkings/Multi-map/build/multirobot_map_merge/map05.pgm’
[3.432s] 
[3.459s]      0K .......... .......... .......... .......... ..........  1% 1.67M 2s
[3.465s]     50K .......... .......... .......... .......... ..........  2% 8.15M 1s
[3.476s]    100K .......... .......... .......... .......... ..........  3% 4.44M 1s
[3.479s]    150K .......... .......... .......... .......... ..........  4% 14.1M 1s
[3.483s]    200K .......... .......... .......... .......... ..........  6% 12.5M 1s
[3.483s]    250K .......... .......... .......... .......... ..........  7% 73.9M 1s
[3.492s]    300K .......... .......... .......... .......... ..........  8% 6.06M 1s
[3.497s]    350K .......... .......... .......... .......... ..........  9% 26.6M 1s
[3.500s]    400K .......... .......... .......... .......... .......... 10% 7.00M 1s
[3.501s]    450K .......... .......... .......... .......... .......... 12%  115M 1s
[3.507s]    500K .......... .......... .......... .......... .......... 13% 7.57M 1s
[3.508s]    550K .......... .......... .......... .......... .......... 14% 51.6M 0s
[3.510s]    600K .......... .......... .......... .......... .......... 15% 34.1M 0s
[3.510s]    650K .......... .......... .......... .......... .......... 17% 66.7M 0s
[3.515s]    700K .......... .......... .......... .......... .......... 18% 10.5M 0s
[3.516s]    750K .......... .......... .......... .......... .......... 19% 39.4M 0s
[3.525s]    800K .......... .......... .......... .......... .......... 20% 5.94M 0s
[3.526s]    850K .......... .......... .......... .......... .......... 21% 51.5M 0s
[3.526s]    900K .......... .......... .......... .......... .......... 23%  101M 0s
[3.529s]    950K .......... .......... .......... .......... .......... 24% 19.5M 0s
[3.529s]   1000K .......... .......... .......... .......... .......... 25%  129M 0s
[3.532s]   1050K .......... .......... .......... .......... .......... 26% 15.5M 0s
[3.548s]   1100K .......... .......... .......... .......... .......... 28% 3.02M 0s
[3.550s]   1150K .......... .......... .......... .......... .......... 29% 32.0M 0s
[3.551s]   1200K .......... .......... .......... .......... .......... 30% 83.0M 0s
[3.551s]   1250K .......... .......... .......... .......... .......... 31%  136M 0s
[3.551s]   1300K .......... .......... .......... .......... .......... 32%  124M 0s
[3.552s]   1350K .......... .......... .......... .......... .......... 34% 95.4M 0s
[3.552s]   1400K .......... .......... .......... .......... .......... 35% 76.7M 0s
[3.553s]   1450K .......... .......... .......... .......... .......... 36% 58.9M 0s
[3.553s]   1500K .......... .......... .......... .......... .......... 37%  120M 0s
[3.554s]   1550K .......... .......... .......... .......... .......... 39% 98.4M 0s
[3.554s]   1600K .......... .......... .......... .......... .......... 40%  101M 0s
[3.555s]   1650K .......... .......... .......... .......... .......... 41% 48.4M 0s
[3.556s]   1700K .......... .......... .......... .......... .......... 42% 95.5M 0s
[3.565s]   1750K .......... .......... .......... .......... .......... 43% 5.42M 0s
[3.566s]   1800K .......... .......... .......... .......... .......... 45% 61.0M 0s
[3.566s]   1850K .......... .......... .......... .......... .......... 46%  111M 0s
[3.569s]   1900K .......... .......... .......... .......... .......... 47% 17.9M 0s
[3.570s]   1950K .......... .......... .......... .......... .......... 48% 95.2M 0s
[3.570s]   2000K .......... .......... .......... .......... .......... 50% 89.7M 0s
[3.574s]   2050K .......... .......... .......... .......... .......... 51% 11.0M 0s
[3.576s]   2100K .......... .......... .......... .......... .......... 52% 25.2M 0s
[3.577s]   2150K .......... .......... .......... .......... .......... 53%  137M 0s
[3.579s]   2200K .......... .......... .......... .......... .......... 54% 24.4M 0s
[3.579s]   2250K .......... .......... .......... .......... .......... 56%  151M 0s
[3.579s]   2300K .......... .......... .......... .......... .......... 57% 99.5M 0s
[3.581s]   2350K .......... .......... .......... .......... .......... 58% 31.2M 0s
[3.583s]   2400K .......... .......... .......... .......... .......... 59% 33.0M 0s
[3.583s]   2450K .......... .......... .......... .......... .......... 61%  106M 0s
[3.584s]   2500K .......... .......... .......... .......... .......... 62% 63.2M 0s
[3.584s]   2550K .......... .......... .......... .......... .......... 63% 94.6M 0s
[3.585s]   2600K .......... .......... .......... .......... .......... 64% 67.3M 0s
[3.585s]   2650K .......... .......... .......... .......... .......... 65%  126M 0s
[3.586s]   2700K .......... .......... .......... .......... .......... 67%  111M 0s
[3.586s]   2750K .......... .......... .......... .......... .......... 68% 98.4M 0s
[3.587s]   2800K .......... .......... .......... .......... .......... 69% 67.9M 0s
[3.587s]   2850K .......... .......... .......... .......... .......... 70% 96.7M 0s
[3.588s]   2900K .......... .......... .......... .......... .......... 72% 68.6M 0s
[3.589s]   2950K .......... .......... .......... .......... .......... 73%  114M 0s
[3.589s]   3000K .......... .......... .......... .......... .......... 74%  126M 0s
[3.589s]   3050K .......... .......... .......... .......... .......... 75% 91.9M 0s
[3.590s]   3100K .......... .......... .......... .......... .......... 76% 92.3M 0s
[3.594s]   3150K .......... .......... .......... .......... .......... 78% 13.8M 0s
[3.594s]   3200K .......... .......... .......... .......... .......... 79% 56.9M 0s
[3.595s]   3250K .......... .......... .......... .......... .......... 80% 99.4M 0s
[3.597s]   3300K .......... .......... .......... .......... .......... 81% 29.7M 0s
[3.615s]   3350K .......... .......... .......... .......... .......... 83% 2.65M 0s
[3.615s]   3400K .......... .......... .......... .......... .......... 84%  104M 0s
[3.617s]   3450K .......... .......... .......... .......... .......... 85% 33.5M 0s
[3.618s]   3500K .......... .......... .......... .......... .......... 86% 68.9M 0s
[3.619s]   3550K .......... .......... .......... .......... .......... 87% 32.0M 0s
[3.619s]   3600K .......... .......... .......... .......... .......... 89%  127M 0s
[3.620s]   3650K .......... .......... .......... .......... .......... 90%  105M 0s
[3.620s]   3700K .......... .......... .......... .......... .......... 91%  123M 0s
[3.621s]   3750K .......... .......... .......... .......... .......... 92% 63.4M 0s
[3.624s]   3800K .......... .......... .......... .......... .......... 93% 16.8M 0s
[3.625s]   3850K .......... .......... .......... .......... .......... 95%  103M 0s
[3.625s]   3900K .......... .......... .......... .......... .......... 96% 80.6M 0s
[3.626s]   3950K .......... .......... .......... .......... .......... 97% 54.7M 0s
[3.627s]   4000K .......... .......... .......... .......... .......... 98% 71.5M 0s
[3.627s]   4050K .......... .......... .......... .......... ......    100%  121M=0.2s
[3.627s] 
[3.627s] 2024-11-08 02:02:43 (20.2 MB/s) - ‘/home/dpkings/Multi-map/build/multirobot_map_merge/map05.pgm’ saved [4194362/4194362]
[3.628s] 
[3.629s] Checking MD5 sum of /home/dpkings/Multi-map/build/multirobot_map_merge/map05.pgm
[3.639s] /home/dpkings/Multi-map/build/multirobot_map_merge/map05.pgm: OK
[3.646s] --2024-11-08 02:02:43--  https://raw.githubusercontent.com/hrnr/m-explore-extra/master/map_merge/gmapping_maps/2011-08-09-12-22-52.pgm
[3.650s] Resolving raw.githubusercontent.com (raw.githubusercontent.com)... 185.199.108.133, 185.199.109.133, 185.199.110.133, ...
[3.654s] Connecting to raw.githubusercontent.com (raw.githubusercontent.com)|185.199.108.133|:443... connected.
[4.931s] HTTP request sent, awaiting response... 200 OK
[4.931s] Length: 16000058 (15M) [application/octet-stream]
[4.931s] Saving to: ‘/home/dpkings/Multi-map/build/multirobot_map_merge/2011-08-09-12-22-52.pgm’
[4.931s] 
[4.960s]      0K .......... .......... .......... .......... ..........  0% 1.65M 9s
[4.972s]     50K .......... .......... .......... .......... ..........  0% 4.08M 6s
[4.978s]    100K .......... .......... .......... .......... ..........  0% 8.42M 5s
[4.986s]    150K .......... .......... .......... .......... ..........  1% 6.00M 4s
[4.994s]    200K .......... .......... .......... .......... ..........  1% 6.72M 4s
[4.996s]    250K .......... .......... .......... .......... ..........  1% 17.9M 3s
[5.002s]    300K .......... .......... .......... .......... ..........  2% 8.56M 3s
[5.012s]    350K .......... .......... .......... .......... ..........  2% 4.71M 3s
[5.016s]    400K .......... .......... .......... .......... ..........  2% 12.9M 3s
[5.018s]    450K .......... .......... .......... .......... ..........  3% 21.4M 3s
[5.021s]    500K .......... .......... .......... .......... ..........  3% 21.6M 2s
[5.025s]    550K .......... .......... .......... .......... ..........  3% 12.6M 2s
[5.025s]    600K .......... .......... .......... .......... ..........  4% 54.2M 2s
[5.030s]    650K .......... .......... .......... .......... ..........  4% 10.7M 2s
[5.035s]    700K .......... .......... .......... .......... ..........  4% 10.7M 2s
[5.039s]    750K .......... .......... .......... .......... ..........  5% 11.1M 2s
[5.042s]    800K .......... .......... .......... .......... ..........  5% 14.4M 2s
[5.045s]    850K .......... .......... .......... .......... ..........  5% 15.1M 2s
[5.046s]    900K .......... .......... .......... .......... ..........  6%  103M 2s
[5.050s]    950K .......... .......... .......... .......... ..........  6% 10.9M 2s
[5.057s]   1000K .......... .......... .......... .......... ..........  6% 7.22M 2s
[5.058s]   1050K .......... .......... .......... .......... ..........  7% 65.5M 2s
[5.062s]   1100K .......... .......... .......... .......... ..........  7% 14.4M 2s
[5.062s]   1150K .......... .......... .......... .......... ..........  7%  143M 2s
[5.063s]   1200K .......... .......... .......... .......... ..........  7% 30.7M 2s
[5.064s]   1250K .......... .......... .......... .......... ..........  8% 62.6M 1s
[5.065s]   1300K .......... .......... .......... .......... ..........  8%  124M 1s
[5.068s]   1350K .......... .......... .......... .......... ..........  8% 13.8M 1s
[5.068s]   1400K .......... .......... .......... .......... ..........  9%  132M 1s
[5.071s]   1450K .......... .......... .......... .......... ..........  9% 20.9M 1s
[5.078s]   1500K .......... .......... .......... .......... ..........  9% 6.41M 1s
[5.079s]   1550K .......... .......... .......... .......... .......... 10%  103M 1s
[5.080s]   1600K .......... .......... .......... .......... .......... 10% 73.6M 1s
[5.082s]   1650K .......... .......... .......... .......... .......... 10% 16.9M 1s
[5.083s]   1700K .......... .......... .......... .......... .......... 11% 63.6M 1s
[5.086s]   1750K .......... .......... .......... .......... .......... 11% 17.8M 1s
[5.087s]   1800K .......... .......... .......... .......... .......... 11% 69.0M 1s
[5.087s]   1850K .......... .......... .......... .......... .......... 12%  125M 1s
[5.087s]   1900K .......... .......... .......... .......... .......... 12%  127M 1s
[5.089s]   1950K .......... .......... .......... .......... .......... 12% 28.0M 1s
[5.090s]   2000K .......... .......... .......... .......... .......... 13% 49.7M 1s
[5.091s]   2050K .......... .......... .......... .......... .......... 13%  113M 1s
[5.092s]   2100K .......... .......... .......... .......... .......... 13% 40.6M 1s
[5.097s]   2150K .......... .......... .......... .......... .......... 14% 9.80M 1s
[5.097s]   2200K .......... .......... .......... .......... .......... 14% 59.3M 1s
[5.098s]   2250K .......... .......... .......... .......... .......... 14% 83.1M 1s
[5.099s]   2300K .......... .......... .......... .......... .......... 15% 65.5M 1s
[5.100s]   2350K .......... .......... .......... .......... .......... 15% 44.9M 1s
[5.101s]   2400K .......... .......... .......... .......... .......... 15% 46.5M 1s
[5.102s]   2450K .......... .......... .......... .......... .......... 15% 53.1M 1s
[5.105s]   2500K .......... .......... .......... .......... .......... 16% 17.5M 1s
[5.105s]   2550K .......... .......... .......... .......... .......... 16% 96.2M 1s
[5.106s]   2600K .......... .......... .......... .......... .......... 16% 57.5M 1s
[5.107s]   2650K .......... .......... .......... .......... .......... 17% 36.1M 1s
[5.108s]   2700K .......... .......... .......... .......... .......... 17% 86.2M 1s
[5.109s]   2750K .......... .......... .......... .......... .......... 17% 60.6M 1s
[5.109s]   2800K .......... .......... .......... .......... .......... 18% 66.9M 1s
[5.111s]   2850K .......... .......... .......... .......... .......... 18% 41.8M 1s
[5.111s]   2900K .......... .......... .......... .......... .......... 18% 98.3M 1s
[5.112s]   2950K .......... .......... .......... .......... .......... 19% 47.3M 1s
[5.113s]   3000K .......... .......... .......... .......... .......... 19% 40.8M 1s
[5.114s]   3050K .......... .......... .......... .......... .......... 19% 45.2M 1s
[5.115s]   3100K .......... .......... .......... .......... .......... 20% 90.2M 1s
[5.116s]   3150K .......... .......... .......... .......... .......... 20% 69.4M 1s
[5.117s]   3200K .......... .......... .......... .......... .......... 20% 45.4M 1s
[5.118s]   3250K .......... .......... .......... .......... .......... 21% 34.5M 1s
[5.119s]   3300K .......... .......... .......... .......... .......... 21% 76.1M 1s
[5.119s]   3350K .......... .......... .......... .......... .......... 21% 78.6M 1s
[5.121s]   3400K .......... .......... .......... .......... .......... 22% 24.7M 1s
[5.124s]   3450K .......... .......... .......... .......... .......... 22% 20.7M 1s
[5.124s]   3500K .......... .......... .......... .......... .......... 22% 77.3M 1s
[5.125s]   3550K .......... .......... .......... .......... .......... 23%  124M 1s
[5.126s]   3600K .......... .......... .......... .......... .......... 23% 69.7M 1s
[5.126s]   3650K .......... .......... .......... .......... .......... 23% 98.5M 1s
[5.127s]   3700K .......... .......... .......... .......... .......... 23% 70.5M 1s
[5.127s]   3750K .......... .......... .......... .......... .......... 24%  120M 1s
[5.128s]   3800K .......... .......... .......... .......... .......... 24%  126M 1s
[5.128s]   3850K .......... .......... .......... .......... .......... 24%  123M 1s
[5.128s]   3900K .......... .......... .......... .......... .......... 25%  116M 1s
[5.130s]   3950K .......... .......... .......... .......... .......... 25% 41.4M 1s
[5.131s]   4000K .......... .......... .......... .......... .......... 25% 39.1M 1s
[5.132s]   4050K .......... .......... .......... .......... .......... 26% 64.0M 1s
[5.132s]   4100K .......... .......... .......... .......... .......... 26%  114M 1s
[5.133s]   4150K .......... .......... .......... .......... .......... 26% 44.5M 1s
[5.134s]   4200K .......... .......... .......... .......... .......... 27% 36.0M 1s
[5.135s]   4250K .......... .......... .......... .......... .......... 27%  113M 1s
[5.135s]   4300K .......... .......... .......... .......... .......... 27% 95.0M 1s
[5.137s]   4350K .......... .......... .......... .......... .......... 28% 42.5M 1s
[5.138s]   4400K .......... .......... .......... .......... .......... 28% 34.8M 1s
[5.140s]   4450K .......... .......... .......... .......... .......... 28% 23.9M 1s
[5.141s]   4500K .......... .......... .......... .......... .......... 29% 57.7M 1s
[5.141s]   4550K .......... .......... .......... .......... .......... 29% 68.2M 1s
[5.142s]   4600K .......... .......... .......... .......... .......... 29% 59.5M 0s
[5.143s]   4650K .......... .......... .......... .......... .......... 30% 52.0M 0s
[5.143s]   4700K .......... .......... .......... .......... .......... 30%  149M 0s
[5.144s]   4750K .......... .......... .......... .......... .......... 30%  115M 0s
[5.145s]   4800K .......... .......... .......... .......... .......... 31% 71.3M 0s
[5.146s]   4850K .......... .......... .......... .......... .......... 31% 54.3M 0s
[5.148s]   4900K .......... .......... .......... .......... .......... 31% 19.4M 0s
[5.148s]   4950K .......... .......... .......... .......... .......... 31%  127M 0s
[5.149s]   5000K .......... .......... .......... .......... .......... 32%  116M 0s
[5.152s]   5050K .......... .......... .......... .......... .......... 32% 15.9M 0s
[5.152s]   5100K .......... .......... .......... .......... .......... 32%  171M 0s
[5.154s]   5150K .......... .......... .......... .......... .......... 33%  130M 0s
[5.154s]   5200K .......... .......... .......... .......... .......... 33% 34.2M 0s
[5.154s]   5250K .......... .......... .......... .......... .......... 33%  124M 0s
[5.155s]   5300K .......... .......... .......... .......... .......... 34% 71.0M 0s
[5.155s]   5350K .......... .......... .......... .......... .......... 34%  129M 0s
[5.156s]   5400K .......... .......... .......... .......... .......... 34%  115M 0s
[5.159s]   5450K .......... .......... .......... .......... .......... 35% 19.3M 0s
[5.159s]   5500K .......... .......... .......... .......... .......... 35%  120M 0s
[5.159s]   5550K .......... .......... .......... .......... .......... 35%  128M 0s
[5.162s]   5600K .......... .......... .......... .......... .......... 36% 19.2M 0s
[5.163s]   5650K .......... .......... .......... .......... .......... 36% 33.9M 0s
[5.164s]   5700K .......... .......... .......... .......... .......... 36%  144M 0s
[5.164s]   5750K .......... .......... .......... .......... .......... 37%  108M 0s
[5.164s]   5800K .......... .......... .......... .......... .......... 37%  124M 0s
[5.165s]   5850K .......... .......... .......... .......... .......... 37%  100M 0s
[5.165s]   5900K .......... .......... .......... .......... .......... 38%  129M 0s
[5.167s]   5950K .......... .......... .......... .......... .......... 38% 32.8M 0s
[5.167s]   6000K .......... .......... .......... .......... .......... 38%  127M 0s
[5.168s]   6050K .......... .......... .......... .......... .......... 39%  134M 0s
[5.169s]   6100K .......... .......... .......... .......... .......... 39% 96.1M 0s
[5.169s]   6150K .......... .......... .......... .......... .......... 39% 75.5M 0s
[5.170s]   6200K .......... .......... .......... .......... .......... 39% 42.8M 0s
[5.170s]   6250K .......... .......... .......... .......... .......... 40%  123M 0s
[5.171s]   6300K .......... .......... .......... .......... .......... 40%  132M 0s
[5.171s]   6350K .......... .......... .......... .......... .......... 40%  116M 0s
[5.172s]   6400K .......... .......... .......... .......... .......... 41% 91.5M 0s
[5.174s]   6450K .......... .......... .......... .......... .......... 41% 19.1M 0s
[5.174s]   6500K .......... .......... .......... .......... .......... 41%  129M 0s
[5.175s]   6550K .......... .......... .......... .......... .......... 42%  125M 0s
[5.175s]   6600K .......... .......... .......... .......... .......... 42%  118M 0s
[5.176s]   6650K .......... .......... .......... .......... .......... 42% 98.0M 0s
[5.177s]   6700K .......... .......... .......... .......... .......... 43% 34.4M 0s
[5.178s]   6750K .......... .......... .......... .......... .......... 43%  127M 0s
[5.179s]   6800K .......... .......... .......... .......... .......... 43% 44.3M 0s
[5.180s]   6850K .......... .......... .......... .......... .......... 44% 29.9M 0s
[5.181s]   6900K .......... .......... .......... .......... .......... 44%  135M 0s
[5.184s]   6950K .......... .......... .......... .......... .......... 44% 17.5M 0s
[5.184s]   7000K .......... .......... .......... .......... .......... 45%  119M 0s
[5.185s]   7050K .......... .......... .......... .......... .......... 45% 32.5M 0s
[5.186s]   7100K .......... .......... .......... .......... .......... 45%  114M 0s
[5.188s]   7150K .......... .......... .......... .......... .......... 46% 21.3M 0s
[5.189s]   7200K .......... .......... .......... .......... .......... 46% 34.5M 0s
[5.190s]   7250K .......... .......... .......... .......... .......... 46%  120M 0s
[5.190s]   7300K .......... .......... .......... .......... .......... 47%  114M 0s
[5.191s]   7350K .......... .......... .......... .......... .......... 47%  129M 0s
[5.191s]   7400K .......... .......... .......... .......... .......... 47% 98.0M 0s
[5.192s]   7450K .......... .......... .......... .......... .......... 47%  116M 0s
[5.192s]   7500K .......... .......... .......... .......... .......... 48%  104M 0s
[5.193s]   7550K .......... .......... .......... .......... .......... 48%  124M 0s
[5.193s]   7600K .......... .......... .......... .......... .......... 48% 81.0M 0s
[5.193s]   7650K .......... .......... .......... .......... .......... 49%  125M 0s
[5.195s]   7700K .......... .......... .......... .......... .......... 49% 30.1M 0s
[5.196s]   7750K .......... .......... .......... .......... .......... 49%  122M 0s
[5.196s]   7800K .......... .......... .......... .......... .......... 50%  125M 0s
[5.197s]   7850K .......... .......... .......... .......... .......... 50% 32.9M 0s
[5.198s]   7900K .......... .......... .......... .......... .......... 50%  126M 0s
[5.201s]   7950K .......... .......... .......... .......... .......... 51% 93.7M 0s
[5.201s]   8000K .......... .......... .......... .......... .......... 51% 15.9M 0s
[5.202s]   8050K .......... .......... .......... .......... .......... 51% 90.5M 0s
[5.202s]   8100K .......... .......... .......... .......... .......... 52%  194M 0s
[5.203s]   8150K .......... .......... .......... .......... .......... 52%  100M 0s
[5.203s]   8200K .......... .......... .......... .......... .......... 52%  116M 0s
[5.206s]   8250K .......... .......... .......... .......... .......... 53% 15.8M 0s
[5.207s]   8300K .......... .......... .......... .......... .......... 53%  118M 0s
[5.208s]   8350K .......... .......... .......... .......... .......... 53% 38.3M 0s
[5.209s]   8400K .......... .......... .......... .......... .......... 54% 76.8M 0s
[5.209s]   8450K .......... .......... .......... .......... .......... 54%  124M 0s
[5.211s]   8500K .......... .......... .......... .......... .......... 54% 26.0M 0s
[5.211s]   8550K .......... .......... .......... .......... .......... 55%  119M 0s
[5.212s]   8600K .......... .......... .......... .......... .......... 55%  120M 0s
[5.212s]   8650K .......... .......... .......... .......... .......... 55%  122M 0s
[5.212s]   8700K .......... .......... .......... .......... .......... 55% 92.7M 0s
[5.214s]   8750K .......... .......... .......... .......... .......... 56% 37.9M 0s
[5.214s]   8800K .......... .......... .......... .......... .......... 56% 82.1M 0s
[5.215s]   8850K .......... .......... .......... .......... .......... 56%  128M 0s
[5.218s]   8900K .......... .......... .......... .......... .......... 57% 14.9M 0s
[5.218s]   8950K .......... .......... .......... .......... .......... 57%  124M 0s
[5.219s]   9000K .......... .......... .......... .......... .......... 57%  105M 0s
[5.220s]   9050K .......... .......... .......... .......... .......... 58% 78.2M 0s
[5.220s]   9100K .......... .......... .......... .......... .......... 58%  123M 0s
[5.221s]   9150K .......... .......... .......... .......... .......... 58% 99.0M 0s
[5.221s]   9200K .......... .......... .......... .......... .......... 59%  102M 0s
[5.221s]   9250K .......... .......... .......... .......... .......... 59%  129M 0s
[5.222s]   9300K .......... .......... .......... .......... .......... 59% 96.9M 0s
[5.222s]   9350K .......... .......... .......... .......... .......... 60%  126M 0s
[5.223s]   9400K .......... .......... .......... .......... .......... 60%  120M 0s
[5.223s]   9450K .......... .......... .......... .......... .......... 60%  114M 0s
[5.225s]   9500K .......... .......... .......... .......... .......... 61% 24.5M 0s
[5.225s]   9550K .......... .......... .......... .......... .......... 61%  110M 0s
[5.226s]   9600K .......... .......... .......... .......... .......... 61% 70.4M 0s
[5.226s]   9650K .......... .......... .......... .......... .......... 62%  123M 0s
[5.227s]   9700K .......... .......... .......... .......... .......... 62% 98.0M 0s
[5.229s]   9750K .......... .......... .......... .......... .......... 62% 23.7M 0s
[5.230s]   9800K .......... .......... .......... .......... .......... 63%  102M 0s
[5.230s]   9850K .......... .......... .......... .......... .......... 63%  121M 0s
[5.231s]   9900K .......... .......... .......... .......... .......... 63%  123M 0s
[5.231s]   9950K .......... .......... .......... .......... .......... 63%  127M 0s
[5.234s]  10000K .......... .......... .......... .......... .......... 64% 23.1M 0s
[5.235s]  10050K .......... .......... .......... .......... .......... 64% 84.3M 0s
[5.235s]  10100K .......... .......... .......... .......... .......... 64%  228M 0s
[5.235s]  10150K .......... .......... .......... .......... .......... 65%  134M 0s
[5.235s]  10200K .......... .......... .......... .......... .......... 65%  102M 0s
[5.238s]  10250K .......... .......... .......... .......... .......... 65% 16.0M 0s
[5.238s]  10300K .......... .......... .......... .......... .......... 66%  164M 0s
[5.239s]  10350K .......... .......... .......... .......... .......... 66% 55.0M 0s
[5.239s]  10400K .......... .......... .......... .......... .......... 66%  105M 0s
[5.240s]  10450K .......... .......... .......... .......... .......... 67% 99.8M 0s
[5.241s]  10500K .......... .......... .......... .......... .......... 67% 34.7M 0s
[5.243s]  10550K .......... .......... .......... .......... .......... 67% 30.9M 0s
[5.243s]  10600K .......... .......... .......... .......... .......... 68% 88.6M 0s
[5.244s]  10650K .......... .......... .......... .......... .......... 68%  119M 0s
[5.244s]  10700K .......... .......... .......... .......... .......... 68%  121M 0s
[5.245s]  10750K .......... .......... .......... .......... .......... 69%  120M 0s
[5.246s]  10800K .......... .......... .......... .......... .......... 69% 47.6M 0s
[5.247s]  10850K .......... .......... .......... .......... .......... 69% 30.7M 0s
[5.247s]  10900K .......... .......... .......... .......... .......... 70%  129M 0s
[5.248s]  10950K .......... .......... .......... .......... .......... 70%  124M 0s
[5.248s]  11000K .......... .......... .......... .......... .......... 70%  104M 0s
[5.251s]  11050K .......... .......... .......... .......... .......... 71% 21.2M 0s
[5.251s]  11100K .......... .......... .......... .......... .......... 71%  106M 0s
[5.252s]  11150K .......... .......... .......... .......... .......... 71%  119M 0s
[5.252s]  11200K .......... .......... .......... .......... .......... 71% 82.8M 0s
[5.252s]  11250K .......... .......... .......... .......... .......... 72%  119M 0s
[5.254s]  11300K .......... .......... .......... .......... .......... 72% 43.8M 0s
[5.254s]  11350K .......... .......... .......... .......... .......... 72%  114M 0s
[5.256s]  11400K .......... .......... .......... .......... .......... 73% 26.7M 0s
[5.257s]  11450K .......... .......... .......... .......... .......... 73% 52.5M 0s
[5.257s]  11500K .......... .......... .......... .......... .......... 73%  131M 0s
[5.259s]  11550K .......... .......... .......... .......... .......... 74% 26.9M 0s
[5.259s]  11600K .......... .......... .......... .......... .......... 74% 94.1M 0s
[5.260s]  11650K .......... .......... .......... .......... .......... 74% 94.7M 0s
[5.261s]  11700K .......... .......... .......... .......... .......... 75% 55.7M 0s
[5.262s]  11750K .......... .......... .......... .......... .......... 75% 80.9M 0s
[5.264s]  11800K .......... .......... .......... .......... .......... 75% 23.0M 0s
[5.264s]  11850K .......... .......... .......... .......... .......... 76%  102M 0s
[5.265s]  11900K .......... .......... .......... .......... .......... 76%  113M 0s
[5.265s]  11950K .......... .......... .......... .......... .......... 76% 92.3M 0s
[5.266s]  12000K .......... .......... .......... .......... .......... 77%  103M 0s
[5.267s]  12050K .......... .......... .......... .......... .......... 77% 32.6M 0s
[5.267s]  12100K .......... .......... .......... .......... .......... 77%  118M 0s
[5.268s]  12150K .......... .......... .......... .......... .......... 78%  124M 0s
[5.268s]  12200K .......... .......... .......... .......... .......... 78% 92.8M 0s
[5.269s]  12250K .......... .......... .......... .......... .......... 78%  184M 0s
[5.270s]  12300K .......... .......... .......... .......... .......... 79% 39.7M 0s
[5.270s]  12350K .......... .......... .......... .......... .......... 79%  129M 0s
[5.271s]  12400K .......... .......... .......... .......... .......... 79% 83.3M 0s
[5.271s]  12450K .......... .......... .......... .......... .......... 79%  121M 0s
[5.272s]  12500K .......... .......... .......... .......... .......... 80% 94.0M 0s
[5.273s]  12550K .......... .......... .......... .......... .......... 80% 51.0M 0s
[5.273s]  12600K .......... .......... .......... .......... .......... 80%  103M 0s
[5.274s]  12650K .......... .......... .......... .......... .......... 81%  119M 0s
[5.274s]  12700K .......... .......... .......... .......... .......... 81%  132M 0s
[5.275s]  12750K .......... .......... .......... .......... .......... 81%  126M 0s
[5.276s]  12800K .......... .......... .......... .......... .......... 82% 35.4M 0s
[5.276s]  12850K .......... .......... .......... .......... .......... 82% 97.7M 0s
[5.277s]  12900K .......... .......... .......... .......... .......... 82%  119M 0s
[5.277s]  12950K .......... .......... .......... .......... .......... 83%  127M 0s
[5.277s]  13000K .......... .......... .......... .......... .......... 83%  126M 0s
[5.281s]  13050K .......... .......... .......... .......... .......... 83% 14.3M 0s
[5.281s]  13100K .......... .......... .......... .......... .......... 84%  203M 0s
[5.282s]  13150K .......... .......... .......... .......... .......... 84% 99.1M 0s
[5.282s]  13200K .......... .......... .......... .......... .......... 84% 79.3M 0s
[5.283s]  13250K .......... .......... .......... .......... .......... 85%  128M 0s
[5.284s]  13300K .......... .......... .......... .......... .......... 85% 38.1M 0s
[5.284s]  13350K .......... .......... .......... .......... .......... 85%  143M 0s
[5.285s]  13400K .......... .......... .......... .......... .......... 86% 92.7M 0s
[5.285s]  13450K .......... .......... .......... .......... .......... 86%  126M 0s
[5.286s]  13500K .......... .......... .......... .......... .......... 86%  121M 0s
[5.288s]  13550K .......... .......... .......... .......... .......... 87%  115M 0s
[5.288s]  13600K .......... .......... .......... .......... .......... 87% 20.4M 0s
[5.289s]  13650K .......... .......... .......... .......... .......... 87%  136M 0s
[5.290s]  13700K .......... .......... .......... .......... .......... 87% 38.9M 0s
[5.290s]  13750K .......... .......... .......... .......... .......... 88%  123M 0s
[5.291s]  13800K .......... .......... .......... .......... .......... 88%  116M 0s
[5.292s]  13850K .......... .......... .......... .......... .......... 88% 31.1M 0s
[5.293s]  13900K .......... .......... .......... .......... .......... 89%  102M 0s
[5.293s]  13950K .......... .......... .......... .......... .......... 89%  127M 0s
[5.294s]  14000K .......... .......... .......... .......... .......... 89%  104M 0s
[5.294s]  14050K .......... .......... .......... .......... .......... 90% 94.1M 0s
[5.297s]  14100K .......... .......... .......... .......... .......... 90% 19.5M 0s
[5.298s]  14150K .......... .......... .......... .......... .......... 90% 55.9M 0s
[5.298s]  14200K .......... .......... .......... .......... .......... 91% 76.0M 0s
[5.299s]  14250K .......... .......... .......... .......... .......... 91%  126M 0s
[5.299s]  14300K .......... .......... .......... .......... .......... 91%  120M 0s
[5.301s]  14350K .......... .......... .......... .......... .......... 92% 27.4M 0s
[5.301s]  14400K .......... .......... .......... .......... .......... 92% 67.1M 0s
[5.302s]  14450K .......... .......... .......... .......... .......... 92%  231M 0s
[5.302s]  14500K .......... .......... .......... .......... .......... 93%  124M 0s
[5.303s]  14550K .......... .......... .......... .......... .......... 93%  104M 0s
[5.304s]  14600K .......... .......... .......... .......... .......... 93% 36.2M 0s
[5.305s]  14650K .......... .......... .......... .......... .......... 94%  111M 0s
[5.305s]  14700K .......... .......... .......... .......... .......... 94%  124M 0s
[5.305s]  14750K .......... .......... .......... .......... .......... 94%  123M 0s
[5.306s]  14800K .......... .......... .......... .......... .......... 95% 64.6M 0s
[5.308s]  14850K .......... .......... .......... .......... .......... 95% 22.0M 0s
[5.309s]  14900K .......... .......... .......... .......... .......... 95%  107M 0s
[5.309s]  14950K .......... .......... .......... .......... .......... 95%  115M 0s
[5.310s]  15000K .......... .......... .......... .......... .......... 96% 50.8M 0s
[5.310s]  15050K .......... .......... .......... .......... .......... 96%  104M 0s
[5.319s]  15100K .......... .......... .......... .......... .......... 96% 6.14M 0s
[5.319s]  15150K .......... .......... .......... .......... .......... 97%  169M 0s
[5.319s]  15200K .......... .......... .......... .......... .......... 97% 97.4M 0s
[5.320s]  15250K .......... .......... .......... .......... .......... 97%  139M 0s
[5.320s]  15300K .......... .......... .......... .......... .......... 98%  120M 0s
[5.321s]  15350K .......... .......... .......... .......... .......... 98% 51.7M 0s
[5.321s]  15400K .......... .......... .......... .......... .......... 98%  122M 0s
[5.322s]  15450K .......... .......... .......... .......... .......... 99%  102M 0s
[5.322s]  15500K .......... .......... .......... .......... .......... 99%  123M 0s
[5.323s]  15550K .......... .......... .......... .......... .......... 99%  123M 0s
[5.323s]  15600K .......... .......... .....                           100% 88.2M=0.4s
[5.323s] 
[5.323s] 2024-11-08 02:02:45 (38.9 MB/s) - ‘/home/dpkings/Multi-map/build/multirobot_map_merge/2011-08-09-12-22-52.pgm’ saved [16000058/16000058]
[5.323s] 
[5.324s] Checking MD5 sum of /home/dpkings/Multi-map/build/multirobot_map_merge/2011-08-09-12-22-52.pgm
[5.353s] /home/dpkings/Multi-map/build/multirobot_map_merge/2011-08-09-12-22-52.pgm: OK
[5.358s] --2024-11-08 02:02:45--  https://raw.githubusercontent.com/hrnr/m-explore-extra/master/map_merge/gmapping_maps/2012-01-28-11-12-01.pgm
[5.361s] Resolving raw.githubusercontent.com (raw.githubusercontent.com)... 185.199.109.133, 185.199.110.133, 185.199.111.133, ...
[5.362s] Connecting to raw.githubusercontent.com (raw.githubusercontent.com)|185.199.109.133|:443... connected.
[6.656s] HTTP request sent, awaiting response... 200 OK
[6.656s] Length: 16000058 (15M) [application/octet-stream]
[6.656s] Saving to: ‘/home/dpkings/Multi-map/build/multirobot_map_merge/2012-01-28-11-12-01.pgm’
[6.666s] 
[6.690s]      0K .......... .......... .......... .......... ..........  0% 1.43M 11s
[6.700s]     50K .......... .......... .......... .......... ..........  0% 4.88M 7s
[6.705s]    100K .......... .......... .......... .......... ..........  0% 8.29M 5s
[6.715s]    150K .......... .......... .......... .......... ..........  1% 5.11M 5s
[6.721s]    200K .......... .......... .......... .......... ..........  1% 8.42M 4s
[6.731s]    250K .......... .......... .......... .......... ..........  1% 4.86M 4s
[6.737s]    300K .......... .......... .......... .......... ..........  2% 8.34M 4s
[6.747s]    350K .......... .......... .......... .......... ..........  2% 5.92M 3s
[6.753s]    400K .......... .......... .......... .......... ..........  2% 6.39M 3s
[6.760s]    450K .......... .......... .......... .......... ..........  3% 6.43M 3s
[6.767s]    500K .......... .......... .......... .......... ..........  3% 7.52M 3s
[6.773s]    550K .......... .......... .......... .......... ..........  3% 8.00M 3s
[6.780s]    600K .......... .......... .......... .......... ..........  4% 6.97M 3s
[6.787s]    650K .......... .......... .......... .......... ..........  4% 7.01M 3s
[6.793s]    700K .......... .......... .......... .......... ..........  4% 7.60M 3s
[6.800s]    750K .......... .......... .......... .......... ..........  5% 10.5M 3s
[6.806s]    800K .......... .......... .......... .......... ..........  5% 6.23M 3s
[6.813s]    850K .......... .......... .......... .......... ..........  5% 6.63M 3s
[6.818s]    900K .......... .......... .......... .......... ..........  6% 9.72M 3s
[6.825s]    950K .......... .......... .......... .......... ..........  6% 7.49M 2s
[6.829s]   1000K .......... .......... .......... .......... ..........  6% 10.6M 2s
[6.836s]   1050K .......... .......... .......... .......... ..........  7% 7.71M 2s
[6.840s]   1100K .......... .......... .......... .......... ..........  7% 9.78M 2s
[6.851s]   1150K .......... .......... .......... .......... ..........  7% 10.8M 2s
[6.853s]   1200K .......... .......... .......... .......... ..........  7% 5.78M 2s
[6.858s]   1250K .......... .......... .......... .......... ..........  8% 10.5M 2s
[6.863s]   1300K .......... .......... .......... .......... ..........  8% 10.6M 2s
[6.869s]   1350K .......... .......... .......... .......... ..........  8% 7.31M 2s
[6.873s]   1400K .......... .......... .......... .......... ..........  9% 13.3M 2s
[6.877s]   1450K .......... .......... .......... .......... ..........  9% 11.0M 2s
[6.884s]   1500K .......... .......... .......... .......... ..........  9% 7.33M 2s
[6.889s]   1550K .......... .......... .......... .......... .......... 10% 11.6M 2s
[6.892s]   1600K .......... .......... .......... .......... .......... 10% 12.7M 2s
[6.900s]   1650K .......... .......... .......... .......... .......... 10% 6.50M 2s
[6.903s]   1700K .......... .......... .......... .......... .......... 11% 14.3M 2s
[6.907s]   1750K .......... .......... .......... .......... .......... 11% 12.2M 2s
[6.915s]   1800K .......... .......... .......... .......... .......... 11% 6.65M 2s
[6.916s]   1850K .......... .......... .......... .......... .......... 12% 27.4M 2s
[6.920s]   1900K .......... .......... .......... .......... .......... 12% 12.1M 2s
[6.930s]   1950K .......... .......... .......... .......... .......... 12% 15.5M 2s
[6.933s]   2000K .......... .......... .......... .......... .......... 13% 5.23M 2s
[6.936s]   2050K .......... .......... .......... .......... .......... 13% 13.7M 2s
[6.940s]   2100K .......... .......... .......... .......... .......... 13% 15.2M 2s
[6.946s]   2150K .......... .......... .......... .......... .......... 14% 8.04M 2s
[6.948s]   2200K .......... .......... .......... .......... .......... 14% 19.7M 2s
[6.952s]   2250K .......... .......... .......... .......... .......... 14% 11.8M 2s
[6.956s]   2300K .......... .......... .......... .......... .......... 15% 14.5M 2s
[6.962s]   2350K .......... .......... .......... .......... .......... 15% 8.37M 2s
[6.965s]   2400K .......... .......... .......... .......... .......... 15% 15.0M 2s
[6.968s]   2450K .......... .......... .......... .......... .......... 15% 15.2M 2s
[6.972s]   2500K .......... .......... .......... .......... .......... 16% 11.2M 2s
[6.977s]   2550K .......... .......... .......... .......... .......... 16% 11.1M 2s
[6.979s]   2600K .......... .......... .......... .......... .......... 16% 18.1M 2s
[6.982s]   2650K .......... .......... .......... .......... .......... 17% 16.9M 2s
[6.987s]   2700K .......... .......... .......... .......... .......... 17% 11.6M 2s
[6.990s]   2750K .......... .......... .......... .......... .......... 17% 21.0M 2s
[6.995s]   2800K .......... .......... .......... .......... .......... 18% 8.68M 2s
[6.999s]   2850K .......... .......... .......... .......... .......... 18% 11.0M 2s
[7.001s]   2900K .......... .......... .......... .......... .......... 18% 27.3M 1s
[7.004s]   2950K .......... .......... .......... .......... .......... 19% 13.3M 1s
[7.009s]   3000K .......... .......... .......... .......... .......... 19% 10.7M 1s
[7.011s]   3050K .......... .......... .......... .......... .......... 19% 21.2M 1s
[7.019s]   3100K .......... .......... .......... .......... .......... 20% 6.37M 1s
[7.021s]   3150K .......... .......... .......... .......... .......... 20% 41.6M 1s
[7.021s]   3200K .......... .......... .......... .......... .......... 20% 51.2M 1s
[7.026s]   3250K .......... .......... .......... .......... .......... 21% 10.0M 1s
[7.028s]   3300K .......... .......... .......... .......... .......... 21% 23.9M 1s
[7.034s]   3350K .......... .......... .......... .......... .......... 21% 8.26M 1s
[7.036s]   3400K .......... .......... .......... .......... .......... 22% 22.1M 1s
[7.039s]   3450K .......... .......... .......... .......... .......... 22% 18.2M 1s
[7.041s]   3500K .......... .......... .......... .......... .......... 22% 22.1M 1s
[7.045s]   3550K .......... .......... .......... .......... .......... 23% 18.4M 1s
[7.047s]   3600K .......... .......... .......... .......... .......... 23% 16.7M 1s
[7.052s]   3650K .......... .......... .......... .......... .......... 23% 9.66M 1s
[7.054s]   3700K .......... .......... .......... .......... .......... 23% 17.3M 1s
[7.057s]   3750K .......... .......... .......... .......... .......... 24% 20.6M 1s
[7.060s]   3800K .......... .......... .......... .......... .......... 24% 16.2M 1s
[7.061s]   3850K .......... .......... .......... .......... .......... 24% 28.3M 1s
[7.065s]   3900K .......... .......... .......... .......... .......... 25% 12.1M 1s
[7.069s]   3950K .......... .......... .......... .......... .......... 25% 14.9M 1s
[7.071s]   4000K .......... .......... .......... .......... .......... 25% 18.8M 1s
[7.075s]   4050K .......... .......... .......... .......... .......... 26% 14.8M 1s
[7.076s]   4100K .......... .......... .......... .......... .......... 26% 43.7M 1s
[7.079s]   4150K .......... .......... .......... .......... .......... 26% 12.8M 1s
[7.083s]   4200K .......... .......... .......... .......... .......... 27% 15.1M 1s
[7.085s]   4250K .......... .......... .......... .......... .......... 27% 23.9M 1s
[7.087s]   4300K .......... .......... .......... .......... .......... 27% 26.3M 1s
[7.090s]   4350K .......... .......... .......... .......... .......... 28% 15.0M 1s
[7.092s]   4400K .......... .......... .......... .......... .......... 28% 20.9M 1s
[7.097s]   4450K .......... .......... .......... .......... .......... 28% 11.2M 1s
[7.098s]   4500K .......... .......... .......... .......... .......... 29% 27.9M 1s
[7.101s]   4550K .......... .......... .......... .......... .......... 29% 16.7M 1s
[7.103s]   4600K .......... .......... .......... .......... .......... 29% 28.0M 1s
[7.105s]   4650K .......... .......... .......... .......... .......... 30% 20.6M 1s
[7.107s]   4700K .......... .......... .......... .......... .......... 30% 29.7M 1s
[7.109s]   4750K .......... .......... .......... .......... .......... 30% 21.7M 1s
[7.114s]   4800K .......... .......... .......... .......... .......... 31% 10.2M 1s
[7.116s]   4850K .......... .......... .......... .......... .......... 31% 27.8M 1s
[7.118s]   4900K .......... .......... .......... .......... .......... 31% 23.7M 1s
[7.120s]   4950K .......... .......... .......... .......... .......... 31% 26.4M 1s
[7.122s]   5000K .......... .......... .......... .......... .......... 32% 18.5M 1s
[7.124s]   5050K .......... .......... .......... .......... .......... 32% 23.5M 1s
[7.129s]   5100K .......... .......... .......... .......... .......... 32% 11.9M 1s
[7.131s]   5150K .......... .......... .......... .......... .......... 33% 20.5M 1s
[7.133s]   5200K .......... .......... .......... .......... .......... 33% 21.9M 1s
[7.135s]   5250K .......... .......... .......... .......... .......... 33% 34.8M 1s
[7.137s]   5300K .......... .......... .......... .......... .......... 34% 23.3M 1s
[7.138s]   5350K .......... .......... .......... .......... .......... 34% 26.7M 1s
[7.141s]   5400K .......... .......... .......... .......... .......... 34% 22.3M 1s
[7.147s]   5450K .......... .......... .......... .......... .......... 35% 7.46M 1s
[7.148s]   5500K .......... .......... .......... .......... .......... 35% 73.7M 1s
[7.150s]   5550K .......... .......... .......... .......... .......... 35% 57.1M 1s
[7.151s]   5600K .......... .......... .......... .......... .......... 36% 19.3M 1s
[7.153s]   5650K .......... .......... .......... .......... .......... 36% 35.5M 1s
[7.164s]   5700K .......... .......... .......... .......... .......... 36% 4.49M 1s
[7.164s]   5750K .......... .......... .......... .......... .......... 37% 92.5M 1s
[7.164s]   5800K .......... .......... .......... .......... .......... 37%  122M 1s
[7.165s]   5850K .......... .......... .......... .......... .......... 37%  124M 1s
[7.165s]   5900K .......... .......... .......... .......... .......... 38% 74.6M 1s
[7.167s]   5950K .......... .......... .......... .......... .......... 38% 33.6M 1s
[7.168s]   6000K .......... .......... .......... .......... .......... 38% 34.5M 1s
[7.179s]   6050K .......... .......... .......... .......... .......... 39% 4.71M 1s
[7.181s]   6100K .......... .......... .......... .......... .......... 39% 24.4M 1s
[7.182s]   6150K .......... .......... .......... .......... .......... 39% 31.9M 1s
[7.185s]   6200K .......... .......... .......... .......... .......... 39% 17.5M 1s
[7.186s]   6250K .......... .......... .......... .......... .......... 40% 50.9M 1s
[7.187s]   6300K .......... .......... .......... .......... .......... 40% 72.3M 1s
[7.189s]   6350K .......... .......... .......... .......... .......... 40% 19.4M 1s
[7.194s]   6400K .......... .......... .......... .......... .......... 41% 10.6M 1s
[7.195s]   6450K .......... .......... .......... .......... .......... 41% 48.3M 1s
[7.197s]   6500K .......... .......... .......... .......... .......... 41% 24.7M 1s
[7.198s]   6550K .......... .......... .......... .......... .......... 42% 42.6M 1s
[7.201s]   6600K .......... .......... .......... .......... .......... 42% 17.7M 1s
[7.201s]   6650K .......... .......... .......... .......... .......... 42% 65.8M 1s
[7.206s]   6700K .......... .......... .......... .......... .......... 43% 11.6M 1s
[7.206s]   6750K .......... .......... .......... .......... .......... 43%  127M 1s
[7.206s]   6800K .......... .......... .......... .......... .......... 43%  100M 1s
[7.211s]   6850K .......... .......... .......... .......... .......... 44% 10.8M 1s
[7.212s]   6900K .......... .......... .......... .......... .......... 44% 58.9M 1s
[7.216s]   6950K .......... .......... .......... .......... .......... 44% 12.0M 1s
[7.216s]   7000K .......... .......... .......... .......... .......... 45% 97.5M 1s
[7.218s]   7050K .......... .......... .......... .......... .......... 45% 55.3M 1s
[7.219s]   7100K .......... .......... .......... .......... .......... 45% 24.5M 1s
[7.221s]   7150K .......... .......... .......... .......... .......... 46% 59.1M 1s
[7.222s]   7200K .......... .......... .......... .......... .......... 46% 26.3M 1s
[7.225s]   7250K .......... .......... .......... .......... .......... 46% 16.1M 1s
[7.228s]   7300K .......... .......... .......... .......... .......... 47% 15.2M 1s
[7.229s]   7350K .......... .......... .......... .......... .......... 47% 55.0M 1s
[7.232s]   7400K .......... .......... .......... .......... .......... 47% 18.5M 1s
[7.233s]   7450K .......... .......... .......... .......... .......... 47% 53.8M 1s
[7.234s]   7500K .......... .......... .......... .......... .......... 48% 47.0M 1s
[7.236s]   7550K .......... .......... .......... .......... .......... 48% 24.3M 1s
[7.238s]   7600K .......... .......... .......... .......... .......... 48% 22.7M 1s
[7.239s]   7650K .......... .......... .......... .......... .......... 49% 53.0M 1s
[7.242s]   7700K .......... .......... .......... .......... .......... 49% 16.4M 1s
[7.243s]   7750K .......... .......... .......... .......... .......... 49% 48.8M 1s
[7.244s]   7800K .......... .......... .......... .......... .......... 50% 38.2M 1s
[7.247s]   7850K .......... .......... .......... .......... .......... 50% 15.0M 1s
[7.248s]   7900K .......... .......... .......... .......... .......... 50% 48.9M 1s
[7.251s]   7950K .......... .......... .......... .......... .......... 51% 25.9M 1s
[7.252s]   8000K .......... .......... .......... .......... .......... 51% 30.8M 1s
[7.253s]   8050K .......... .......... .......... .......... .......... 51% 57.8M 1s
[7.254s]   8100K .......... .......... .......... .......... .......... 52% 28.3M 1s
[7.257s]   8150K .......... .......... .......... .......... .......... 52% 22.0M 1s
[7.258s]   8200K .......... .......... .......... .......... .......... 52% 33.7M 1s
[7.260s]   8250K .......... .......... .......... .......... .......... 53% 32.9M 1s
[7.262s]   8300K .......... .......... .......... .......... .......... 53% 18.0M 1s
[7.264s]   8350K .......... .......... .......... .......... .......... 53% 36.0M 1s
[7.265s]   8400K .......... .......... .......... .......... .......... 54% 36.5M 1s
[7.267s]   8450K .......... .......... .......... .......... .......... 54% 19.4M 1s
[7.268s]   8500K .......... .......... .......... .......... .......... 54% 92.1M 1s
[7.269s]   8550K .......... .......... .......... .......... .......... 55% 47.0M 1s
[7.274s]   8600K .......... .......... .......... .......... .......... 55% 9.75M 0s
[7.276s]   8650K .......... .......... .......... .......... .......... 55% 25.2M 0s
[7.276s]   8700K .......... .......... .......... .......... .......... 55%  139M 0s
[7.277s]   8750K .......... .......... .......... .......... .......... 56% 99.4M 0s
[7.278s]   8800K .......... .......... .......... .......... .......... 56% 39.4M 0s
[7.279s]   8850K .......... .......... .......... .......... .......... 56% 41.1M 0s
[7.282s]   8900K .......... .......... .......... .......... .......... 57% 20.3M 0s
[7.283s]   8950K .......... .......... .......... .......... .......... 57% 53.4M 0s
[7.283s]   9000K .......... .......... .......... .......... .......... 57% 84.2M 0s
[7.285s]   9050K .......... .......... .......... .......... .......... 58% 24.4M 0s
[7.286s]   9100K .......... .......... .......... .......... .......... 58% 34.1M 0s
[7.291s]   9150K .......... .......... .......... .......... .......... 58% 11.9M 0s
[7.292s]   9200K .......... .......... .......... .......... .......... 59% 46.8M 0s
[7.293s]   9250K .......... .......... .......... .......... .......... 59% 42.0M 0s
[7.296s]   9300K .......... .......... .......... .......... .......... 59% 17.1M 0s
[7.297s]   9350K .......... .......... .......... .......... .......... 60% 41.4M 0s
[7.298s]   9400K .......... .......... .......... .......... .......... 60% 30.7M 0s
[7.299s]   9450K .......... .......... .......... .......... .......... 60% 73.5M 0s
[7.300s]   9500K .......... .......... .......... .......... .......... 61% 99.1M 0s
[7.300s]   9550K .......... .......... .......... .......... .......... 61%  120M 0s
[7.301s]   9600K .......... .......... .......... .......... .......... 61% 36.2M 0s
[7.304s]   9650K .......... .......... .......... .......... .......... 62% 17.4M 0s
[7.307s]   9700K .......... .......... .......... .......... .......... 62% 17.9M 0s
[7.308s]   9750K .......... .......... .......... .......... .......... 62% 54.3M 0s
[7.309s]   9800K .......... .......... .......... .......... .......... 63% 37.2M 0s
[7.310s]   9850K .......... .......... .......... .......... .......... 63% 50.2M 0s
[7.314s]   9900K .......... .......... .......... .......... .......... 63% 14.5M 0s
[7.314s]   9950K .......... .......... .......... .......... .......... 63%  135M 0s
[7.314s]  10000K .......... .......... .......... .......... .......... 64% 75.9M 0s
[7.339s]  10050K .......... .......... .......... .......... .......... 64% 2.00M 0s
[7.339s]  10100K .......... .......... .......... .......... .......... 64%  157M 0s
[7.339s]  10150K .......... .......... .......... .......... .......... 65%  129M 0s
[7.340s]  10200K .......... .......... .......... .......... .......... 65%  124M 0s
[7.341s]  10250K .......... .......... .......... .......... .......... 65% 90.4M 0s
[7.343s]  10300K .......... .......... .......... .......... .......... 66% 18.2M 0s
[7.344s]  10350K .......... .......... .......... .......... .......... 66%  124M 0s
[7.344s]  10400K .......... .......... .......... .......... .......... 66%  105M 0s
[7.345s]  10450K .......... .......... .......... .......... .......... 67%  101M 0s
[7.345s]  10500K .......... .......... .......... .......... .......... 67%  119M 0s
[7.346s]  10550K .......... .......... .......... .......... .......... 67% 69.9M 0s
[7.346s]  10600K .......... .......... .......... .......... .......... 68%  121M 0s
[7.354s]  10650K .......... .......... .......... .......... .......... 68% 5.95M 0s
[7.355s]  10700K .......... .......... .......... .......... .......... 68% 66.4M 0s
[7.356s]  10750K .......... .......... .......... .......... .......... 69% 34.8M 0s
[7.358s]  10800K .......... .......... .......... .......... .......... 69% 41.0M 0s
[7.381s]  10850K .......... .......... .......... .......... .......... 69% 2.09M 0s
[7.382s]  10900K .......... .......... .......... .......... .......... 70% 90.5M 0s
[7.388s]  10950K .......... .......... .......... .......... .......... 70% 7.92M 0s
[7.388s]  11000K .......... .......... .......... .......... .......... 70%  108M 0s
[7.392s]  11050K .......... .......... .......... .......... .......... 71% 12.6M 0s
[7.392s]  11100K .......... .......... .......... .......... .......... 71%  129M 0s
[7.393s]  11150K .......... .......... .......... .......... .......... 71%  104M 0s
[7.396s]  11200K .......... .......... .......... .......... .......... 71% 16.8M 0s
[7.396s]  11250K .......... .......... .......... .......... .......... 72%  120M 0s
[7.397s]  11300K .......... .......... .......... .......... .......... 72%  132M 0s
[7.397s]  11350K .......... .......... .......... .......... .......... 72% 93.9M 0s
[7.399s]  11400K .......... .......... .......... .......... .......... 73% 22.3M 0s
[7.408s]  11450K .......... .......... .......... .......... .......... 73% 5.72M 0s
[7.408s]  11500K .......... .......... .......... .......... .......... 73%  126M 0s
[7.410s]  11550K .......... .......... .......... .......... .......... 74% 48.6M 0s
[7.410s]  11600K .......... .......... .......... .......... .......... 74% 96.0M 0s
[7.410s]  11650K .......... .......... .......... .......... .......... 74%  139M 0s
[7.412s]  11700K .......... .......... .......... .......... .......... 75% 26.1M 0s
[7.412s]  11750K .......... .......... .......... .......... .......... 75%  144M 0s
[7.413s]  11800K .......... .......... .......... .......... .......... 75% 93.1M 0s
[7.416s]  11850K .......... .......... .......... .......... .......... 76% 16.2M 0s
[7.418s]  11900K .......... .......... .......... .......... .......... 76% 18.6M 0s
[7.420s]  11950K .......... .......... .......... .......... .......... 76%  152M 0s
[7.421s]  12000K .......... .......... .......... .......... .......... 77% 19.0M 0s
[7.423s]  12050K .......... .......... .......... .......... .......... 77% 24.3M 0s
[7.424s]  12100K .......... .......... .......... .......... .......... 77% 53.2M 0s
[7.426s]  12150K .......... .......... .......... .......... .......... 78% 38.5M 0s
[7.426s]  12200K .......... .......... .......... .......... .......... 78%  117M 0s
[7.429s]  12250K .......... .......... .......... .......... .......... 78% 16.5M 0s
[7.429s]  12300K .......... .......... .......... .......... .......... 79% 71.0M 0s
[7.431s]  12350K .......... .......... .......... .......... .......... 79% 35.4M 0s
[7.432s]  12400K .......... .......... .......... .......... .......... 79% 36.9M 0s
[7.433s]  12450K .......... .......... .......... .......... .......... 79%  126M 0s
[7.434s]  12500K .......... .......... .......... .......... .......... 80% 29.1M 0s
[7.436s]  12550K .......... .......... .......... .......... .......... 80% 33.3M 0s
[7.438s]  12600K .......... .......... .......... .......... .......... 80% 20.6M 0s
[7.439s]  12650K .......... .......... .......... .......... .......... 81%  101M 0s
[7.439s]  12700K .......... .......... .......... .......... .......... 81%  128M 0s
[7.440s]  12750K .......... .......... .......... .......... .......... 81% 98.9M 0s
[7.440s]  12800K .......... .......... .......... .......... .......... 82% 85.1M 0s
[7.440s]  12850K .......... .......... .......... .......... .......... 82%  129M 0s
[7.441s]  12900K .......... .......... .......... .......... .......... 82% 92.2M 0s
[7.441s]  12950K .......... .......... .......... .......... .......... 83%  176M 0s
[7.443s]  13000K .......... .......... .......... .......... .......... 83% 26.5M 0s
[7.445s]  13050K .......... .......... .......... .......... .......... 83% 26.0M 0s
[7.445s]  13100K .......... .......... .......... .......... .......... 84%  104M 0s
[7.447s]  13150K .......... .......... .......... .......... .......... 84% 34.7M 0s
[7.448s]  13200K .......... .......... .......... .......... .......... 84% 47.5M 0s
[7.449s]  13250K .......... .......... .......... .......... .......... 85% 57.0M 0s
[7.449s]  13300K .......... .......... .......... .......... .......... 85%  127M 0s
[7.450s]  13350K .......... .......... .......... .......... .......... 85% 99.9M 0s
[7.450s]  13400K .......... .......... .......... .......... .......... 86%  109M 0s
[7.451s]  13450K .......... .......... .......... .......... .......... 86% 76.7M 0s
[7.452s]  13500K .......... .......... .......... .......... .......... 86% 55.0M 0s
[7.462s]  13550K .......... .......... .......... .......... .......... 87% 4.88M 0s
[7.462s]  13600K .......... .......... .......... .......... .......... 87% 95.6M 0s
[7.463s]  13650K .......... .......... .......... .......... .......... 87% 77.2M 0s
[7.463s]  13700K .......... .......... .......... .......... .......... 87%  176M 0s
[7.463s]  13750K .......... .......... .......... .......... .......... 88%  137M 0s
[7.488s]  13800K .......... .......... .......... .......... .......... 88% 1.97M 0s
[7.489s]  13850K .......... .......... .......... .......... .......... 88%  141M 0s
[7.489s]  13900K .......... .......... .......... .......... .......... 89%  228M 0s
[7.489s]  13950K .......... .......... .......... .......... .......... 89%  101M 0s
[7.491s]  14000K .......... .......... .......... .......... .......... 89% 27.4M 0s
[7.491s]  14050K .......... .......... .......... .......... .......... 90% 96.0M 0s
[7.493s]  14100K .......... .......... .......... .......... .......... 90% 28.3M 0s
[7.494s]  14150K .......... .......... .......... .......... .......... 90%  135M 0s
[7.494s]  14200K .......... .......... .......... .......... .......... 91%  128M 0s
[7.495s]  14250K .......... .......... .......... .......... .......... 91% 35.6M 0s
[7.496s]  14300K .......... .......... .......... .......... .......... 91%  100M 0s
[7.496s]  14350K .......... .......... .......... .......... .......... 92%  128M 0s
[7.498s]  14400K .......... .......... .......... .......... .......... 92% 21.9M 0s
[7.499s]  14450K .......... .......... .......... .......... .......... 92%  128M 0s
[7.499s]  14500K .......... .......... .......... .......... .......... 93% 98.5M 0s
[7.500s]  14550K .......... .......... .......... .......... .......... 93%  118M 0s
[7.500s]  14600K .......... .......... .......... .......... .......... 93%  122M 0s
[7.500s]  14650K .......... .......... .......... .......... .......... 94%  125M 0s
[7.501s]  14700K .......... .......... .......... .......... .......... 94%  102M 0s
[7.501s]  14750K .......... .......... .......... .......... .......... 94%  118M 0s
[7.502s]  14800K .......... .......... .......... .......... .......... 95% 84.8M 0s
[7.506s]  14850K .......... .......... .......... .......... .......... 95% 12.9M 0s
[7.506s]  14900K .......... .......... .......... .......... .......... 95%  141M 0s
[7.507s]  14950K .......... .......... .......... .......... .......... 95% 37.6M 0s
[7.511s]  15000K .......... .......... .......... .......... .......... 96% 15.8M 0s
[7.511s]  15050K .......... .......... .......... .......... .......... 96%  122M 0s
[7.512s]  15100K .......... .......... .......... .......... .......... 96% 37.6M 0s
[7.513s]  15150K .......... .......... .......... .......... .......... 97% 53.9M 0s
[7.514s]  15200K .......... .......... .......... .......... .......... 97%  102M 0s
[7.515s]  15250K .......... .......... .......... .......... .......... 97% 27.1M 0s
[7.518s]  15300K .......... .......... .......... .......... .......... 98% 18.2M 0s
[7.518s]  15350K .......... .......... .......... .......... .......... 98%  128M 0s
[7.519s]  15400K .......... .......... .......... .......... .......... 98% 71.0M 0s
[7.519s]  15450K .......... .......... .......... .......... .......... 99%  126M 0s
[7.520s]  15500K .......... .......... .......... .......... .......... 99%  122M 0s
[7.520s]  15550K .......... .......... .......... .......... .......... 99%  103M 0s
[7.521s]  15600K .......... .......... .....                           100%  104M=0.9s
[7.521s] 
[7.521s] 2024-11-08 02:02:47 (17.6 MB/s) - ‘/home/dpkings/Multi-map/build/multirobot_map_merge/2012-01-28-11-12-01.pgm’ saved [16000058/16000058]
[7.521s] 
[7.522s] Checking MD5 sum of /home/dpkings/Multi-map/build/multirobot_map_merge/2012-01-28-11-12-01.pgm
[7.550s] /home/dpkings/Multi-map/build/multirobot_map_merge/2012-01-28-11-12-01.pgm: OK
[7.553s] -- Found gtest sources under '/opt/ros/humble/src/gtest_vendor': C++ tests using 'Google Test' will be built
[7.562s] -- Added test 'cppcheck' to perform static code analysis on C / C++ code
[7.562s] -- Configured cppcheck include dirs: /home/dpkings/Multi-map/src/m-explore-ros2/map_merge/include;$<BUILD_INTERFACE:/home/dpkings/Multi-map/src/m-explore-ros2/map_merge/include>
[7.562s] -- Configured cppcheck exclude dirs and/or files: 
[7.563s] -- Added test 'flake8' to check Python code syntax and style conventions
[7.564s] -- Added test 'lint_cmake' to check CMake code style
[7.565s] -- Added test 'pep257' to check Python code against some of the docstring style conventions in PEP 257
[7.567s] -- Added test 'uncrustify' to check C / C++ code style
[7.567s] -- Configured uncrustify additional arguments: 
[7.568s] -- Added test 'xmllint' to check XML markup files
[7.570s] -- Configuring done
[7.630s] -- Generating done
[7.632s] -- Build files have been written to: /home/dpkings/Multi-map/build/multirobot_map_merge
[7.644s] Invoked command in '/home/dpkings/Multi-map/build/multirobot_map_merge' returned '0': CMAKE_PREFIX_PATH=${CMAKE_PREFIX_PATH}:/home/dpkings/eyrc-24-25-logistic-cobot/install/ur5_control:/opt/ros/humble /usr/bin/cmake /home/dpkings/Multi-map/src/m-explore-ros2/map_merge -DCMAKE_INSTALL_PREFIX=/home/dpkings/Multi-map/install/multirobot_map_merge
[7.647s] Invoking command in '/home/dpkings/Multi-map/build/multirobot_map_merge': CMAKE_PREFIX_PATH=${CMAKE_PREFIX_PATH}:/home/dpkings/eyrc-24-25-logistic-cobot/install/ur5_control:/opt/ros/humble /usr/bin/cmake --build /home/dpkings/Multi-map/build/multirobot_map_merge -- -j8 -l8
[7.698s] [  8%] [32mBuilding CXX object gtest/CMakeFiles/gtest_main.dir/src/gtest_main.cc.o[0m
[7.702s] [ 16%] [32mBuilding CXX object gtest/CMakeFiles/gtest.dir/src/gtest-all.cc.o[0m
[7.703s] [ 33%] [32mBuilding CXX object CMakeFiles/combine_grids.dir/src/combine_grids/grid_warper.cpp.o[0m
[7.703s] [ 33%] [32mBuilding CXX object CMakeFiles/combine_grids.dir/src/combine_grids/merging_pipeline.cpp.o[0m
[7.704s] [ 41%] [32mBuilding CXX object CMakeFiles/combine_grids.dir/src/combine_grids/grid_compositor.cpp.o[0m
[9.014s] [ 50%] [32m[1mLinking CXX static library libgtest_main.a[0m
[9.065s] [ 50%] Built target gtest_main
[11.338s] [ 58%] [32m[1mLinking CXX static library libgtest.a[0m
[11.394s] [ 58%] Built target gtest
[11.925s] [ 66%] [32m[1mLinking CXX static library libcombine_grids.a[0m
[11.962s] [ 66%] Built target combine_grids
[11.984s] [ 83%] [32mBuilding CXX object CMakeFiles/map_merge.dir/src/map_merge.cpp.o[0m
[11.985s] [ 83%] [32mBuilding CXX object CMakeFiles/test_merging_pipeline.dir/test/test_merging_pipeline.cpp.o[0m
[12.176s] In file included from [01m[K/home/dpkings/Multi-map/src/m-explore-ros2/map_merge/test/testing_helpers.h:7[m[K,
[12.176s]                  from [01m[K/home/dpkings/Multi-map/src/m-explore-ros2/map_merge/test/test_merging_pipeline.cpp:42[m[K:
[12.176s] [01m[K/opt/ros/humble/include/tf2_geometry_msgs/tf2_geometry_msgs/tf2_geometry_msgs.h:35:2:[m[K [01;35m[Kwarning: [m[K#warning This header is obsolete, please include tf2_geometry_msgs/tf2_geometry_msgs.hpp instead [[01;35m[K]8;;https://gcc.gnu.org/onlinedocs/gcc/Warning-Options.html#index-Wcpp-Wcpp]8;;[m[K]
[12.176s]    35 | #[01;35m[Kwarning[m[K This header is obsolete, please include tf2_geometry_msgs/tf2_geometry_msgs.hpp instead
[12.176s]       |  [01;35m[K^~~~~~~[m[K
[13.001s] In file included from [01m[K/home/dpkings/Multi-map/src/m-explore-ros2/map_merge/src/map_merge.cpp:44[m[K:
[13.001s] [01m[K/opt/ros/humble/include/tf2_geometry_msgs/tf2_geometry_msgs/tf2_geometry_msgs.h:35:2:[m[K [01;35m[Kwarning: [m[K#warning This header is obsolete, please include tf2_geometry_msgs/tf2_geometry_msgs.hpp instead [[01;35m[K]8;;https://gcc.gnu.org/onlinedocs/gcc/Warning-Options.html#index-Wcpp-Wcpp]8;;[m[K]
[13.001s]    35 | #[01;35m[Kwarning[m[K This header is obsolete, please include tf2_geometry_msgs/tf2_geometry_msgs.hpp instead
[13.001s]       |  [01;35m[K^~~~~~~[m[K
[16.627s] [ 91%] [32m[1mLinking CXX executable test_merging_pipeline[0m
[17.310s] [ 91%] Built target test_merging_pipeline
[24.016s] [100%] [32m[1mLinking CXX executable map_merge[0m
[25.012s] [100%] Built target map_merge
[25.022s] Invoked command in '/home/dpkings/Multi-map/build/multirobot_map_merge' returned '0': CMAKE_PREFIX_PATH=${CMAKE_PREFIX_PATH}:/home/dpkings/eyrc-24-25-logistic-cobot/install/ur5_control:/opt/ros/humble /usr/bin/cmake --build /home/dpkings/Multi-map/build/multirobot_map_merge -- -j8 -l8
[25.059s] Invoking command in '/home/dpkings/Multi-map/build/multirobot_map_merge': CMAKE_PREFIX_PATH=${CMAKE_PREFIX_PATH}:/home/dpkings/eyrc-24-25-logistic-cobot/install/ur5_control:/opt/ros/humble /usr/bin/cmake --install /home/dpkings/Multi-map/build/multirobot_map_merge
[25.065s] -- Install configuration: ""
[25.066s] -- Installing: /home/dpkings/Multi-map/install/multirobot_map_merge/include/map_merge/
[25.066s] -- Installing: /home/dpkings/Multi-map/install/multirobot_map_merge/include/map_merge//map_merge.h
[25.066s] -- Installing: /home/dpkings/Multi-map/install/multirobot_map_merge/include/map_merge//ros1_names.hpp
[25.066s] -- Installing: /home/dpkings/Multi-map/install/multirobot_map_merge/share/multirobot_map_merge/launch
[25.066s] -- Installing: /home/dpkings/Multi-map/install/multirobot_map_merge/share/multirobot_map_merge/launch/map_merge.rviz
[25.066s] -- Installing: /home/dpkings/Multi-map/install/multirobot_map_merge/share/multirobot_map_merge/launch/tb3_simulation
[25.066s] -- Installing: /home/dpkings/Multi-map/install/multirobot_map_merge/share/multirobot_map_merge/launch/tb3_simulation/slam_toolbox.py
[25.066s] -- Installing: /home/dpkings/Multi-map/install/multirobot_map_merge/share/multirobot_map_merge/launch/tb3_simulation/worlds
[25.066s] -- Installing: /home/dpkings/Multi-map/install/multirobot_map_merge/share/multirobot_map_merge/launch/tb3_simulation/worlds/world_only.model
[25.066s] -- Installing: /home/dpkings/Multi-map/install/multirobot_map_merge/share/multirobot_map_merge/launch/tb3_simulation/multi_tb3_simulation_launch.py
[25.066s] -- Installing: /home/dpkings/Multi-map/install/multirobot_map_merge/share/multirobot_map_merge/launch/tb3_simulation/tb3_simulation_launch.py
[25.066s] -- Installing: /home/dpkings/Multi-map/install/multirobot_map_merge/share/multirobot_map_merge/launch/tb3_simulation/config
[25.066s] -- Installing: /home/dpkings/Multi-map/install/multirobot_map_merge/share/multirobot_map_merge/launch/tb3_simulation/config/nav2_multirobot_params_2.yaml
[25.066s] -- Installing: /home/dpkings/Multi-map/install/multirobot_map_merge/share/multirobot_map_merge/launch/tb3_simulation/config/nav2_multirobot_params_1.yaml
[25.067s] -- Installing: /home/dpkings/Multi-map/install/multirobot_map_merge/share/multirobot_map_merge/launch/tb3_simulation/bringup_launch.py
[25.067s] -- Installing: /home/dpkings/Multi-map/install/multirobot_map_merge/share/multirobot_map_merge/launch/from_map_server.launch.py
[25.067s] -- Installing: /home/dpkings/Multi-map/install/multirobot_map_merge/share/multirobot_map_merge/launch/map_merge.launch.py
[25.067s] -- Installing: /home/dpkings/Multi-map/install/multirobot_map_merge/share/multirobot_map_merge/config
[25.067s] -- Installing: /home/dpkings/Multi-map/install/multirobot_map_merge/share/multirobot_map_merge/config/params.yaml
[25.067s] -- Installing: /home/dpkings/Multi-map/install/multirobot_map_merge/lib/libcombine_grids.a
[25.068s] -- Installing: /home/dpkings/Multi-map/install/multirobot_map_merge/lib/multirobot_map_merge/map_merge
[25.071s] -- Set runtime path of "/home/dpkings/Multi-map/install/multirobot_map_merge/lib/multirobot_map_merge/map_merge" to ""
[25.071s] -- Installing: /home/dpkings/Multi-map/install/multirobot_map_merge/share/multirobot_map_merge/environment/library_path.sh
[25.071s] -- Installing: /home/dpkings/Multi-map/install/multirobot_map_merge/share/multirobot_map_merge/environment/library_path.dsv
[25.071s] -- Installing: /home/dpkings/Multi-map/install/multirobot_map_merge/share/ament_index/resource_index/package_run_dependencies/multirobot_map_merge
[25.071s] -- Installing: /home/dpkings/Multi-map/install/multirobot_map_merge/share/ament_index/resource_index/parent_prefix_path/multirobot_map_merge
[25.071s] -- Installing: /home/dpkings/Multi-map/install/multirobot_map_merge/share/multirobot_map_merge/environment/ament_prefix_path.sh
[25.071s] -- Installing: /home/dpkings/Multi-map/install/multirobot_map_merge/share/multirobot_map_merge/environment/ament_prefix_path.dsv
[25.071s] -- Installing: /home/dpkings/Multi-map/install/multirobot_map_merge/share/multirobot_map_merge/environment/path.sh
[25.072s] -- Installing: /home/dpkings/Multi-map/install/multirobot_map_merge/share/multirobot_map_merge/environment/path.dsv
[25.072s] -- Installing: /home/dpkings/Multi-map/install/multirobot_map_merge/share/multirobot_map_merge/local_setup.bash
[25.072s] -- Installing: /home/dpkings/Multi-map/install/multirobot_map_merge/share/multirobot_map_merge/local_setup.sh
[25.072s] -- Installing: /home/dpkings/Multi-map/install/multirobot_map_merge/share/multirobot_map_merge/local_setup.zsh
[25.072s] -- Installing: /home/dpkings/Multi-map/install/multirobot_map_merge/share/multirobot_map_merge/local_setup.dsv
[25.072s] -- Installing: /home/dpkings/Multi-map/install/multirobot_map_merge/share/multirobot_map_merge/package.dsv
[25.072s] -- Installing: /home/dpkings/Multi-map/install/multirobot_map_merge/share/ament_index/resource_index/packages/multirobot_map_merge
[25.072s] -- Installing: /home/dpkings/Multi-map/install/multirobot_map_merge/share/multirobot_map_merge/cmake/ament_cmake_export_include_directories-extras.cmake
[25.073s] -- Installing: /home/dpkings/Multi-map/install/multirobot_map_merge/share/multirobot_map_merge/cmake/ament_cmake_export_libraries-extras.cmake
[25.073s] -- Installing: /home/dpkings/Multi-map/install/multirobot_map_merge/share/multirobot_map_merge/cmake/multirobot_map_mergeConfig.cmake
[25.073s] -- Installing: /home/dpkings/Multi-map/install/multirobot_map_merge/share/multirobot_map_merge/cmake/multirobot_map_mergeConfig-version.cmake
[25.073s] -- Installing: /home/dpkings/Multi-map/install/multirobot_map_merge/share/multirobot_map_merge/package.xml
[25.075s] Invoked command in '/home/dpkings/Multi-map/build/multirobot_map_merge' returned '0': CMAKE_PREFIX_PATH=${CMAKE_PREFIX_PATH}:/home/dpkings/eyrc-24-25-logistic-cobot/install/ur5_control:/opt/ros/humble /usr/bin/cmake --install /home/dpkings/Multi-map/build/multirobot_map_merge
