[0.012s] Invoking command in '/home/dpkings/Multi-map/build/explore_lite': CMAKE_PREFIX_PATH=${CMAKE_PREFIX_PATH}:/home/dpkings/eyrc-24-25-logistic-cobot/install/ur5_control:/opt/ros/humble /usr/bin/cmake /home/dpkings/Multi-map/src/m-explore-ros2/explore -DCMAKE_INSTALL_PREFIX=/home/dpkings/Multi-map/install/explore_lite
[0.059s] -- The C compiler identification is GNU 11.4.0
[0.105s] -- The CXX compiler identification is GNU 11.4.0
[0.111s] -- Detecting C compiler ABI info
[0.171s] -- Detecting C compiler ABI info - done
[0.177s] -- Check for working C compiler: /usr/bin/cc - skipped
[0.177s] -- Detecting C compile features
[0.177s] -- Detecting C compile features - done
[0.180s] -- Detecting CXX compiler ABI info
[0.250s] -- Detecting CXX compiler ABI info - done
[0.256s] -- Check for working CXX compiler: /usr/bin/c++ - skipped
[0.256s] -- Detecting CXX compile features
[0.257s] -- Detecting CXX compile features - done
[0.257s] -- BuilD for ROS2: humble
[0.259s] -- Found ament_cmake: 1.3.10 (/opt/ros/humble/share/ament_cmake/cmake)
[0.872s] -- Found Python3: /usr/bin/python3 (found version "3.10.12") found components: Interpreter 
[0.965s] -- Found rclcpp: 16.0.10 (/opt/ros/humble/share/rclcpp/cmake)
[1.010s] -- Found rosidl_generator_c: 3.1.5 (/opt/ros/humble/share/rosidl_generator_c/cmake)
[1.017s] -- Found rosidl_adapter: 3.1.5 (/opt/ros/humble/share/rosidl_adapter/cmake)
[1.025s] -- Found rosidl_generator_cpp: 3.1.5 (/opt/ros/humble/share/rosidl_generator_cpp/cmake)
[1.037s] -- Using all available rosidl_typesupport_c: rosidl_typesupport_fastrtps_c;rosidl_typesupport_introspection_c
[1.054s] -- Using all available rosidl_typesupport_cpp: rosidl_typesupport_fastrtps_cpp;rosidl_typesupport_introspection_cpp
[1.101s] -- Found rmw_implementation_cmake: 6.1.2 (/opt/ros/humble/share/rmw_implementation_cmake/cmake)
[1.104s] -- Found rmw_fastrtps_cpp: 6.2.7 (/opt/ros/humble/share/rmw_fastrtps_cpp/cmake)
[1.184s] -- Found OpenSSL: /usr/lib/x86_64-linux-gnu/libcrypto.so (found version "3.0.2")  
[1.208s] -- Found FastRTPS: /opt/ros/humble/include  
[1.246s] -- Using RMW implementation 'rmw_fastrtps_cpp' as default
[1.255s] -- Looking for pthread.h
[1.316s] -- Looking for pthread.h - found
[1.316s] -- Performing Test CMAKE_HAVE_LIBC_PTHREAD
[1.379s] -- Performing Test CMAKE_HAVE_LIBC_PTHREAD - Success
[1.380s] -- Found Threads: TRUE  
[1.427s] -- Found sensor_msgs: 4.2.4 (/opt/ros/humble/share/sensor_msgs/cmake)
[1.454s] -- Found tf2_ros: 0.25.8 (/opt/ros/humble/share/tf2_ros/cmake)
[1.550s] -- Found tf2_geometry_msgs: 0.25.8 (/opt/ros/humble/share/tf2_geometry_msgs/cmake)
[1.564s] -- Found eigen3_cmake_module: 0.1.1 (/opt/ros/humble/share/eigen3_cmake_module/cmake)
[1.566s] -- Found Eigen3: TRUE (found version "3.4.0") 
[1.566s] -- Ensuring Eigen3 include directory is part of orocos-kdl CMake target
[1.569s] -- Found nav2_msgs: 1.1.16 (/opt/ros/humble/share/nav2_msgs/cmake)
[1.609s] -- Found map_msgs: 2.1.0 (/opt/ros/humble/share/map_msgs/cmake)
[1.625s] -- Found visualization_msgs: 4.2.4 (/opt/ros/humble/share/visualization_msgs/cmake)
[1.644s] -- Found nav2_costmap_2d: 1.1.16 (/opt/ros/humble/share/nav2_costmap_2d/cmake)
[1.795s] -- Found ament_lint_auto: 0.12.11 (/opt/ros/humble/share/ament_lint_auto/cmake)
[1.868s] -- Found ament_cmake_gtest: 1.3.10 (/opt/ros/humble/share/ament_cmake_gtest/cmake)
[1.873s] -- Found gtest sources under '/opt/ros/humble/src/gtest_vendor': C++ tests using 'Google Test' will be built
[1.887s] -- Added test 'cppcheck' to perform static code analysis on C / C++ code
[1.888s] -- Configured cppcheck include dirs: /home/dpkings/Multi-map/src/m-explore-ros2/explore/include;$<BUILD_INTERFACE:/home/dpkings/Multi-map/src/m-explore-ros2/explore/include>
[1.888s] -- Configured cppcheck exclude dirs and/or files: 
[1.888s] -- Added test 'flake8' to check Python code syntax and style conventions
[1.889s] -- Added test 'lint_cmake' to check CMake code style
[1.889s] -- Added test 'pep257' to check Python code against some of the docstring style conventions in PEP 257
[1.890s] -- Added test 'uncrustify' to check C / C++ code style
[1.890s] -- Configured uncrustify additional arguments: 
[1.891s] -- Added test 'xmllint' to check XML markup files
[1.892s] -- Configuring done
[1.962s] -- Generating done
[1.964s] -- Build files have been written to: /home/dpkings/Multi-map/build/explore_lite
[1.974s] Invoked command in '/home/dpkings/Multi-map/build/explore_lite' returned '0': CMAKE_PREFIX_PATH=${CMAKE_PREFIX_PATH}:/home/dpkings/eyrc-24-25-logistic-cobot/install/ur5_control:/opt/ros/humble /usr/bin/cmake /home/dpkings/Multi-map/src/m-explore-ros2/explore -DCMAKE_INSTALL_PREFIX=/home/dpkings/Multi-map/install/explore_lite
[1.976s] Invoking command in '/home/dpkings/Multi-map/build/explore_lite': CMAKE_PREFIX_PATH=${CMAKE_PREFIX_PATH}:/home/dpkings/eyrc-24-25-logistic-cobot/install/ur5_control:/opt/ros/humble /usr/bin/cmake --build /home/dpkings/Multi-map/build/explore_lite -- -j8 -l8
[2.022s] [ 10%] [32mBuilding CXX object gtest/CMakeFiles/gtest.dir/src/gtest-all.cc.o[0m
[2.022s] [ 20%] [32mBuilding CXX object gtest/CMakeFiles/gtest_main.dir/src/gtest_main.cc.o[0m
[2.022s] [ 30%] [32mBuilding CXX object CMakeFiles/explore.dir/src/costmap_client.cpp.o[0m
[2.026s] [ 50%] [32mBuilding CXX object CMakeFiles/explore.dir/src/explore.cpp.o[0m
[2.026s] [ 50%] [32mBuilding CXX object CMakeFiles/explore.dir/src/frontier_search.cpp.o[0m
[2.895s] [ 60%] [32m[1mLinking CXX static library libgtest_main.a[0m
[2.945s] [ 60%] Built target gtest_main
[4.756s] [ 70%] [32m[1mLinking CXX static library libgtest.a[0m
[4.812s] [ 70%] Built target gtest
[4.833s] [ 80%] [32mBuilding CXX object CMakeFiles/test_explore.dir/test/test_explore.cpp.o[0m
[6.113s] [ 90%] [32m[1mLinking CXX executable test_explore[0m
[7.070s] [ 90%] Built target test_explore
[14.880s] [100%] [32m[1mLinking CXX executable explore[0m
[17.008s] [100%] Built target explore
[17.019s] Invoked command in '/home/dpkings/Multi-map/build/explore_lite' returned '0': CMAKE_PREFIX_PATH=${CMAKE_PREFIX_PATH}:/home/dpkings/eyrc-24-25-logistic-cobot/install/ur5_control:/opt/ros/humble /usr/bin/cmake --build /home/dpkings/Multi-map/build/explore_lite -- -j8 -l8
[17.063s] Invoking command in '/home/dpkings/Multi-map/build/explore_lite': CMAKE_PREFIX_PATH=${CMAKE_PREFIX_PATH}:/home/dpkings/eyrc-24-25-logistic-cobot/install/ur5_control:/opt/ros/humble /usr/bin/cmake --install /home/dpkings/Multi-map/build/explore_lite
[17.071s] -- Install configuration: ""
[17.071s] -- Installing: /home/dpkings/Multi-map/install/explore_lite/include/explore/
[17.071s] -- Installing: /home/dpkings/Multi-map/install/explore_lite/include/explore//costmap_tools.h
[17.071s] -- Installing: /home/dpkings/Multi-map/install/explore_lite/include/explore//costmap_client.h
[17.072s] -- Installing: /home/dpkings/Multi-map/install/explore_lite/include/explore//explore.h
[17.072s] -- Installing: /home/dpkings/Multi-map/install/explore_lite/include/explore//frontier_search.h
[17.072s] -- Installing: /home/dpkings/Multi-map/install/explore_lite/share/explore_lite/config
[17.072s] -- Installing: /home/dpkings/Multi-map/install/explore_lite/share/explore_lite/config/params_costmap.yaml
[17.072s] -- Installing: /home/dpkings/Multi-map/install/explore_lite/share/explore_lite/config/params.yaml
[17.072s] -- Installing: /home/dpkings/Multi-map/install/explore_lite/share/explore_lite/launch
[17.072s] -- Installing: /home/dpkings/Multi-map/install/explore_lite/share/explore_lite/launch/explore.launch.py
[17.072s] -- Installing: /home/dpkings/Multi-map/install/explore_lite/lib/explore_lite/explore
[17.076s] -- Set runtime path of "/home/dpkings/Multi-map/install/explore_lite/lib/explore_lite/explore" to ""
[17.076s] -- Installing: /home/dpkings/Multi-map/install/explore_lite/share/ament_index/resource_index/package_run_dependencies/explore_lite
[17.077s] -- Installing: /home/dpkings/Multi-map/install/explore_lite/share/ament_index/resource_index/parent_prefix_path/explore_lite
[17.077s] -- Installing: /home/dpkings/Multi-map/install/explore_lite/share/explore_lite/environment/ament_prefix_path.sh
[17.077s] -- Installing: /home/dpkings/Multi-map/install/explore_lite/share/explore_lite/environment/ament_prefix_path.dsv
[17.077s] -- Installing: /home/dpkings/Multi-map/install/explore_lite/share/explore_lite/environment/path.sh
[17.077s] -- Installing: /home/dpkings/Multi-map/install/explore_lite/share/explore_lite/environment/path.dsv
[17.077s] -- Installing: /home/dpkings/Multi-map/install/explore_lite/share/explore_lite/local_setup.bash
[17.077s] -- Installing: /home/dpkings/Multi-map/install/explore_lite/share/explore_lite/local_setup.sh
[17.077s] -- Installing: /home/dpkings/Multi-map/install/explore_lite/share/explore_lite/local_setup.zsh
[17.077s] -- Installing: /home/dpkings/Multi-map/install/explore_lite/share/explore_lite/local_setup.dsv
[17.077s] -- Installing: /home/dpkings/Multi-map/install/explore_lite/share/explore_lite/package.dsv
[17.078s] -- Installing: /home/dpkings/Multi-map/install/explore_lite/share/ament_index/resource_index/packages/explore_lite
[17.078s] -- Installing: /home/dpkings/Multi-map/install/explore_lite/share/explore_lite/cmake/ament_cmake_export_include_directories-extras.cmake
[17.078s] -- Installing: /home/dpkings/Multi-map/install/explore_lite/share/explore_lite/cmake/explore_liteConfig.cmake
[17.078s] -- Installing: /home/dpkings/Multi-map/install/explore_lite/share/explore_lite/cmake/explore_liteConfig-version.cmake
[17.079s] -- Installing: /home/dpkings/Multi-map/install/explore_lite/share/explore_lite/package.xml
[17.081s] Invoked command in '/home/dpkings/Multi-map/build/explore_lite' returned '0': CMAKE_PREFIX_PATH=${CMAKE_PREFIX_PATH}:/home/dpkings/eyrc-24-25-logistic-cobot/install/ur5_control:/opt/ros/humble /usr/bin/cmake --install /home/dpkings/Multi-map/build/explore_lite
