[0.071s] DEBUG:colcon:Command line arguments: ['/usr/bin/colcon', 'build', '--symlink-install', '--packages-up-to', 'slam_gmapping']
[0.071s] DEBUG:colcon:Parsed command line arguments: Namespace(log_base=None, log_level=None, verb_name='build', build_base='build', install_base='install', merge_install=False, symlink_install=True, test_result_base=None, continue_on_error=False, executor='parallel', parallel_workers=8, event_handlers=None, ignore_user_meta=False, metas=['./colcon.meta'], base_paths=['.'], packages_ignore=None, packages_ignore_regex=None, paths=None, packages_up_to=['slam_gmapping'], packages_up_to_regex=None, packages_above=None, packages_above_and_dependencies=None, packages_above_depth=None, packages_select_by_dep=None, packages_skip_by_dep=None, packages_skip_up_to=None, packages_select_build_failed=False, packages_skip_build_finished=False, packages_select_test_failures=False, packages_skip_test_passed=False, packages_select=None, packages_skip=None, packages_select_regex=None, packages_skip_regex=None, packages_start=None, packages_end=None, allow_overriding=[], cmake_args=None, cmake_target=None, cmake_target_skip_unavailable=False, cmake_clean_cache=False, cmake_clean_first=False, cmake_force_configure=False, ament_cmake_args=None, catkin_cmake_args=None, catkin_skip_building_tests=False, verb_parser=<colcon_defaults.argument_parser.defaults.DefaultArgumentsDecorator object at 0x7c8d73346410>, verb_extension=<colcon_core.verb.build.BuildVerb object at 0x7c8d73345fc0>, main=<bound method BuildVerb.main of <colcon_core.verb.build.BuildVerb object at 0x7c8d73345fc0>>)
[0.246s] Level 1:colcon.colcon_core.package_discovery:discover_packages(colcon_meta) check parameters
[0.246s] Level 1:colcon.colcon_core.package_discovery:discover_packages(recursive) check parameters
[0.246s] Level 1:colcon.colcon_core.package_discovery:discover_packages(ignore) check parameters
[0.246s] Level 1:colcon.colcon_core.package_discovery:discover_packages(path) check parameters
[0.246s] Level 1:colcon.colcon_core.package_discovery:discover_packages(colcon_meta) discover
[0.246s] Level 1:colcon.colcon_core.package_discovery:discover_packages(recursive) discover
[0.246s] INFO:colcon.colcon_core.package_discovery:Crawling recursively for packages in '/home/dpkings/Multi-map'
[0.246s] Level 1:colcon.colcon_core.package_identification:_identify(.) by extensions ['ignore', 'ignore_ament_install']
[0.246s] Level 1:colcon.colcon_core.package_identification:_identify(.) by extension 'ignore'
[0.246s] Level 1:colcon.colcon_core.package_identification:_identify(.) by extension 'ignore_ament_install'
[0.247s] Level 1:colcon.colcon_core.package_identification:_identify(.) by extensions ['colcon_pkg']
[0.247s] Level 1:colcon.colcon_core.package_identification:_identify(.) by extension 'colcon_pkg'
[0.247s] Level 1:colcon.colcon_core.package_identification:_identify(.) by extensions ['colcon_meta']
[0.247s] Level 1:colcon.colcon_core.package_identification:_identify(.) by extension 'colcon_meta'
[0.247s] Level 1:colcon.colcon_core.package_identification:_identify(.) by extensions ['ros']
[0.247s] Level 1:colcon.colcon_core.package_identification:_identify(.) by extension 'ros'
[0.256s] Level 1:colcon.colcon_core.package_identification:_identify(.) by extensions ['cmake', 'python']
[0.256s] Level 1:colcon.colcon_core.package_identification:_identify(.) by extension 'cmake'
[0.256s] Level 1:colcon.colcon_core.package_identification:_identify(.) by extension 'python'
[0.256s] Level 1:colcon.colcon_core.package_identification:_identify(.) by extensions ['python_setup_py']
[0.256s] Level 1:colcon.colcon_core.package_identification:_identify(.) by extension 'python_setup_py'
[0.256s] Level 1:colcon.colcon_core.package_identification:_identify(build) by extensions ['ignore', 'ignore_ament_install']
[0.256s] Level 1:colcon.colcon_core.package_identification:_identify(build) by extension 'ignore'
[0.256s] Level 1:colcon.colcon_core.package_identification:_identify(build) ignored
[0.256s] Level 1:colcon.colcon_core.package_identification:_identify(install) by extensions ['ignore', 'ignore_ament_install']
[0.256s] Level 1:colcon.colcon_core.package_identification:_identify(install) by extension 'ignore'
[0.256s] Level 1:colcon.colcon_core.package_identification:_identify(install) ignored
[0.256s] Level 1:colcon.colcon_core.package_identification:_identify(log) by extensions ['ignore', 'ignore_ament_install']
[0.256s] Level 1:colcon.colcon_core.package_identification:_identify(log) by extension 'ignore'
[0.256s] Level 1:colcon.colcon_core.package_identification:_identify(log) ignored
[0.256s] Level 1:colcon.colcon_core.package_identification:_identify(src) by extensions ['ignore', 'ignore_ament_install']
[0.256s] Level 1:colcon.colcon_core.package_identification:_identify(src) by extension 'ignore'
[0.256s] Level 1:colcon.colcon_core.package_identification:_identify(src) by extension 'ignore_ament_install'
[0.256s] Level 1:colcon.colcon_core.package_identification:_identify(src) by extensions ['colcon_pkg']
[0.257s] Level 1:colcon.colcon_core.package_identification:_identify(src) by extension 'colcon_pkg'
[0.257s] Level 1:colcon.colcon_core.package_identification:_identify(src) by extensions ['colcon_meta']
[0.257s] Level 1:colcon.colcon_core.package_identification:_identify(src) by extension 'colcon_meta'
[0.257s] Level 1:colcon.colcon_core.package_identification:_identify(src) by extensions ['ros']
[0.257s] Level 1:colcon.colcon_core.package_identification:_identify(src) by extension 'ros'
[0.257s] Level 1:colcon.colcon_core.package_identification:_identify(src) by extensions ['cmake', 'python']
[0.257s] Level 1:colcon.colcon_core.package_identification:_identify(src) by extension 'cmake'
[0.257s] Level 1:colcon.colcon_core.package_identification:_identify(src) by extension 'python'
[0.257s] Level 1:colcon.colcon_core.package_identification:_identify(src) by extensions ['python_setup_py']
[0.257s] Level 1:colcon.colcon_core.package_identification:_identify(src) by extension 'python_setup_py'
[0.257s] Level 1:colcon.colcon_core.package_identification:_identify(src/m-explore-ros2) by extensions ['ignore', 'ignore_ament_install']
[0.257s] Level 1:colcon.colcon_core.package_identification:_identify(src/m-explore-ros2) by extension 'ignore'
[0.257s] Level 1:colcon.colcon_core.package_identification:_identify(src/m-explore-ros2) by extension 'ignore_ament_install'
[0.257s] Level 1:colcon.colcon_core.package_identification:_identify(src/m-explore-ros2) by extensions ['colcon_pkg']
[0.257s] Level 1:colcon.colcon_core.package_identification:_identify(src/m-explore-ros2) by extension 'colcon_pkg'
[0.257s] Level 1:colcon.colcon_core.package_identification:_identify(src/m-explore-ros2) by extensions ['colcon_meta']
[0.257s] Level 1:colcon.colcon_core.package_identification:_identify(src/m-explore-ros2) by extension 'colcon_meta'
[0.257s] Level 1:colcon.colcon_core.package_identification:_identify(src/m-explore-ros2) by extensions ['ros']
[0.257s] Level 1:colcon.colcon_core.package_identification:_identify(src/m-explore-ros2) by extension 'ros'
[0.257s] Level 1:colcon.colcon_core.package_identification:_identify(src/m-explore-ros2) by extensions ['cmake', 'python']
[0.257s] Level 1:colcon.colcon_core.package_identification:_identify(src/m-explore-ros2) by extension 'cmake'
[0.257s] Level 1:colcon.colcon_core.package_identification:_identify(src/m-explore-ros2) by extension 'python'
[0.257s] Level 1:colcon.colcon_core.package_identification:_identify(src/m-explore-ros2) by extensions ['python_setup_py']
[0.257s] Level 1:colcon.colcon_core.package_identification:_identify(src/m-explore-ros2) by extension 'python_setup_py'
[0.257s] Level 1:colcon.colcon_core.package_identification:_identify(src/m-explore-ros2/explore) by extensions ['ignore', 'ignore_ament_install']
[0.257s] Level 1:colcon.colcon_core.package_identification:_identify(src/m-explore-ros2/explore) by extension 'ignore'
[0.257s] Level 1:colcon.colcon_core.package_identification:_identify(src/m-explore-ros2/explore) by extension 'ignore_ament_install'
[0.257s] Level 1:colcon.colcon_core.package_identification:_identify(src/m-explore-ros2/explore) by extensions ['colcon_pkg']
[0.257s] Level 1:colcon.colcon_core.package_identification:_identify(src/m-explore-ros2/explore) by extension 'colcon_pkg'
[0.257s] Level 1:colcon.colcon_core.package_identification:_identify(src/m-explore-ros2/explore) by extensions ['colcon_meta']
[0.257s] Level 1:colcon.colcon_core.package_identification:_identify(src/m-explore-ros2/explore) by extension 'colcon_meta'
[0.257s] Level 1:colcon.colcon_core.package_identification:_identify(src/m-explore-ros2/explore) by extensions ['ros']
[0.257s] Level 1:colcon.colcon_core.package_identification:_identify(src/m-explore-ros2/explore) by extension 'ros'
[0.259s] DEBUG:colcon.colcon_core.package_identification:Package 'src/m-explore-ros2/explore' with type 'ros.ament_cmake' and name 'explore_lite'
[0.260s] Level 1:colcon.colcon_core.package_identification:_identify(src/m-explore-ros2/map_merge) by extensions ['ignore', 'ignore_ament_install']
[0.260s] Level 1:colcon.colcon_core.package_identification:_identify(src/m-explore-ros2/map_merge) by extension 'ignore'
[0.260s] Level 1:colcon.colcon_core.package_identification:_identify(src/m-explore-ros2/map_merge) by extension 'ignore_ament_install'
[0.260s] Level 1:colcon.colcon_core.package_identification:_identify(src/m-explore-ros2/map_merge) by extensions ['colcon_pkg']
[0.260s] Level 1:colcon.colcon_core.package_identification:_identify(src/m-explore-ros2/map_merge) by extension 'colcon_pkg'
[0.260s] Level 1:colcon.colcon_core.package_identification:_identify(src/m-explore-ros2/map_merge) by extensions ['colcon_meta']
[0.260s] Level 1:colcon.colcon_core.package_identification:_identify(src/m-explore-ros2/map_merge) by extension 'colcon_meta'
[0.260s] Level 1:colcon.colcon_core.package_identification:_identify(src/m-explore-ros2/map_merge) by extensions ['ros']
[0.260s] Level 1:colcon.colcon_core.package_identification:_identify(src/m-explore-ros2/map_merge) by extension 'ros'
[0.261s] DEBUG:colcon.colcon_core.package_identification:Package 'src/m-explore-ros2/map_merge' with type 'ros.ament_cmake' and name 'multirobot_map_merge'
[0.261s] Level 1:colcon.colcon_core.package_identification:_identify(src/slam_gmapping) by extensions ['ignore', 'ignore_ament_install']
[0.261s] Level 1:colcon.colcon_core.package_identification:_identify(src/slam_gmapping) by extension 'ignore'
[0.261s] Level 1:colcon.colcon_core.package_identification:_identify(src/slam_gmapping) by extension 'ignore_ament_install'
[0.261s] Level 1:colcon.colcon_core.package_identification:_identify(src/slam_gmapping) by extensions ['colcon_pkg']
[0.261s] Level 1:colcon.colcon_core.package_identification:_identify(src/slam_gmapping) by extension 'colcon_pkg'
[0.261s] Level 1:colcon.colcon_core.package_identification:_identify(src/slam_gmapping) by extensions ['colcon_meta']
[0.261s] Level 1:colcon.colcon_core.package_identification:_identify(src/slam_gmapping) by extension 'colcon_meta'
[0.261s] Level 1:colcon.colcon_core.package_identification:_identify(src/slam_gmapping) by extensions ['ros']
[0.261s] Level 1:colcon.colcon_core.package_identification:_identify(src/slam_gmapping) by extension 'ros'
[0.261s] Level 1:colcon.colcon_core.package_identification:_identify(src/slam_gmapping) by extensions ['cmake', 'python']
[0.261s] Level 1:colcon.colcon_core.package_identification:_identify(src/slam_gmapping) by extension 'cmake'
[0.261s] Level 1:colcon.colcon_core.package_identification:_identify(src/slam_gmapping) by extension 'python'
[0.261s] Level 1:colcon.colcon_core.package_identification:_identify(src/slam_gmapping) by extensions ['python_setup_py']
[0.261s] Level 1:colcon.colcon_core.package_identification:_identify(src/slam_gmapping) by extension 'python_setup_py'
[0.261s] Level 1:colcon.colcon_core.package_identification:_identify(src/slam_gmapping/openslam_gmapping) by extensions ['ignore', 'ignore_ament_install']
[0.261s] Level 1:colcon.colcon_core.package_identification:_identify(src/slam_gmapping/openslam_gmapping) by extension 'ignore'
[0.261s] Level 1:colcon.colcon_core.package_identification:_identify(src/slam_gmapping/openslam_gmapping) by extension 'ignore_ament_install'
[0.261s] Level 1:colcon.colcon_core.package_identification:_identify(src/slam_gmapping/openslam_gmapping) by extensions ['colcon_pkg']
[0.261s] Level 1:colcon.colcon_core.package_identification:_identify(src/slam_gmapping/openslam_gmapping) by extension 'colcon_pkg'
[0.261s] Level 1:colcon.colcon_core.package_identification:_identify(src/slam_gmapping/openslam_gmapping) by extensions ['colcon_meta']
[0.261s] Level 1:colcon.colcon_core.package_identification:_identify(src/slam_gmapping/openslam_gmapping) by extension 'colcon_meta'
[0.261s] Level 1:colcon.colcon_core.package_identification:_identify(src/slam_gmapping/openslam_gmapping) by extensions ['ros']
[0.261s] Level 1:colcon.colcon_core.package_identification:_identify(src/slam_gmapping/openslam_gmapping) by extension 'ros'
[0.262s] DEBUG:colcon.colcon_core.package_identification:Package 'src/slam_gmapping/openslam_gmapping' with type 'ros.ament_cmake' and name 'openslam_gmapping'
[0.262s] Level 1:colcon.colcon_core.package_identification:_identify(src/slam_gmapping/slam_gmapping) by extensions ['ignore', 'ignore_ament_install']
[0.262s] Level 1:colcon.colcon_core.package_identification:_identify(src/slam_gmapping/slam_gmapping) by extension 'ignore'
[0.262s] Level 1:colcon.colcon_core.package_identification:_identify(src/slam_gmapping/slam_gmapping) by extension 'ignore_ament_install'
[0.262s] Level 1:colcon.colcon_core.package_identification:_identify(src/slam_gmapping/slam_gmapping) by extensions ['colcon_pkg']
[0.262s] Level 1:colcon.colcon_core.package_identification:_identify(src/slam_gmapping/slam_gmapping) by extension 'colcon_pkg'
[0.262s] Level 1:colcon.colcon_core.package_identification:_identify(src/slam_gmapping/slam_gmapping) by extensions ['colcon_meta']
[0.262s] Level 1:colcon.colcon_core.package_identification:_identify(src/slam_gmapping/slam_gmapping) by extension 'colcon_meta'
[0.262s] Level 1:colcon.colcon_core.package_identification:_identify(src/slam_gmapping/slam_gmapping) by extensions ['ros']
[0.262s] Level 1:colcon.colcon_core.package_identification:_identify(src/slam_gmapping/slam_gmapping) by extension 'ros'
[0.263s] DEBUG:colcon.colcon_core.package_identification:Package 'src/slam_gmapping/slam_gmapping' with type 'ros.ament_cmake' and name 'slam_gmapping'
[0.263s] Level 1:colcon.colcon_core.package_discovery:discover_packages(recursive) using defaults
[0.263s] Level 1:colcon.colcon_core.package_discovery:discover_packages(ignore) discover
[0.263s] Level 1:colcon.colcon_core.package_discovery:discover_packages(ignore) using defaults
[0.263s] Level 1:colcon.colcon_core.package_discovery:discover_packages(path) discover
[0.263s] Level 1:colcon.colcon_core.package_discovery:discover_packages(path) using defaults
[0.276s] INFO:colcon.colcon_core.package_selection:Skipping package 'multirobot_map_merge' in 'src/m-explore-ros2/map_merge'
[0.276s] INFO:colcon.colcon_core.package_selection:Skipping package 'explore_lite' in 'src/m-explore-ros2/explore'
[0.277s] Level 1:colcon.colcon_core.package_discovery:discover_packages(prefix_path) check parameters
[0.277s] Level 1:colcon.colcon_core.package_discovery:discover_packages(prefix_path) discover
[0.278s] DEBUG:colcon.colcon_installed_package_information.package_discovery:Found 13 installed packages in /home/dpkings/eyrc-24-25-logistic-cobot/install
[0.279s] DEBUG:colcon.colcon_installed_package_information.package_discovery:Found 460 installed packages in /opt/ros/humble
[0.281s] Level 1:colcon.colcon_core.package_discovery:discover_packages(prefix_path) using defaults
[0.316s] Level 5:colcon.colcon_core.verb:set package 'openslam_gmapping' build argument 'cmake_args' from command line to 'None'
[0.316s] Level 5:colcon.colcon_core.verb:set package 'openslam_gmapping' build argument 'cmake_target' from command line to 'None'
[0.316s] Level 5:colcon.colcon_core.verb:set package 'openslam_gmapping' build argument 'cmake_target_skip_unavailable' from command line to 'False'
[0.316s] Level 5:colcon.colcon_core.verb:set package 'openslam_gmapping' build argument 'cmake_clean_cache' from command line to 'False'
[0.316s] Level 5:colcon.colcon_core.verb:set package 'openslam_gmapping' build argument 'cmake_clean_first' from command line to 'False'
[0.316s] Level 5:colcon.colcon_core.verb:set package 'openslam_gmapping' build argument 'cmake_force_configure' from command line to 'False'
[0.316s] Level 5:colcon.colcon_core.verb:set package 'openslam_gmapping' build argument 'ament_cmake_args' from command line to 'None'
[0.316s] Level 5:colcon.colcon_core.verb:set package 'openslam_gmapping' build argument 'catkin_cmake_args' from command line to 'None'
[0.316s] Level 5:colcon.colcon_core.verb:set package 'openslam_gmapping' build argument 'catkin_skip_building_tests' from command line to 'False'
[0.316s] DEBUG:colcon.colcon_core.verb:Building package 'openslam_gmapping' with the following arguments: {'ament_cmake_args': None, 'build_base': '/home/dpkings/Multi-map/build/openslam_gmapping', 'catkin_cmake_args': None, 'catkin_skip_building_tests': False, 'cmake_args': None, 'cmake_clean_cache': False, 'cmake_clean_first': False, 'cmake_force_configure': False, 'cmake_target': None, 'cmake_target_skip_unavailable': False, 'install_base': '/home/dpkings/Multi-map/install/openslam_gmapping', 'merge_install': False, 'path': '/home/dpkings/Multi-map/src/slam_gmapping/openslam_gmapping', 'symlink_install': True, 'test_result_base': None}
[0.316s] Level 5:colcon.colcon_core.verb:set package 'slam_gmapping' build argument 'cmake_args' from command line to 'None'
[0.316s] Level 5:colcon.colcon_core.verb:set package 'slam_gmapping' build argument 'cmake_target' from command line to 'None'
[0.316s] Level 5:colcon.colcon_core.verb:set package 'slam_gmapping' build argument 'cmake_target_skip_unavailable' from command line to 'False'
[0.316s] Level 5:colcon.colcon_core.verb:set package 'slam_gmapping' build argument 'cmake_clean_cache' from command line to 'False'
[0.317s] Level 5:colcon.colcon_core.verb:set package 'slam_gmapping' build argument 'cmake_clean_first' from command line to 'False'
[0.317s] Level 5:colcon.colcon_core.verb:set package 'slam_gmapping' build argument 'cmake_force_configure' from command line to 'False'
[0.317s] Level 5:colcon.colcon_core.verb:set package 'slam_gmapping' build argument 'ament_cmake_args' from command line to 'None'
[0.317s] Level 5:colcon.colcon_core.verb:set package 'slam_gmapping' build argument 'catkin_cmake_args' from command line to 'None'
[0.317s] Level 5:colcon.colcon_core.verb:set package 'slam_gmapping' build argument 'catkin_skip_building_tests' from command line to 'False'
[0.317s] DEBUG:colcon.colcon_core.verb:Building package 'slam_gmapping' with the following arguments: {'ament_cmake_args': None, 'build_base': '/home/dpkings/Multi-map/build/slam_gmapping', 'catkin_cmake_args': None, 'catkin_skip_building_tests': False, 'cmake_args': None, 'cmake_clean_cache': False, 'cmake_clean_first': False, 'cmake_force_configure': False, 'cmake_target': None, 'cmake_target_skip_unavailable': False, 'install_base': '/home/dpkings/Multi-map/install/slam_gmapping', 'merge_install': False, 'path': '/home/dpkings/Multi-map/src/slam_gmapping/slam_gmapping', 'symlink_install': True, 'test_result_base': None}
[0.317s] INFO:colcon.colcon_core.executor:Executing jobs using 'parallel' executor
[0.318s] DEBUG:colcon.colcon_parallel_executor.executor.parallel:run_until_complete
[0.318s] INFO:colcon.colcon_ros.task.ament_cmake.build:Building ROS package in '/home/dpkings/Multi-map/src/slam_gmapping/openslam_gmapping' with build type 'ament_cmake'
[0.318s] INFO:colcon.colcon_cmake.task.cmake.build:Building CMake package in '/home/dpkings/Multi-map/src/slam_gmapping/openslam_gmapping'
[0.319s] INFO:colcon.colcon_core.plugin_system:Skipping extension 'colcon_core.shell.bat': Not used on non-Windows systems
[0.320s] INFO:colcon.colcon_core.shell:Skip shell extension 'powershell' for command environment: Not usable outside of PowerShell
[0.320s] DEBUG:colcon.colcon_core.shell:Skip shell extension 'dsv' for command environment
[0.327s] DEBUG:colcon.colcon_core.event_handler.log_command:Invoking command in '/home/dpkings/Multi-map/build/openslam_gmapping': CMAKE_PREFIX_PATH=${CMAKE_PREFIX_PATH}:/home/dpkings/eyrc-24-25-logistic-cobot/install/ur5_control:/opt/ros/humble /usr/bin/cmake --build /home/dpkings/Multi-map/build/openslam_gmapping -- -j8 -l8
[1.594s] DEBUG:colcon.colcon_core.event_handler.log_command:Invoked command in '/home/dpkings/Multi-map/build/openslam_gmapping' returned '0': CMAKE_PREFIX_PATH=${CMAKE_PREFIX_PATH}:/home/dpkings/eyrc-24-25-logistic-cobot/install/ur5_control:/opt/ros/humble /usr/bin/cmake --build /home/dpkings/Multi-map/build/openslam_gmapping -- -j8 -l8
[1.631s] DEBUG:colcon.colcon_core.event_handler.log_command:Invoking command in '/home/dpkings/Multi-map/build/openslam_gmapping': CMAKE_PREFIX_PATH=${CMAKE_PREFIX_PATH}:/home/dpkings/eyrc-24-25-logistic-cobot/install/ur5_control:/opt/ros/humble /usr/bin/cmake --install /home/dpkings/Multi-map/build/openslam_gmapping
[1.656s] Level 1:colcon.colcon_core.environment:create_environment_scripts_only(openslam_gmapping)
[1.657s] DEBUG:colcon.colcon_core.event_handler.log_command:Invoked command in '/home/dpkings/Multi-map/build/openslam_gmapping' returned '0': CMAKE_PREFIX_PATH=${CMAKE_PREFIX_PATH}:/home/dpkings/eyrc-24-25-logistic-cobot/install/ur5_control:/opt/ros/humble /usr/bin/cmake --install /home/dpkings/Multi-map/build/openslam_gmapping
[1.658s] Level 1:colcon.colcon_core.environment:checking '/home/dpkings/Multi-map/install/openslam_gmapping' for CMake module files
[1.659s] Level 1:colcon.colcon_core.environment:checking '/home/dpkings/Multi-map/install/openslam_gmapping' for CMake config files
[1.659s] Level 1:colcon.colcon_core.shell:create_environment_hook('openslam_gmapping', 'cmake_prefix_path')
[1.659s] INFO:colcon.colcon_core.shell:Creating environment hook '/home/dpkings/Multi-map/install/openslam_gmapping/share/openslam_gmapping/hook/cmake_prefix_path.ps1'
[1.659s] INFO:colcon.colcon_core.shell:Creating environment descriptor '/home/dpkings/Multi-map/install/openslam_gmapping/share/openslam_gmapping/hook/cmake_prefix_path.dsv'
[1.660s] INFO:colcon.colcon_core.shell:Creating environment hook '/home/dpkings/Multi-map/install/openslam_gmapping/share/openslam_gmapping/hook/cmake_prefix_path.sh'
[1.661s] Level 1:colcon.colcon_core.environment:checking '/home/dpkings/Multi-map/install/openslam_gmapping/lib'
[1.661s] Level 1:colcon.colcon_core.environment:checking '/home/dpkings/Multi-map/install/openslam_gmapping/bin'
[1.661s] Level 1:colcon.colcon_core.environment:checking '/home/dpkings/Multi-map/install/openslam_gmapping/lib/pkgconfig/openslam_gmapping.pc'
[1.661s] Level 1:colcon.colcon_core.environment:checking '/home/dpkings/Multi-map/install/openslam_gmapping/lib/python3.10/site-packages'
[1.661s] Level 1:colcon.colcon_core.environment:checking '/home/dpkings/Multi-map/install/openslam_gmapping/bin'
[1.662s] INFO:colcon.colcon_core.shell:Creating package script '/home/dpkings/Multi-map/install/openslam_gmapping/share/openslam_gmapping/package.ps1'
[1.662s] INFO:colcon.colcon_core.shell:Creating package descriptor '/home/dpkings/Multi-map/install/openslam_gmapping/share/openslam_gmapping/package.dsv'
[1.663s] INFO:colcon.colcon_core.shell:Creating package script '/home/dpkings/Multi-map/install/openslam_gmapping/share/openslam_gmapping/package.sh'
[1.664s] INFO:colcon.colcon_core.shell:Creating package script '/home/dpkings/Multi-map/install/openslam_gmapping/share/openslam_gmapping/package.bash'
[1.664s] INFO:colcon.colcon_core.shell:Creating package script '/home/dpkings/Multi-map/install/openslam_gmapping/share/openslam_gmapping/package.zsh'
[1.665s] Level 1:colcon.colcon_core.environment:create_file_with_runtime_dependencies(/home/dpkings/Multi-map/install/openslam_gmapping/share/colcon-core/packages/openslam_gmapping)
[1.691s] Level 1:colcon.colcon_core.environment:create_environment_scripts_only(openslam_gmapping)
[1.691s] Level 1:colcon.colcon_core.environment:checking '/home/dpkings/Multi-map/install/openslam_gmapping' for CMake module files
[1.691s] Level 1:colcon.colcon_core.environment:checking '/home/dpkings/Multi-map/install/openslam_gmapping' for CMake config files
[1.691s] Level 1:colcon.colcon_core.shell:create_environment_hook('openslam_gmapping', 'cmake_prefix_path')
[1.692s] INFO:colcon.colcon_core.shell:Creating environment hook '/home/dpkings/Multi-map/install/openslam_gmapping/share/openslam_gmapping/hook/cmake_prefix_path.ps1'
[1.692s] INFO:colcon.colcon_core.shell:Creating environment descriptor '/home/dpkings/Multi-map/install/openslam_gmapping/share/openslam_gmapping/hook/cmake_prefix_path.dsv'
[1.692s] INFO:colcon.colcon_core.shell:Creating environment hook '/home/dpkings/Multi-map/install/openslam_gmapping/share/openslam_gmapping/hook/cmake_prefix_path.sh'
[1.693s] Level 1:colcon.colcon_core.environment:checking '/home/dpkings/Multi-map/install/openslam_gmapping/lib'
[1.693s] Level 1:colcon.colcon_core.environment:checking '/home/dpkings/Multi-map/install/openslam_gmapping/bin'
[1.693s] Level 1:colcon.colcon_core.environment:checking '/home/dpkings/Multi-map/install/openslam_gmapping/lib/pkgconfig/openslam_gmapping.pc'
[1.693s] Level 1:colcon.colcon_core.environment:checking '/home/dpkings/Multi-map/install/openslam_gmapping/lib/python3.10/site-packages'
[1.694s] Level 1:colcon.colcon_core.environment:checking '/home/dpkings/Multi-map/install/openslam_gmapping/bin'
[1.694s] INFO:colcon.colcon_core.shell:Creating package script '/home/dpkings/Multi-map/install/openslam_gmapping/share/openslam_gmapping/package.ps1'
[1.695s] INFO:colcon.colcon_core.shell:Creating package descriptor '/home/dpkings/Multi-map/install/openslam_gmapping/share/openslam_gmapping/package.dsv'
[1.695s] INFO:colcon.colcon_core.shell:Creating package script '/home/dpkings/Multi-map/install/openslam_gmapping/share/openslam_gmapping/package.sh'
[1.696s] INFO:colcon.colcon_core.shell:Creating package script '/home/dpkings/Multi-map/install/openslam_gmapping/share/openslam_gmapping/package.bash'
[1.696s] INFO:colcon.colcon_core.shell:Creating package script '/home/dpkings/Multi-map/install/openslam_gmapping/share/openslam_gmapping/package.zsh'
[1.697s] Level 1:colcon.colcon_core.environment:create_file_with_runtime_dependencies(/home/dpkings/Multi-map/install/openslam_gmapping/share/colcon-core/packages/openslam_gmapping)
[1.697s] INFO:colcon.colcon_ros.task.ament_cmake.build:Building ROS package in '/home/dpkings/Multi-map/src/slam_gmapping/slam_gmapping' with build type 'ament_cmake'
[1.697s] INFO:colcon.colcon_cmake.task.cmake.build:Building CMake package in '/home/dpkings/Multi-map/src/slam_gmapping/slam_gmapping'
[1.698s] INFO:colcon.colcon_core.shell:Skip shell extension 'powershell' for command environment: Not usable outside of PowerShell
[1.698s] DEBUG:colcon.colcon_core.shell:Skip shell extension 'dsv' for command environment
[1.710s] DEBUG:colcon.colcon_core.event_handler.log_command:Invoking command in '/home/dpkings/Multi-map/build/slam_gmapping': AMENT_PREFIX_PATH=/home/dpkings/Multi-map/install/openslam_gmapping:${AMENT_PREFIX_PATH} CMAKE_PREFIX_PATH=/home/dpkings/Multi-map/install/openslam_gmapping:/home/dpkings/eyrc-24-25-logistic-cobot/install/ur_simulation_gazebo:/home/dpkings/eyrc-24-25-logistic-cobot/install/ur_moveit_config:/home/dpkings/eyrc-24-25-logistic-cobot/install/ur_description:/home/dpkings/eyrc-24-25-logistic-cobot/install/servo_msgs:/home/dpkings/eyrc-24-25-logistic-cobot/install/realsense_gazebo_plugin:/home/dpkings/eyrc-24-25-logistic-cobot/install/pymoveit2:/home/dpkings/eyrc-24-25-logistic-cobot/install/ebot_description:/home/dpkings/eyrc-24-25-logistic-cobot/install/payload_service:/home/dpkings/eyrc-24-25-logistic-cobot/install/linkattacher_msgs:/home/dpkings/eyrc-24-25-logistic-cobot/install/eyantra_warehouse:/home/dpkings/eyrc-24-25-logistic-cobot/install/ebot_nav2:/home/dpkings/eyrc-24-25-logistic-cobot/install/ebot_docking:/home/dpkings/eyrc-24-25-logistic-cobot/install/ur5_control:/opt/ros/humble LD_LIBRARY_PATH=/home/dpkings/Multi-map/install/openslam_gmapping/lib:${LD_LIBRARY_PATH} /usr/bin/cmake --build /home/dpkings/Multi-map/build/slam_gmapping -- -j8 -l8
[1.949s] DEBUG:colcon.colcon_core.event_handler.log_command:Invoked command in '/home/dpkings/Multi-map/build/slam_gmapping' returned '2': AMENT_PREFIX_PATH=/home/dpkings/Multi-map/install/openslam_gmapping:${AMENT_PREFIX_PATH} CMAKE_PREFIX_PATH=/home/dpkings/Multi-map/install/openslam_gmapping:/home/dpkings/eyrc-24-25-logistic-cobot/install/ur_simulation_gazebo:/home/dpkings/eyrc-24-25-logistic-cobot/install/ur_moveit_config:/home/dpkings/eyrc-24-25-logistic-cobot/install/ur_description:/home/dpkings/eyrc-24-25-logistic-cobot/install/servo_msgs:/home/dpkings/eyrc-24-25-logistic-cobot/install/realsense_gazebo_plugin:/home/dpkings/eyrc-24-25-logistic-cobot/install/pymoveit2:/home/dpkings/eyrc-24-25-logistic-cobot/install/ebot_description:/home/dpkings/eyrc-24-25-logistic-cobot/install/payload_service:/home/dpkings/eyrc-24-25-logistic-cobot/install/linkattacher_msgs:/home/dpkings/eyrc-24-25-logistic-cobot/install/eyantra_warehouse:/home/dpkings/eyrc-24-25-logistic-cobot/install/ebot_nav2:/home/dpkings/eyrc-24-25-logistic-cobot/install/ebot_docking:/home/dpkings/eyrc-24-25-logistic-cobot/install/ur5_control:/opt/ros/humble LD_LIBRARY_PATH=/home/dpkings/Multi-map/install/openslam_gmapping/lib:${LD_LIBRARY_PATH} /usr/bin/cmake --build /home/dpkings/Multi-map/build/slam_gmapping -- -j8 -l8
[1.975s] Level 1:colcon.colcon_core.environment:create_environment_scripts_only(slam_gmapping)
[1.976s] Level 1:colcon.colcon_core.environment:checking '/home/dpkings/Multi-map/install/slam_gmapping' for CMake module files
[1.976s] Level 1:colcon.colcon_core.environment:checking '/home/dpkings/Multi-map/install/slam_gmapping' for CMake config files
[1.977s] Level 1:colcon.colcon_core.shell:create_environment_hook('slam_gmapping', 'cmake_prefix_path')
[1.977s] INFO:colcon.colcon_core.shell:Creating environment hook '/home/dpkings/Multi-map/install/slam_gmapping/share/slam_gmapping/hook/cmake_prefix_path.ps1'
[1.978s] INFO:colcon.colcon_core.shell:Creating environment descriptor '/home/dpkings/Multi-map/install/slam_gmapping/share/slam_gmapping/hook/cmake_prefix_path.dsv'
[1.978s] INFO:colcon.colcon_core.shell:Creating environment hook '/home/dpkings/Multi-map/install/slam_gmapping/share/slam_gmapping/hook/cmake_prefix_path.sh'
[1.979s] Level 1:colcon.colcon_core.environment:checking '/home/dpkings/Multi-map/install/slam_gmapping/lib'
[1.979s] Level 1:colcon.colcon_core.environment:checking '/home/dpkings/Multi-map/install/slam_gmapping/bin'
[1.979s] Level 1:colcon.colcon_core.environment:checking '/home/dpkings/Multi-map/install/slam_gmapping/lib/pkgconfig/slam_gmapping.pc'
[1.980s] Level 1:colcon.colcon_core.environment:checking '/home/dpkings/Multi-map/install/slam_gmapping/lib/python3.10/site-packages'
[1.980s] Level 1:colcon.colcon_core.environment:checking '/home/dpkings/Multi-map/install/slam_gmapping/bin'
[1.980s] INFO:colcon.colcon_core.shell:Creating package script '/home/dpkings/Multi-map/install/slam_gmapping/share/slam_gmapping/package.ps1'
[1.981s] INFO:colcon.colcon_core.shell:Creating package descriptor '/home/dpkings/Multi-map/install/slam_gmapping/share/slam_gmapping/package.dsv'
[1.982s] INFO:colcon.colcon_core.shell:Creating package script '/home/dpkings/Multi-map/install/slam_gmapping/share/slam_gmapping/package.sh'
[1.982s] INFO:colcon.colcon_core.shell:Creating package script '/home/dpkings/Multi-map/install/slam_gmapping/share/slam_gmapping/package.bash'
[1.983s] INFO:colcon.colcon_core.shell:Creating package script '/home/dpkings/Multi-map/install/slam_gmapping/share/slam_gmapping/package.zsh'
[1.983s] Level 1:colcon.colcon_core.environment:create_file_with_runtime_dependencies(/home/dpkings/Multi-map/install/slam_gmapping/share/colcon-core/packages/slam_gmapping)
[1.994s] DEBUG:colcon.colcon_parallel_executor.executor.parallel:closing loop
[1.994s] DEBUG:colcon.colcon_parallel_executor.executor.parallel:loop closed
[1.994s] DEBUG:colcon.colcon_parallel_executor.executor.parallel:run_until_complete finished with '2'
[1.994s] DEBUG:colcon.colcon_core.event_reactor:joining thread
[2.002s] INFO:colcon.colcon_core.plugin_system:Skipping extension 'colcon_notification.desktop_notification.terminal_notifier': Not used on non-Darwin systems
[2.002s] INFO:colcon.colcon_core.plugin_system:Skipping extension 'colcon_notification.desktop_notification.win32': Not used on non-Windows systems
[2.003s] INFO:colcon.colcon_notification.desktop_notification:Sending desktop notification using 'notify2'
[2.017s] DEBUG:colcon.colcon_core.event_reactor:joined thread
[2.018s] INFO:colcon.colcon_core.shell:Creating prefix script '/home/dpkings/Multi-map/install/local_setup.ps1'
[2.019s] INFO:colcon.colcon_core.shell:Creating prefix util module '/home/dpkings/Multi-map/install/_local_setup_util_ps1.py'
[2.020s] INFO:colcon.colcon_core.shell:Creating prefix chain script '/home/dpkings/Multi-map/install/setup.ps1'
[2.022s] INFO:colcon.colcon_core.shell:Creating prefix script '/home/dpkings/Multi-map/install/local_setup.sh'
[2.022s] INFO:colcon.colcon_core.shell:Creating prefix util module '/home/dpkings/Multi-map/install/_local_setup_util_sh.py'
[2.023s] INFO:colcon.colcon_core.shell:Creating prefix chain script '/home/dpkings/Multi-map/install/setup.sh'
[2.024s] INFO:colcon.colcon_core.shell:Creating prefix script '/home/dpkings/Multi-map/install/local_setup.bash'
[2.024s] INFO:colcon.colcon_core.shell:Creating prefix chain script '/home/dpkings/Multi-map/install/setup.bash'
[2.025s] INFO:colcon.colcon_core.shell:Creating prefix script '/home/dpkings/Multi-map/install/local_setup.zsh'
[2.025s] INFO:colcon.colcon_core.shell:Creating prefix chain script '/home/dpkings/Multi-map/install/setup.zsh'
