[0.076s] DEBUG:colcon:Command line arguments: ['/usr/bin/colcon', 'build']
[0.076s] DEBUG:colcon:Parsed command line arguments: Namespace(log_base=None, log_level=None, verb_name='build', build_base='build', install_base='install', merge_install=False, symlink_install=False, test_result_base=None, continue_on_error=False, executor='parallel', parallel_workers=8, event_handlers=None, ignore_user_meta=False, metas=['./colcon.meta'], base_paths=['.'], packages_ignore=None, packages_ignore_regex=None, paths=None, packages_up_to=None, packages_up_to_regex=None, packages_above=None, packages_above_and_dependencies=None, packages_above_depth=None, packages_select_by_dep=None, packages_skip_by_dep=None, packages_skip_up_to=None, packages_select_build_failed=False, packages_skip_build_finished=False, packages_select_test_failures=False, packages_skip_test_passed=False, packages_select=None, packages_skip=None, packages_select_regex=None, packages_skip_regex=None, packages_start=None, packages_end=None, allow_overriding=[], cmake_args=None, cmake_target=None, cmake_target_skip_unavailable=False, cmake_clean_cache=False, cmake_clean_first=False, cmake_force_configure=False, ament_cmake_args=None, catkin_cmake_args=None, catkin_skip_building_tests=False, verb_parser=<colcon_defaults.argument_parser.defaults.DefaultArgumentsDecorator object at 0x73851af32110>, verb_extension=<colcon_core.verb.build.BuildVerb object at 0x73851b003370>, main=<bound method BuildVerb.main of <colcon_core.verb.build.BuildVerb object at 0x73851b003370>>)
[0.256s] Level 1:colcon.colcon_core.package_discovery:discover_packages(colcon_meta) check parameters
[0.256s] Level 1:colcon.colcon_core.package_discovery:discover_packages(recursive) check parameters
[0.256s] Level 1:colcon.colcon_core.package_discovery:discover_packages(ignore) check parameters
[0.256s] Level 1:colcon.colcon_core.package_discovery:discover_packages(path) check parameters
[0.256s] Level 1:colcon.colcon_core.package_discovery:discover_packages(colcon_meta) discover
[0.256s] Level 1:colcon.colcon_core.package_discovery:discover_packages(recursive) discover
[0.256s] INFO:colcon.colcon_core.package_discovery:Crawling recursively for packages in '/home/dpkings/Multi-map'
[0.256s] Level 1:colcon.colcon_core.package_identification:_identify(.) by extensions ['ignore', 'ignore_ament_install']
[0.256s] Level 1:colcon.colcon_core.package_identification:_identify(.) by extension 'ignore'
[0.256s] Level 1:colcon.colcon_core.package_identification:_identify(.) by extension 'ignore_ament_install'
[0.256s] Level 1:colcon.colcon_core.package_identification:_identify(.) by extensions ['colcon_pkg']
[0.256s] Level 1:colcon.colcon_core.package_identification:_identify(.) by extension 'colcon_pkg'
[0.256s] Level 1:colcon.colcon_core.package_identification:_identify(.) by extensions ['colcon_meta']
[0.256s] Level 1:colcon.colcon_core.package_identification:_identify(.) by extension 'colcon_meta'
[0.256s] Level 1:colcon.colcon_core.package_identification:_identify(.) by extensions ['ros']
[0.256s] Level 1:colcon.colcon_core.package_identification:_identify(.) by extension 'ros'
[0.266s] Level 1:colcon.colcon_core.package_identification:_identify(.) by extensions ['cmake', 'python']
[0.267s] Level 1:colcon.colcon_core.package_identification:_identify(.) by extension 'cmake'
[0.267s] Level 1:colcon.colcon_core.package_identification:_identify(.) by extension 'python'
[0.267s] Level 1:colcon.colcon_core.package_identification:_identify(.) by extensions ['python_setup_py']
[0.267s] Level 1:colcon.colcon_core.package_identification:_identify(.) by extension 'python_setup_py'
[0.267s] Level 1:colcon.colcon_core.package_identification:_identify(build) by extensions ['ignore', 'ignore_ament_install']
[0.267s] Level 1:colcon.colcon_core.package_identification:_identify(build) by extension 'ignore'
[0.267s] Level 1:colcon.colcon_core.package_identification:_identify(build) ignored
[0.267s] Level 1:colcon.colcon_core.package_identification:_identify(install) by extensions ['ignore', 'ignore_ament_install']
[0.267s] Level 1:colcon.colcon_core.package_identification:_identify(install) by extension 'ignore'
[0.267s] Level 1:colcon.colcon_core.package_identification:_identify(install) ignored
[0.267s] Level 1:colcon.colcon_core.package_identification:_identify(log) by extensions ['ignore', 'ignore_ament_install']
[0.267s] Level 1:colcon.colcon_core.package_identification:_identify(log) by extension 'ignore'
[0.267s] Level 1:colcon.colcon_core.package_identification:_identify(log) ignored
[0.267s] Level 1:colcon.colcon_core.package_identification:_identify(src) by extensions ['ignore', 'ignore_ament_install']
[0.267s] Level 1:colcon.colcon_core.package_identification:_identify(src) by extension 'ignore'
[0.267s] Level 1:colcon.colcon_core.package_identification:_identify(src) by extension 'ignore_ament_install'
[0.267s] Level 1:colcon.colcon_core.package_identification:_identify(src) by extensions ['colcon_pkg']
[0.267s] Level 1:colcon.colcon_core.package_identification:_identify(src) by extension 'colcon_pkg'
[0.267s] Level 1:colcon.colcon_core.package_identification:_identify(src) by extensions ['colcon_meta']
[0.267s] Level 1:colcon.colcon_core.package_identification:_identify(src) by extension 'colcon_meta'
[0.267s] Level 1:colcon.colcon_core.package_identification:_identify(src) by extensions ['ros']
[0.267s] Level 1:colcon.colcon_core.package_identification:_identify(src) by extension 'ros'
[0.268s] Level 1:colcon.colcon_core.package_identification:_identify(src) by extensions ['cmake', 'python']
[0.268s] Level 1:colcon.colcon_core.package_identification:_identify(src) by extension 'cmake'
[0.268s] Level 1:colcon.colcon_core.package_identification:_identify(src) by extension 'python'
[0.268s] Level 1:colcon.colcon_core.package_identification:_identify(src) by extensions ['python_setup_py']
[0.268s] Level 1:colcon.colcon_core.package_identification:_identify(src) by extension 'python_setup_py'
[0.268s] Level 1:colcon.colcon_core.package_identification:_identify(src/m-explore-ros2) by extensions ['ignore', 'ignore_ament_install']
[0.268s] Level 1:colcon.colcon_core.package_identification:_identify(src/m-explore-ros2) by extension 'ignore'
[0.268s] Level 1:colcon.colcon_core.package_identification:_identify(src/m-explore-ros2) by extension 'ignore_ament_install'
[0.268s] Level 1:colcon.colcon_core.package_identification:_identify(src/m-explore-ros2) by extensions ['colcon_pkg']
[0.268s] Level 1:colcon.colcon_core.package_identification:_identify(src/m-explore-ros2) by extension 'colcon_pkg'
[0.268s] Level 1:colcon.colcon_core.package_identification:_identify(src/m-explore-ros2) by extensions ['colcon_meta']
[0.268s] Level 1:colcon.colcon_core.package_identification:_identify(src/m-explore-ros2) by extension 'colcon_meta'
[0.268s] Level 1:colcon.colcon_core.package_identification:_identify(src/m-explore-ros2) by extensions ['ros']
[0.268s] Level 1:colcon.colcon_core.package_identification:_identify(src/m-explore-ros2) by extension 'ros'
[0.268s] Level 1:colcon.colcon_core.package_identification:_identify(src/m-explore-ros2) by extensions ['cmake', 'python']
[0.268s] Level 1:colcon.colcon_core.package_identification:_identify(src/m-explore-ros2) by extension 'cmake'
[0.268s] Level 1:colcon.colcon_core.package_identification:_identify(src/m-explore-ros2) by extension 'python'
[0.268s] Level 1:colcon.colcon_core.package_identification:_identify(src/m-explore-ros2) by extensions ['python_setup_py']
[0.268s] Level 1:colcon.colcon_core.package_identification:_identify(src/m-explore-ros2) by extension 'python_setup_py'
[0.268s] Level 1:colcon.colcon_core.package_identification:_identify(src/m-explore-ros2/explore) by extensions ['ignore', 'ignore_ament_install']
[0.268s] Level 1:colcon.colcon_core.package_identification:_identify(src/m-explore-ros2/explore) by extension 'ignore'
[0.268s] Level 1:colcon.colcon_core.package_identification:_identify(src/m-explore-ros2/explore) by extension 'ignore_ament_install'
[0.268s] Level 1:colcon.colcon_core.package_identification:_identify(src/m-explore-ros2/explore) by extensions ['colcon_pkg']
[0.268s] Level 1:colcon.colcon_core.package_identification:_identify(src/m-explore-ros2/explore) by extension 'colcon_pkg'
[0.268s] Level 1:colcon.colcon_core.package_identification:_identify(src/m-explore-ros2/explore) by extensions ['colcon_meta']
[0.268s] Level 1:colcon.colcon_core.package_identification:_identify(src/m-explore-ros2/explore) by extension 'colcon_meta'
[0.268s] Level 1:colcon.colcon_core.package_identification:_identify(src/m-explore-ros2/explore) by extensions ['ros']
[0.268s] Level 1:colcon.colcon_core.package_identification:_identify(src/m-explore-ros2/explore) by extension 'ros'
[0.271s] DEBUG:colcon.colcon_core.package_identification:Package 'src/m-explore-ros2/explore' with type 'ros.ament_cmake' and name 'explore_lite'
[0.271s] Level 1:colcon.colcon_core.package_identification:_identify(src/m-explore-ros2/map_merge) by extensions ['ignore', 'ignore_ament_install']
[0.271s] Level 1:colcon.colcon_core.package_identification:_identify(src/m-explore-ros2/map_merge) by extension 'ignore'
[0.271s] Level 1:colcon.colcon_core.package_identification:_identify(src/m-explore-ros2/map_merge) by extension 'ignore_ament_install'
[0.271s] Level 1:colcon.colcon_core.package_identification:_identify(src/m-explore-ros2/map_merge) by extensions ['colcon_pkg']
[0.271s] Level 1:colcon.colcon_core.package_identification:_identify(src/m-explore-ros2/map_merge) by extension 'colcon_pkg'
[0.271s] Level 1:colcon.colcon_core.package_identification:_identify(src/m-explore-ros2/map_merge) by extensions ['colcon_meta']
[0.271s] Level 1:colcon.colcon_core.package_identification:_identify(src/m-explore-ros2/map_merge) by extension 'colcon_meta'
[0.271s] Level 1:colcon.colcon_core.package_identification:_identify(src/m-explore-ros2/map_merge) by extensions ['ros']
[0.271s] Level 1:colcon.colcon_core.package_identification:_identify(src/m-explore-ros2/map_merge) by extension 'ros'
[0.272s] DEBUG:colcon.colcon_core.package_identification:Package 'src/m-explore-ros2/map_merge' with type 'ros.ament_cmake' and name 'multirobot_map_merge'
[0.272s] Level 1:colcon.colcon_core.package_identification:_identify(src/slam_gmapping) by extensions ['ignore', 'ignore_ament_install']
[0.272s] Level 1:colcon.colcon_core.package_identification:_identify(src/slam_gmapping) by extension 'ignore'
[0.272s] Level 1:colcon.colcon_core.package_identification:_identify(src/slam_gmapping) by extension 'ignore_ament_install'
[0.272s] Level 1:colcon.colcon_core.package_identification:_identify(src/slam_gmapping) by extensions ['colcon_pkg']
[0.272s] Level 1:colcon.colcon_core.package_identification:_identify(src/slam_gmapping) by extension 'colcon_pkg'
[0.272s] Level 1:colcon.colcon_core.package_identification:_identify(src/slam_gmapping) by extensions ['colcon_meta']
[0.272s] Level 1:colcon.colcon_core.package_identification:_identify(src/slam_gmapping) by extension 'colcon_meta'
[0.272s] Level 1:colcon.colcon_core.package_identification:_identify(src/slam_gmapping) by extensions ['ros']
[0.272s] Level 1:colcon.colcon_core.package_identification:_identify(src/slam_gmapping) by extension 'ros'
[0.272s] Level 1:colcon.colcon_core.package_identification:_identify(src/slam_gmapping) by extensions ['cmake', 'python']
[0.272s] Level 1:colcon.colcon_core.package_identification:_identify(src/slam_gmapping) by extension 'cmake'
[0.273s] Level 1:colcon.colcon_core.package_identification:_identify(src/slam_gmapping) by extension 'python'
[0.273s] Level 1:colcon.colcon_core.package_identification:_identify(src/slam_gmapping) by extensions ['python_setup_py']
[0.273s] Level 1:colcon.colcon_core.package_identification:_identify(src/slam_gmapping) by extension 'python_setup_py'
[0.273s] Level 1:colcon.colcon_core.package_identification:_identify(src/slam_gmapping/openslam_gmapping) by extensions ['ignore', 'ignore_ament_install']
[0.273s] Level 1:colcon.colcon_core.package_identification:_identify(src/slam_gmapping/openslam_gmapping) by extension 'ignore'
[0.273s] Level 1:colcon.colcon_core.package_identification:_identify(src/slam_gmapping/openslam_gmapping) by extension 'ignore_ament_install'
[0.273s] Level 1:colcon.colcon_core.package_identification:_identify(src/slam_gmapping/openslam_gmapping) by extensions ['colcon_pkg']
[0.273s] Level 1:colcon.colcon_core.package_identification:_identify(src/slam_gmapping/openslam_gmapping) by extension 'colcon_pkg'
[0.273s] Level 1:colcon.colcon_core.package_identification:_identify(src/slam_gmapping/openslam_gmapping) by extensions ['colcon_meta']
[0.273s] Level 1:colcon.colcon_core.package_identification:_identify(src/slam_gmapping/openslam_gmapping) by extension 'colcon_meta'
[0.273s] Level 1:colcon.colcon_core.package_identification:_identify(src/slam_gmapping/openslam_gmapping) by extensions ['ros']
[0.273s] Level 1:colcon.colcon_core.package_identification:_identify(src/slam_gmapping/openslam_gmapping) by extension 'ros'
[0.273s] DEBUG:colcon.colcon_core.package_identification:Package 'src/slam_gmapping/openslam_gmapping' with type 'ros.ament_cmake' and name 'openslam_gmapping'
[0.273s] Level 1:colcon.colcon_core.package_identification:_identify(src/slam_gmapping/slam_gmapping) by extensions ['ignore', 'ignore_ament_install']
[0.274s] Level 1:colcon.colcon_core.package_identification:_identify(src/slam_gmapping/slam_gmapping) by extension 'ignore'
[0.274s] Level 1:colcon.colcon_core.package_identification:_identify(src/slam_gmapping/slam_gmapping) by extension 'ignore_ament_install'
[0.274s] Level 1:colcon.colcon_core.package_identification:_identify(src/slam_gmapping/slam_gmapping) by extensions ['colcon_pkg']
[0.274s] Level 1:colcon.colcon_core.package_identification:_identify(src/slam_gmapping/slam_gmapping) by extension 'colcon_pkg'
[0.274s] Level 1:colcon.colcon_core.package_identification:_identify(src/slam_gmapping/slam_gmapping) by extensions ['colcon_meta']
[0.274s] Level 1:colcon.colcon_core.package_identification:_identify(src/slam_gmapping/slam_gmapping) by extension 'colcon_meta'
[0.274s] Level 1:colcon.colcon_core.package_identification:_identify(src/slam_gmapping/slam_gmapping) by extensions ['ros']
[0.274s] Level 1:colcon.colcon_core.package_identification:_identify(src/slam_gmapping/slam_gmapping) by extension 'ros'
[0.275s] DEBUG:colcon.colcon_core.package_identification:Package 'src/slam_gmapping/slam_gmapping' with type 'ros.ament_cmake' and name 'slam_gmapping'
[0.275s] Level 1:colcon.colcon_core.package_discovery:discover_packages(recursive) using defaults
[0.275s] Level 1:colcon.colcon_core.package_discovery:discover_packages(ignore) discover
[0.275s] Level 1:colcon.colcon_core.package_discovery:discover_packages(ignore) using defaults
[0.275s] Level 1:colcon.colcon_core.package_discovery:discover_packages(path) discover
[0.275s] Level 1:colcon.colcon_core.package_discovery:discover_packages(path) using defaults
[0.289s] Level 1:colcon.colcon_core.package_discovery:discover_packages(prefix_path) check parameters
[0.289s] Level 1:colcon.colcon_core.package_discovery:discover_packages(prefix_path) discover
[0.291s] DEBUG:colcon.colcon_installed_package_information.package_discovery:Found 4 installed packages in /home/dpkings/Multi-map/install
[0.292s] DEBUG:colcon.colcon_installed_package_information.package_discovery:Found 13 installed packages in /home/dpkings/eyrc-24-25-logistic-cobot/install
[0.293s] DEBUG:colcon.colcon_installed_package_information.package_discovery:Found 463 installed packages in /opt/ros/humble
[0.295s] Level 1:colcon.colcon_core.package_discovery:discover_packages(prefix_path) using defaults
[0.333s] Level 5:colcon.colcon_core.verb:set package 'explore_lite' build argument 'cmake_args' from command line to 'None'
[0.333s] Level 5:colcon.colcon_core.verb:set package 'explore_lite' build argument 'cmake_target' from command line to 'None'
[0.333s] Level 5:colcon.colcon_core.verb:set package 'explore_lite' build argument 'cmake_target_skip_unavailable' from command line to 'False'
[0.333s] Level 5:colcon.colcon_core.verb:set package 'explore_lite' build argument 'cmake_clean_cache' from command line to 'False'
[0.333s] Level 5:colcon.colcon_core.verb:set package 'explore_lite' build argument 'cmake_clean_first' from command line to 'False'
[0.333s] Level 5:colcon.colcon_core.verb:set package 'explore_lite' build argument 'cmake_force_configure' from command line to 'False'
[0.333s] Level 5:colcon.colcon_core.verb:set package 'explore_lite' build argument 'ament_cmake_args' from command line to 'None'
[0.333s] Level 5:colcon.colcon_core.verb:set package 'explore_lite' build argument 'catkin_cmake_args' from command line to 'None'
[0.333s] Level 5:colcon.colcon_core.verb:set package 'explore_lite' build argument 'catkin_skip_building_tests' from command line to 'False'
[0.333s] DEBUG:colcon.colcon_core.verb:Building package 'explore_lite' with the following arguments: {'ament_cmake_args': None, 'build_base': '/home/dpkings/Multi-map/build/explore_lite', 'catkin_cmake_args': None, 'catkin_skip_building_tests': False, 'cmake_args': None, 'cmake_clean_cache': False, 'cmake_clean_first': False, 'cmake_force_configure': False, 'cmake_target': None, 'cmake_target_skip_unavailable': False, 'install_base': '/home/dpkings/Multi-map/install/explore_lite', 'merge_install': False, 'path': '/home/dpkings/Multi-map/src/m-explore-ros2/explore', 'symlink_install': False, 'test_result_base': None}
[0.333s] Level 5:colcon.colcon_core.verb:set package 'multirobot_map_merge' build argument 'cmake_args' from command line to 'None'
[0.333s] Level 5:colcon.colcon_core.verb:set package 'multirobot_map_merge' build argument 'cmake_target' from command line to 'None'
[0.333s] Level 5:colcon.colcon_core.verb:set package 'multirobot_map_merge' build argument 'cmake_target_skip_unavailable' from command line to 'False'
[0.333s] Level 5:colcon.colcon_core.verb:set package 'multirobot_map_merge' build argument 'cmake_clean_cache' from command line to 'False'
[0.333s] Level 5:colcon.colcon_core.verb:set package 'multirobot_map_merge' build argument 'cmake_clean_first' from command line to 'False'
[0.333s] Level 5:colcon.colcon_core.verb:set package 'multirobot_map_merge' build argument 'cmake_force_configure' from command line to 'False'
[0.333s] Level 5:colcon.colcon_core.verb:set package 'multirobot_map_merge' build argument 'ament_cmake_args' from command line to 'None'
[0.333s] Level 5:colcon.colcon_core.verb:set package 'multirobot_map_merge' build argument 'catkin_cmake_args' from command line to 'None'
[0.333s] Level 5:colcon.colcon_core.verb:set package 'multirobot_map_merge' build argument 'catkin_skip_building_tests' from command line to 'False'
[0.333s] DEBUG:colcon.colcon_core.verb:Building package 'multirobot_map_merge' with the following arguments: {'ament_cmake_args': None, 'build_base': '/home/dpkings/Multi-map/build/multirobot_map_merge', 'catkin_cmake_args': None, 'catkin_skip_building_tests': False, 'cmake_args': None, 'cmake_clean_cache': False, 'cmake_clean_first': False, 'cmake_force_configure': False, 'cmake_target': None, 'cmake_target_skip_unavailable': False, 'install_base': '/home/dpkings/Multi-map/install/multirobot_map_merge', 'merge_install': False, 'path': '/home/dpkings/Multi-map/src/m-explore-ros2/map_merge', 'symlink_install': False, 'test_result_base': None}
[0.334s] Level 5:colcon.colcon_core.verb:set package 'openslam_gmapping' build argument 'cmake_args' from command line to 'None'
[0.334s] Level 5:colcon.colcon_core.verb:set package 'openslam_gmapping' build argument 'cmake_target' from command line to 'None'
[0.334s] Level 5:colcon.colcon_core.verb:set package 'openslam_gmapping' build argument 'cmake_target_skip_unavailable' from command line to 'False'
[0.334s] Level 5:colcon.colcon_core.verb:set package 'openslam_gmapping' build argument 'cmake_clean_cache' from command line to 'False'
[0.334s] Level 5:colcon.colcon_core.verb:set package 'openslam_gmapping' build argument 'cmake_clean_first' from command line to 'False'
[0.334s] Level 5:colcon.colcon_core.verb:set package 'openslam_gmapping' build argument 'cmake_force_configure' from command line to 'False'
[0.334s] Level 5:colcon.colcon_core.verb:set package 'openslam_gmapping' build argument 'ament_cmake_args' from command line to 'None'
[0.334s] Level 5:colcon.colcon_core.verb:set package 'openslam_gmapping' build argument 'catkin_cmake_args' from command line to 'None'
[0.334s] Level 5:colcon.colcon_core.verb:set package 'openslam_gmapping' build argument 'catkin_skip_building_tests' from command line to 'False'
[0.334s] DEBUG:colcon.colcon_core.verb:Building package 'openslam_gmapping' with the following arguments: {'ament_cmake_args': None, 'build_base': '/home/dpkings/Multi-map/build/openslam_gmapping', 'catkin_cmake_args': None, 'catkin_skip_building_tests': False, 'cmake_args': None, 'cmake_clean_cache': False, 'cmake_clean_first': False, 'cmake_force_configure': False, 'cmake_target': None, 'cmake_target_skip_unavailable': False, 'install_base': '/home/dpkings/Multi-map/install/openslam_gmapping', 'merge_install': False, 'path': '/home/dpkings/Multi-map/src/slam_gmapping/openslam_gmapping', 'symlink_install': False, 'test_result_base': None}
[0.334s] Level 5:colcon.colcon_core.verb:set package 'slam_gmapping' build argument 'cmake_args' from command line to 'None'
[0.334s] Level 5:colcon.colcon_core.verb:set package 'slam_gmapping' build argument 'cmake_target' from command line to 'None'
[0.334s] Level 5:colcon.colcon_core.verb:set package 'slam_gmapping' build argument 'cmake_target_skip_unavailable' from command line to 'False'
[0.334s] Level 5:colcon.colcon_core.verb:set package 'slam_gmapping' build argument 'cmake_clean_cache' from command line to 'False'
[0.334s] Level 5:colcon.colcon_core.verb:set package 'slam_gmapping' build argument 'cmake_clean_first' from command line to 'False'
[0.334s] Level 5:colcon.colcon_core.verb:set package 'slam_gmapping' build argument 'cmake_force_configure' from command line to 'False'
[0.334s] Level 5:colcon.colcon_core.verb:set package 'slam_gmapping' build argument 'ament_cmake_args' from command line to 'None'
[0.334s] Level 5:colcon.colcon_core.verb:set package 'slam_gmapping' build argument 'catkin_cmake_args' from command line to 'None'
[0.334s] Level 5:colcon.colcon_core.verb:set package 'slam_gmapping' build argument 'catkin_skip_building_tests' from command line to 'False'
[0.334s] DEBUG:colcon.colcon_core.verb:Building package 'slam_gmapping' with the following arguments: {'ament_cmake_args': None, 'build_base': '/home/dpkings/Multi-map/build/slam_gmapping', 'catkin_cmake_args': None, 'catkin_skip_building_tests': False, 'cmake_args': None, 'cmake_clean_cache': False, 'cmake_clean_first': False, 'cmake_force_configure': False, 'cmake_target': None, 'cmake_target_skip_unavailable': False, 'install_base': '/home/dpkings/Multi-map/install/slam_gmapping', 'merge_install': False, 'path': '/home/dpkings/Multi-map/src/slam_gmapping/slam_gmapping', 'symlink_install': False, 'test_result_base': None}
[0.334s] INFO:colcon.colcon_core.executor:Executing jobs using 'parallel' executor
[0.335s] DEBUG:colcon.colcon_parallel_executor.executor.parallel:run_until_complete
[0.336s] INFO:colcon.colcon_ros.task.ament_cmake.build:Building ROS package in '/home/dpkings/Multi-map/src/slam_gmapping/openslam_gmapping' with build type 'ament_cmake'
[0.336s] INFO:colcon.colcon_cmake.task.cmake.build:Building CMake package in '/home/dpkings/Multi-map/src/slam_gmapping/openslam_gmapping'
[0.337s] INFO:colcon.colcon_core.plugin_system:Skipping extension 'colcon_core.shell.bat': Not used on non-Windows systems
[0.337s] INFO:colcon.colcon_core.shell:Skip shell extension 'powershell' for command environment: Not usable outside of PowerShell
[0.338s] DEBUG:colcon.colcon_core.shell:Skip shell extension 'dsv' for command environment
[0.341s] INFO:colcon.colcon_ros.task.ament_cmake.build:Building ROS package in '/home/dpkings/Multi-map/src/m-explore-ros2/explore' with build type 'ament_cmake'
[0.342s] INFO:colcon.colcon_cmake.task.cmake.build:Building CMake package in '/home/dpkings/Multi-map/src/m-explore-ros2/explore'
[0.342s] INFO:colcon.colcon_core.shell:Skip shell extension 'powershell' for command environment: Not usable outside of PowerShell
[0.342s] DEBUG:colcon.colcon_core.shell:Skip shell extension 'dsv' for command environment
[0.345s] INFO:colcon.colcon_ros.task.ament_cmake.build:Building ROS package in '/home/dpkings/Multi-map/src/m-explore-ros2/map_merge' with build type 'ament_cmake'
[0.346s] INFO:colcon.colcon_cmake.task.cmake.build:Building CMake package in '/home/dpkings/Multi-map/src/m-explore-ros2/map_merge'
[0.346s] INFO:colcon.colcon_core.shell:Skip shell extension 'powershell' for command environment: Not usable outside of PowerShell
[0.346s] DEBUG:colcon.colcon_core.shell:Skip shell extension 'dsv' for command environment
[0.354s] DEBUG:colcon.colcon_core.event_handler.log_command:Invoking command in '/home/dpkings/Multi-map/build/openslam_gmapping': CMAKE_PREFIX_PATH=${CMAKE_PREFIX_PATH}:/home/dpkings/eyrc-24-25-logistic-cobot/install/ur5_control:/opt/ros/humble /usr/bin/cmake --build /home/dpkings/Multi-map/build/openslam_gmapping -- -j8 -l8
[0.356s] DEBUG:colcon.colcon_core.event_handler.log_command:Invoking command in '/home/dpkings/Multi-map/build/explore_lite': CMAKE_PREFIX_PATH=${CMAKE_PREFIX_PATH}:/home/dpkings/eyrc-24-25-logistic-cobot/install/ur5_control:/opt/ros/humble /usr/bin/cmake --build /home/dpkings/Multi-map/build/explore_lite -- -j8 -l8
[0.360s] DEBUG:colcon.colcon_core.event_handler.log_command:Invoking command in '/home/dpkings/Multi-map/build/multirobot_map_merge': CMAKE_PREFIX_PATH=${CMAKE_PREFIX_PATH}:/home/dpkings/eyrc-24-25-logistic-cobot/install/ur5_control:/opt/ros/humble /usr/bin/cmake --build /home/dpkings/Multi-map/build/multirobot_map_merge -- -j8 -l8
[0.456s] DEBUG:colcon.colcon_core.event_handler.log_command:Invoked command in '/home/dpkings/Multi-map/build/explore_lite' returned '0': CMAKE_PREFIX_PATH=${CMAKE_PREFIX_PATH}:/home/dpkings/eyrc-24-25-logistic-cobot/install/ur5_control:/opt/ros/humble /usr/bin/cmake --build /home/dpkings/Multi-map/build/explore_lite -- -j8 -l8
[0.475s] DEBUG:colcon.colcon_core.event_handler.log_command:Invoked command in '/home/dpkings/Multi-map/build/multirobot_map_merge' returned '0': CMAKE_PREFIX_PATH=${CMAKE_PREFIX_PATH}:/home/dpkings/eyrc-24-25-logistic-cobot/install/ur5_control:/opt/ros/humble /usr/bin/cmake --build /home/dpkings/Multi-map/build/multirobot_map_merge -- -j8 -l8
[0.490s] DEBUG:colcon.colcon_core.event_handler.log_command:Invoked command in '/home/dpkings/Multi-map/build/openslam_gmapping' returned '0': CMAKE_PREFIX_PATH=${CMAKE_PREFIX_PATH}:/home/dpkings/eyrc-24-25-logistic-cobot/install/ur5_control:/opt/ros/humble /usr/bin/cmake --build /home/dpkings/Multi-map/build/openslam_gmapping -- -j8 -l8
[0.503s] DEBUG:colcon.colcon_core.event_handler.log_command:Invoking command in '/home/dpkings/Multi-map/build/explore_lite': CMAKE_PREFIX_PATH=${CMAKE_PREFIX_PATH}:/home/dpkings/eyrc-24-25-logistic-cobot/install/ur5_control:/opt/ros/humble /usr/bin/cmake --install /home/dpkings/Multi-map/build/explore_lite
[0.515s] DEBUG:colcon.colcon_core.event_handler.log_command:Invoking command in '/home/dpkings/Multi-map/build/multirobot_map_merge': CMAKE_PREFIX_PATH=${CMAKE_PREFIX_PATH}:/home/dpkings/eyrc-24-25-logistic-cobot/install/ur5_control:/opt/ros/humble /usr/bin/cmake --install /home/dpkings/Multi-map/build/multirobot_map_merge
[0.515s] Level 1:colcon.colcon_core.environment:create_environment_scripts_only(explore_lite)
[0.515s] DEBUG:colcon.colcon_core.event_handler.log_command:Invoked command in '/home/dpkings/Multi-map/build/explore_lite' returned '0': CMAKE_PREFIX_PATH=${CMAKE_PREFIX_PATH}:/home/dpkings/eyrc-24-25-logistic-cobot/install/ur5_control:/opt/ros/humble /usr/bin/cmake --install /home/dpkings/Multi-map/build/explore_lite
[0.517s] Level 1:colcon.colcon_core.environment:checking '/home/dpkings/Multi-map/install/explore_lite' for CMake module files
[0.518s] Level 1:colcon.colcon_core.environment:checking '/home/dpkings/Multi-map/install/explore_lite' for CMake config files
[0.518s] Level 1:colcon.colcon_core.shell:create_environment_hook('explore_lite', 'cmake_prefix_path')
[0.518s] INFO:colcon.colcon_core.shell:Creating environment hook '/home/dpkings/Multi-map/install/explore_lite/share/explore_lite/hook/cmake_prefix_path.ps1'
[0.519s] INFO:colcon.colcon_core.shell:Creating environment descriptor '/home/dpkings/Multi-map/install/explore_lite/share/explore_lite/hook/cmake_prefix_path.dsv'
[0.519s] INFO:colcon.colcon_core.shell:Creating environment hook '/home/dpkings/Multi-map/install/explore_lite/share/explore_lite/hook/cmake_prefix_path.sh'
[0.520s] Level 1:colcon.colcon_core.environment:checking '/home/dpkings/Multi-map/install/explore_lite/lib'
[0.520s] Level 1:colcon.colcon_core.environment:checking '/home/dpkings/Multi-map/install/explore_lite/bin'
[0.520s] Level 1:colcon.colcon_core.environment:checking '/home/dpkings/Multi-map/install/explore_lite/lib/pkgconfig/explore_lite.pc'
[0.520s] Level 1:colcon.colcon_core.environment:checking '/home/dpkings/Multi-map/install/explore_lite/lib/python3.10/site-packages'
[0.520s] Level 1:colcon.colcon_core.environment:checking '/home/dpkings/Multi-map/install/explore_lite/bin'
[0.520s] INFO:colcon.colcon_core.shell:Creating package script '/home/dpkings/Multi-map/install/explore_lite/share/explore_lite/package.ps1'
[0.521s] INFO:colcon.colcon_core.shell:Creating package descriptor '/home/dpkings/Multi-map/install/explore_lite/share/explore_lite/package.dsv'
[0.522s] INFO:colcon.colcon_core.shell:Creating package script '/home/dpkings/Multi-map/install/explore_lite/share/explore_lite/package.sh'
[0.525s] INFO:colcon.colcon_core.shell:Creating package script '/home/dpkings/Multi-map/install/explore_lite/share/explore_lite/package.bash'
[0.526s] INFO:colcon.colcon_core.shell:Creating package script '/home/dpkings/Multi-map/install/explore_lite/share/explore_lite/package.zsh'
[0.527s] Level 1:colcon.colcon_core.environment:create_file_with_runtime_dependencies(/home/dpkings/Multi-map/install/explore_lite/share/colcon-core/packages/explore_lite)
[0.529s] DEBUG:colcon.colcon_core.event_handler.log_command:Invoking command in '/home/dpkings/Multi-map/build/openslam_gmapping': CMAKE_PREFIX_PATH=${CMAKE_PREFIX_PATH}:/home/dpkings/eyrc-24-25-logistic-cobot/install/ur5_control:/opt/ros/humble /usr/bin/cmake --install /home/dpkings/Multi-map/build/openslam_gmapping
[0.530s] Level 1:colcon.colcon_core.environment:create_environment_scripts_only(multirobot_map_merge)
[0.531s] Level 1:colcon.colcon_core.environment:checking '/home/dpkings/Multi-map/install/multirobot_map_merge' for CMake module files
[0.531s] DEBUG:colcon.colcon_core.event_handler.log_command:Invoked command in '/home/dpkings/Multi-map/build/multirobot_map_merge' returned '0': CMAKE_PREFIX_PATH=${CMAKE_PREFIX_PATH}:/home/dpkings/eyrc-24-25-logistic-cobot/install/ur5_control:/opt/ros/humble /usr/bin/cmake --install /home/dpkings/Multi-map/build/multirobot_map_merge
[0.531s] Level 1:colcon.colcon_core.environment:checking '/home/dpkings/Multi-map/install/multirobot_map_merge' for CMake config files
[0.532s] Level 1:colcon.colcon_core.shell:create_environment_hook('multirobot_map_merge', 'cmake_prefix_path')
[0.532s] INFO:colcon.colcon_core.shell:Creating environment hook '/home/dpkings/Multi-map/install/multirobot_map_merge/share/multirobot_map_merge/hook/cmake_prefix_path.ps1'
[0.532s] INFO:colcon.colcon_core.shell:Creating environment descriptor '/home/dpkings/Multi-map/install/multirobot_map_merge/share/multirobot_map_merge/hook/cmake_prefix_path.dsv'
[0.533s] INFO:colcon.colcon_core.shell:Creating environment hook '/home/dpkings/Multi-map/install/multirobot_map_merge/share/multirobot_map_merge/hook/cmake_prefix_path.sh'
[0.534s] Level 1:colcon.colcon_core.environment:checking '/home/dpkings/Multi-map/install/multirobot_map_merge/lib'
[0.534s] Level 1:colcon.colcon_core.environment:checking '/home/dpkings/Multi-map/install/multirobot_map_merge/bin'
[0.534s] Level 1:colcon.colcon_core.environment:checking '/home/dpkings/Multi-map/install/multirobot_map_merge/lib/pkgconfig/multirobot_map_merge.pc'
[0.534s] Level 1:colcon.colcon_core.environment:checking '/home/dpkings/Multi-map/install/multirobot_map_merge/lib/python3.10/site-packages'
[0.534s] Level 1:colcon.colcon_core.environment:checking '/home/dpkings/Multi-map/install/multirobot_map_merge/bin'
[0.535s] INFO:colcon.colcon_core.shell:Creating package script '/home/dpkings/Multi-map/install/multirobot_map_merge/share/multirobot_map_merge/package.ps1'
[0.535s] INFO:colcon.colcon_core.shell:Creating package descriptor '/home/dpkings/Multi-map/install/multirobot_map_merge/share/multirobot_map_merge/package.dsv'
[0.536s] INFO:colcon.colcon_core.shell:Creating package script '/home/dpkings/Multi-map/install/multirobot_map_merge/share/multirobot_map_merge/package.sh'
[0.536s] INFO:colcon.colcon_core.shell:Creating package script '/home/dpkings/Multi-map/install/multirobot_map_merge/share/multirobot_map_merge/package.bash'
[0.537s] INFO:colcon.colcon_core.shell:Creating package script '/home/dpkings/Multi-map/install/multirobot_map_merge/share/multirobot_map_merge/package.zsh'
[0.538s] Level 1:colcon.colcon_core.environment:create_file_with_runtime_dependencies(/home/dpkings/Multi-map/install/multirobot_map_merge/share/colcon-core/packages/multirobot_map_merge)
[0.556s] Level 1:colcon.colcon_core.environment:create_environment_scripts_only(openslam_gmapping)
[0.556s] Level 1:colcon.colcon_core.environment:checking '/home/dpkings/Multi-map/install/openslam_gmapping' for CMake module files
[0.557s] DEBUG:colcon.colcon_core.event_handler.log_command:Invoked command in '/home/dpkings/Multi-map/build/openslam_gmapping' returned '0': CMAKE_PREFIX_PATH=${CMAKE_PREFIX_PATH}:/home/dpkings/eyrc-24-25-logistic-cobot/install/ur5_control:/opt/ros/humble /usr/bin/cmake --install /home/dpkings/Multi-map/build/openslam_gmapping
[0.557s] Level 1:colcon.colcon_core.environment:checking '/home/dpkings/Multi-map/install/openslam_gmapping' for CMake config files
[0.557s] Level 1:colcon.colcon_core.shell:create_environment_hook('openslam_gmapping', 'cmake_prefix_path')
[0.558s] INFO:colcon.colcon_core.shell:Creating environment hook '/home/dpkings/Multi-map/install/openslam_gmapping/share/openslam_gmapping/hook/cmake_prefix_path.ps1'
[0.558s] INFO:colcon.colcon_core.shell:Creating environment descriptor '/home/dpkings/Multi-map/install/openslam_gmapping/share/openslam_gmapping/hook/cmake_prefix_path.dsv'
[0.558s] INFO:colcon.colcon_core.shell:Creating environment hook '/home/dpkings/Multi-map/install/openslam_gmapping/share/openslam_gmapping/hook/cmake_prefix_path.sh'
[0.559s] Level 1:colcon.colcon_core.environment:checking '/home/dpkings/Multi-map/install/openslam_gmapping/lib'
[0.559s] Level 1:colcon.colcon_core.environment:checking '/home/dpkings/Multi-map/install/openslam_gmapping/bin'
[0.559s] Level 1:colcon.colcon_core.environment:checking '/home/dpkings/Multi-map/install/openslam_gmapping/lib/pkgconfig/openslam_gmapping.pc'
[0.559s] Level 1:colcon.colcon_core.environment:checking '/home/dpkings/Multi-map/install/openslam_gmapping/lib/python3.10/site-packages'
[0.559s] Level 1:colcon.colcon_core.environment:checking '/home/dpkings/Multi-map/install/openslam_gmapping/bin'
[0.560s] INFO:colcon.colcon_core.shell:Creating package script '/home/dpkings/Multi-map/install/openslam_gmapping/share/openslam_gmapping/package.ps1'
[0.560s] INFO:colcon.colcon_core.shell:Creating package descriptor '/home/dpkings/Multi-map/install/openslam_gmapping/share/openslam_gmapping/package.dsv'
[0.560s] INFO:colcon.colcon_core.shell:Creating package script '/home/dpkings/Multi-map/install/openslam_gmapping/share/openslam_gmapping/package.sh'
[0.561s] INFO:colcon.colcon_core.shell:Creating package script '/home/dpkings/Multi-map/install/openslam_gmapping/share/openslam_gmapping/package.bash'
[0.561s] INFO:colcon.colcon_core.shell:Creating package script '/home/dpkings/Multi-map/install/openslam_gmapping/share/openslam_gmapping/package.zsh'
[0.561s] Level 1:colcon.colcon_core.environment:create_file_with_runtime_dependencies(/home/dpkings/Multi-map/install/openslam_gmapping/share/colcon-core/packages/openslam_gmapping)
[0.563s] Level 1:colcon.colcon_core.environment:create_environment_scripts_only(explore_lite)
[0.563s] Level 1:colcon.colcon_core.environment:checking '/home/dpkings/Multi-map/install/explore_lite' for CMake module files
[0.564s] Level 1:colcon.colcon_core.environment:checking '/home/dpkings/Multi-map/install/explore_lite' for CMake config files
[0.564s] Level 1:colcon.colcon_core.shell:create_environment_hook('explore_lite', 'cmake_prefix_path')
[0.564s] INFO:colcon.colcon_core.shell:Creating environment hook '/home/dpkings/Multi-map/install/explore_lite/share/explore_lite/hook/cmake_prefix_path.ps1'
[0.565s] INFO:colcon.colcon_core.shell:Creating environment descriptor '/home/dpkings/Multi-map/install/explore_lite/share/explore_lite/hook/cmake_prefix_path.dsv'
[0.565s] INFO:colcon.colcon_core.shell:Creating environment hook '/home/dpkings/Multi-map/install/explore_lite/share/explore_lite/hook/cmake_prefix_path.sh'
[0.565s] Level 1:colcon.colcon_core.environment:checking '/home/dpkings/Multi-map/install/explore_lite/lib'
[0.565s] Level 1:colcon.colcon_core.environment:checking '/home/dpkings/Multi-map/install/explore_lite/bin'
[0.565s] Level 1:colcon.colcon_core.environment:checking '/home/dpkings/Multi-map/install/explore_lite/lib/pkgconfig/explore_lite.pc'
[0.566s] Level 1:colcon.colcon_core.environment:checking '/home/dpkings/Multi-map/install/explore_lite/lib/python3.10/site-packages'
[0.566s] Level 1:colcon.colcon_core.environment:checking '/home/dpkings/Multi-map/install/explore_lite/bin'
[0.566s] INFO:colcon.colcon_core.shell:Creating package script '/home/dpkings/Multi-map/install/explore_lite/share/explore_lite/package.ps1'
[0.566s] INFO:colcon.colcon_core.shell:Creating package descriptor '/home/dpkings/Multi-map/install/explore_lite/share/explore_lite/package.dsv'
[0.567s] INFO:colcon.colcon_core.shell:Creating package script '/home/dpkings/Multi-map/install/explore_lite/share/explore_lite/package.sh'
[0.567s] INFO:colcon.colcon_core.shell:Creating package script '/home/dpkings/Multi-map/install/explore_lite/share/explore_lite/package.bash'
[0.567s] INFO:colcon.colcon_core.shell:Creating package script '/home/dpkings/Multi-map/install/explore_lite/share/explore_lite/package.zsh'
[0.568s] Level 1:colcon.colcon_core.environment:create_file_with_runtime_dependencies(/home/dpkings/Multi-map/install/explore_lite/share/colcon-core/packages/explore_lite)
[0.579s] Level 1:colcon.colcon_core.environment:create_environment_scripts_only(multirobot_map_merge)
[0.579s] Level 1:colcon.colcon_core.environment:checking '/home/dpkings/Multi-map/install/multirobot_map_merge' for CMake module files
[0.579s] Level 1:colcon.colcon_core.environment:checking '/home/dpkings/Multi-map/install/multirobot_map_merge' for CMake config files
[0.579s] Level 1:colcon.colcon_core.shell:create_environment_hook('multirobot_map_merge', 'cmake_prefix_path')
[0.580s] INFO:colcon.colcon_core.shell:Creating environment hook '/home/dpkings/Multi-map/install/multirobot_map_merge/share/multirobot_map_merge/hook/cmake_prefix_path.ps1'
[0.580s] INFO:colcon.colcon_core.shell:Creating environment descriptor '/home/dpkings/Multi-map/install/multirobot_map_merge/share/multirobot_map_merge/hook/cmake_prefix_path.dsv'
[0.581s] INFO:colcon.colcon_core.shell:Creating environment hook '/home/dpkings/Multi-map/install/multirobot_map_merge/share/multirobot_map_merge/hook/cmake_prefix_path.sh'
[0.581s] Level 1:colcon.colcon_core.environment:checking '/home/dpkings/Multi-map/install/multirobot_map_merge/lib'
[0.581s] Level 1:colcon.colcon_core.environment:checking '/home/dpkings/Multi-map/install/multirobot_map_merge/bin'
[0.581s] Level 1:colcon.colcon_core.environment:checking '/home/dpkings/Multi-map/install/multirobot_map_merge/lib/pkgconfig/multirobot_map_merge.pc'
[0.581s] Level 1:colcon.colcon_core.environment:checking '/home/dpkings/Multi-map/install/multirobot_map_merge/lib/python3.10/site-packages'
[0.582s] Level 1:colcon.colcon_core.environment:checking '/home/dpkings/Multi-map/install/multirobot_map_merge/bin'
[0.582s] INFO:colcon.colcon_core.shell:Creating package script '/home/dpkings/Multi-map/install/multirobot_map_merge/share/multirobot_map_merge/package.ps1'
[0.583s] INFO:colcon.colcon_core.shell:Creating package descriptor '/home/dpkings/Multi-map/install/multirobot_map_merge/share/multirobot_map_merge/package.dsv'
[0.583s] INFO:colcon.colcon_core.shell:Creating package script '/home/dpkings/Multi-map/install/multirobot_map_merge/share/multirobot_map_merge/package.sh'
[0.584s] INFO:colcon.colcon_core.shell:Creating package script '/home/dpkings/Multi-map/install/multirobot_map_merge/share/multirobot_map_merge/package.bash'
[0.584s] INFO:colcon.colcon_core.shell:Creating package script '/home/dpkings/Multi-map/install/multirobot_map_merge/share/multirobot_map_merge/package.zsh'
[0.584s] Level 1:colcon.colcon_core.environment:create_file_with_runtime_dependencies(/home/dpkings/Multi-map/install/multirobot_map_merge/share/colcon-core/packages/multirobot_map_merge)
[0.591s] Level 1:colcon.colcon_core.environment:create_environment_scripts_only(openslam_gmapping)
[0.591s] Level 1:colcon.colcon_core.environment:checking '/home/dpkings/Multi-map/install/openslam_gmapping' for CMake module files
[0.591s] Level 1:colcon.colcon_core.environment:checking '/home/dpkings/Multi-map/install/openslam_gmapping' for CMake config files
[0.591s] Level 1:colcon.colcon_core.shell:create_environment_hook('openslam_gmapping', 'cmake_prefix_path')
[0.592s] INFO:colcon.colcon_core.shell:Creating environment hook '/home/dpkings/Multi-map/install/openslam_gmapping/share/openslam_gmapping/hook/cmake_prefix_path.ps1'
[0.592s] INFO:colcon.colcon_core.shell:Creating environment descriptor '/home/dpkings/Multi-map/install/openslam_gmapping/share/openslam_gmapping/hook/cmake_prefix_path.dsv'
[0.592s] INFO:colcon.colcon_core.shell:Creating environment hook '/home/dpkings/Multi-map/install/openslam_gmapping/share/openslam_gmapping/hook/cmake_prefix_path.sh'
[0.593s] Level 1:colcon.colcon_core.environment:checking '/home/dpkings/Multi-map/install/openslam_gmapping/lib'
[0.593s] Level 1:colcon.colcon_core.environment:checking '/home/dpkings/Multi-map/install/openslam_gmapping/bin'
[0.593s] Level 1:colcon.colcon_core.environment:checking '/home/dpkings/Multi-map/install/openslam_gmapping/lib/pkgconfig/openslam_gmapping.pc'
[0.593s] Level 1:colcon.colcon_core.environment:checking '/home/dpkings/Multi-map/install/openslam_gmapping/lib/python3.10/site-packages'
[0.593s] Level 1:colcon.colcon_core.environment:checking '/home/dpkings/Multi-map/install/openslam_gmapping/bin'
[0.593s] INFO:colcon.colcon_core.shell:Creating package script '/home/dpkings/Multi-map/install/openslam_gmapping/share/openslam_gmapping/package.ps1'
[0.594s] INFO:colcon.colcon_core.shell:Creating package descriptor '/home/dpkings/Multi-map/install/openslam_gmapping/share/openslam_gmapping/package.dsv'
[0.594s] INFO:colcon.colcon_core.shell:Creating package script '/home/dpkings/Multi-map/install/openslam_gmapping/share/openslam_gmapping/package.sh'
[0.594s] INFO:colcon.colcon_core.shell:Creating package script '/home/dpkings/Multi-map/install/openslam_gmapping/share/openslam_gmapping/package.bash'
[0.595s] INFO:colcon.colcon_core.shell:Creating package script '/home/dpkings/Multi-map/install/openslam_gmapping/share/openslam_gmapping/package.zsh'
[0.595s] Level 1:colcon.colcon_core.environment:create_file_with_runtime_dependencies(/home/dpkings/Multi-map/install/openslam_gmapping/share/colcon-core/packages/openslam_gmapping)
[0.595s] INFO:colcon.colcon_ros.task.ament_cmake.build:Building ROS package in '/home/dpkings/Multi-map/src/slam_gmapping/slam_gmapping' with build type 'ament_cmake'
[0.595s] INFO:colcon.colcon_cmake.task.cmake.build:Building CMake package in '/home/dpkings/Multi-map/src/slam_gmapping/slam_gmapping'
[0.596s] INFO:colcon.colcon_core.shell:Skip shell extension 'powershell' for command environment: Not usable outside of PowerShell
[0.596s] DEBUG:colcon.colcon_core.shell:Skip shell extension 'dsv' for command environment
[0.605s] DEBUG:colcon.colcon_core.event_handler.log_command:Invoking command in '/home/dpkings/Multi-map/build/slam_gmapping': CMAKE_PREFIX_PATH=/home/dpkings/Multi-map/install/openslam_gmapping:/home/dpkings/Multi-map/install/slam_gmapping:/home/dpkings/Multi-map/install/multirobot_map_merge:/home/dpkings/Multi-map/install/explore_lite:/home/dpkings/eyrc-24-25-logistic-cobot/install/ur_simulation_gazebo:/home/dpkings/eyrc-24-25-logistic-cobot/install/ur_moveit_config:/home/dpkings/eyrc-24-25-logistic-cobot/install/ur_description:/home/dpkings/eyrc-24-25-logistic-cobot/install/servo_msgs:/home/dpkings/eyrc-24-25-logistic-cobot/install/realsense_gazebo_plugin:/home/dpkings/eyrc-24-25-logistic-cobot/install/pymoveit2:/home/dpkings/eyrc-24-25-logistic-cobot/install/ebot_description:/home/dpkings/eyrc-24-25-logistic-cobot/install/payload_service:/home/dpkings/eyrc-24-25-logistic-cobot/install/linkattacher_msgs:/home/dpkings/eyrc-24-25-logistic-cobot/install/eyantra_warehouse:/home/dpkings/eyrc-24-25-logistic-cobot/install/ebot_nav2:/home/dpkings/eyrc-24-25-logistic-cobot/install/ebot_docking:/home/dpkings/eyrc-24-25-logistic-cobot/install/ur5_control:/opt/ros/humble /usr/bin/cmake --build /home/dpkings/Multi-map/build/slam_gmapping -- -j8 -l8
[0.685s] DEBUG:colcon.colcon_core.event_handler.log_command:Invoked command in '/home/dpkings/Multi-map/build/slam_gmapping' returned '0': CMAKE_PREFIX_PATH=/home/dpkings/Multi-map/install/openslam_gmapping:/home/dpkings/Multi-map/install/slam_gmapping:/home/dpkings/Multi-map/install/multirobot_map_merge:/home/dpkings/Multi-map/install/explore_lite:/home/dpkings/eyrc-24-25-logistic-cobot/install/ur_simulation_gazebo:/home/dpkings/eyrc-24-25-logistic-cobot/install/ur_moveit_config:/home/dpkings/eyrc-24-25-logistic-cobot/install/ur_description:/home/dpkings/eyrc-24-25-logistic-cobot/install/servo_msgs:/home/dpkings/eyrc-24-25-logistic-cobot/install/realsense_gazebo_plugin:/home/dpkings/eyrc-24-25-logistic-cobot/install/pymoveit2:/home/dpkings/eyrc-24-25-logistic-cobot/install/ebot_description:/home/dpkings/eyrc-24-25-logistic-cobot/install/payload_service:/home/dpkings/eyrc-24-25-logistic-cobot/install/linkattacher_msgs:/home/dpkings/eyrc-24-25-logistic-cobot/install/eyantra_warehouse:/home/dpkings/eyrc-24-25-logistic-cobot/install/ebot_nav2:/home/dpkings/eyrc-24-25-logistic-cobot/install/ebot_docking:/home/dpkings/eyrc-24-25-logistic-cobot/install/ur5_control:/opt/ros/humble /usr/bin/cmake --build /home/dpkings/Multi-map/build/slam_gmapping -- -j8 -l8
[0.713s] DEBUG:colcon.colcon_core.event_handler.log_command:Invoking command in '/home/dpkings/Multi-map/build/slam_gmapping': CMAKE_PREFIX_PATH=/home/dpkings/Multi-map/install/openslam_gmapping:/home/dpkings/Multi-map/install/slam_gmapping:/home/dpkings/Multi-map/install/multirobot_map_merge:/home/dpkings/Multi-map/install/explore_lite:/home/dpkings/eyrc-24-25-logistic-cobot/install/ur_simulation_gazebo:/home/dpkings/eyrc-24-25-logistic-cobot/install/ur_moveit_config:/home/dpkings/eyrc-24-25-logistic-cobot/install/ur_description:/home/dpkings/eyrc-24-25-logistic-cobot/install/servo_msgs:/home/dpkings/eyrc-24-25-logistic-cobot/install/realsense_gazebo_plugin:/home/dpkings/eyrc-24-25-logistic-cobot/install/pymoveit2:/home/dpkings/eyrc-24-25-logistic-cobot/install/ebot_description:/home/dpkings/eyrc-24-25-logistic-cobot/install/payload_service:/home/dpkings/eyrc-24-25-logistic-cobot/install/linkattacher_msgs:/home/dpkings/eyrc-24-25-logistic-cobot/install/eyantra_warehouse:/home/dpkings/eyrc-24-25-logistic-cobot/install/ebot_nav2:/home/dpkings/eyrc-24-25-logistic-cobot/install/ebot_docking:/home/dpkings/eyrc-24-25-logistic-cobot/install/ur5_control:/opt/ros/humble /usr/bin/cmake --install /home/dpkings/Multi-map/build/slam_gmapping
[0.732s] Level 1:colcon.colcon_core.environment:create_environment_scripts_only(slam_gmapping)
[0.733s] Level 1:colcon.colcon_core.environment:checking '/home/dpkings/Multi-map/install/slam_gmapping' for CMake module files
[0.733s] DEBUG:colcon.colcon_core.event_handler.log_command:Invoked command in '/home/dpkings/Multi-map/build/slam_gmapping' returned '0': CMAKE_PREFIX_PATH=/home/dpkings/Multi-map/install/openslam_gmapping:/home/dpkings/Multi-map/install/slam_gmapping:/home/dpkings/Multi-map/install/multirobot_map_merge:/home/dpkings/Multi-map/install/explore_lite:/home/dpkings/eyrc-24-25-logistic-cobot/install/ur_simulation_gazebo:/home/dpkings/eyrc-24-25-logistic-cobot/install/ur_moveit_config:/home/dpkings/eyrc-24-25-logistic-cobot/install/ur_description:/home/dpkings/eyrc-24-25-logistic-cobot/install/servo_msgs:/home/dpkings/eyrc-24-25-logistic-cobot/install/realsense_gazebo_plugin:/home/dpkings/eyrc-24-25-logistic-cobot/install/pymoveit2:/home/dpkings/eyrc-24-25-logistic-cobot/install/ebot_description:/home/dpkings/eyrc-24-25-logistic-cobot/install/payload_service:/home/dpkings/eyrc-24-25-logistic-cobot/install/linkattacher_msgs:/home/dpkings/eyrc-24-25-logistic-cobot/install/eyantra_warehouse:/home/dpkings/eyrc-24-25-logistic-cobot/install/ebot_nav2:/home/dpkings/eyrc-24-25-logistic-cobot/install/ebot_docking:/home/dpkings/eyrc-24-25-logistic-cobot/install/ur5_control:/opt/ros/humble /usr/bin/cmake --install /home/dpkings/Multi-map/build/slam_gmapping
[0.733s] Level 1:colcon.colcon_core.environment:checking '/home/dpkings/Multi-map/install/slam_gmapping' for CMake config files
[0.733s] Level 1:colcon.colcon_core.shell:create_environment_hook('slam_gmapping', 'cmake_prefix_path')
[0.734s] INFO:colcon.colcon_core.shell:Creating environment hook '/home/dpkings/Multi-map/install/slam_gmapping/share/slam_gmapping/hook/cmake_prefix_path.ps1'
[0.734s] INFO:colcon.colcon_core.shell:Creating environment descriptor '/home/dpkings/Multi-map/install/slam_gmapping/share/slam_gmapping/hook/cmake_prefix_path.dsv'
[0.734s] INFO:colcon.colcon_core.shell:Creating environment hook '/home/dpkings/Multi-map/install/slam_gmapping/share/slam_gmapping/hook/cmake_prefix_path.sh'
[0.735s] Level 1:colcon.colcon_core.environment:checking '/home/dpkings/Multi-map/install/slam_gmapping/lib'
[0.735s] Level 1:colcon.colcon_core.environment:checking '/home/dpkings/Multi-map/install/slam_gmapping/bin'
[0.735s] Level 1:colcon.colcon_core.environment:checking '/home/dpkings/Multi-map/install/slam_gmapping/lib/pkgconfig/slam_gmapping.pc'
[0.735s] Level 1:colcon.colcon_core.environment:checking '/home/dpkings/Multi-map/install/slam_gmapping/lib/python3.10/site-packages'
[0.736s] Level 1:colcon.colcon_core.environment:checking '/home/dpkings/Multi-map/install/slam_gmapping/bin'
[0.736s] INFO:colcon.colcon_core.shell:Creating package script '/home/dpkings/Multi-map/install/slam_gmapping/share/slam_gmapping/package.ps1'
[0.736s] INFO:colcon.colcon_core.shell:Creating package descriptor '/home/dpkings/Multi-map/install/slam_gmapping/share/slam_gmapping/package.dsv'
[0.737s] INFO:colcon.colcon_core.shell:Creating package script '/home/dpkings/Multi-map/install/slam_gmapping/share/slam_gmapping/package.sh'
[0.737s] INFO:colcon.colcon_core.shell:Creating package script '/home/dpkings/Multi-map/install/slam_gmapping/share/slam_gmapping/package.bash'
[0.737s] INFO:colcon.colcon_core.shell:Creating package script '/home/dpkings/Multi-map/install/slam_gmapping/share/slam_gmapping/package.zsh'
[0.738s] Level 1:colcon.colcon_core.environment:create_file_with_runtime_dependencies(/home/dpkings/Multi-map/install/slam_gmapping/share/colcon-core/packages/slam_gmapping)
[0.762s] Level 1:colcon.colcon_core.environment:create_environment_scripts_only(slam_gmapping)
[0.762s] Level 1:colcon.colcon_core.environment:checking '/home/dpkings/Multi-map/install/slam_gmapping' for CMake module files
[0.763s] Level 1:colcon.colcon_core.environment:checking '/home/dpkings/Multi-map/install/slam_gmapping' for CMake config files
[0.763s] Level 1:colcon.colcon_core.shell:create_environment_hook('slam_gmapping', 'cmake_prefix_path')
[0.763s] INFO:colcon.colcon_core.shell:Creating environment hook '/home/dpkings/Multi-map/install/slam_gmapping/share/slam_gmapping/hook/cmake_prefix_path.ps1'
[0.764s] INFO:colcon.colcon_core.shell:Creating environment descriptor '/home/dpkings/Multi-map/install/slam_gmapping/share/slam_gmapping/hook/cmake_prefix_path.dsv'
[0.764s] INFO:colcon.colcon_core.shell:Creating environment hook '/home/dpkings/Multi-map/install/slam_gmapping/share/slam_gmapping/hook/cmake_prefix_path.sh'
[0.764s] Level 1:colcon.colcon_core.environment:checking '/home/dpkings/Multi-map/install/slam_gmapping/lib'
[0.764s] Level 1:colcon.colcon_core.environment:checking '/home/dpkings/Multi-map/install/slam_gmapping/bin'
[0.765s] Level 1:colcon.colcon_core.environment:checking '/home/dpkings/Multi-map/install/slam_gmapping/lib/pkgconfig/slam_gmapping.pc'
[0.765s] Level 1:colcon.colcon_core.environment:checking '/home/dpkings/Multi-map/install/slam_gmapping/lib/python3.10/site-packages'
[0.765s] Level 1:colcon.colcon_core.environment:checking '/home/dpkings/Multi-map/install/slam_gmapping/bin'
[0.765s] INFO:colcon.colcon_core.shell:Creating package script '/home/dpkings/Multi-map/install/slam_gmapping/share/slam_gmapping/package.ps1'
[0.765s] INFO:colcon.colcon_core.shell:Creating package descriptor '/home/dpkings/Multi-map/install/slam_gmapping/share/slam_gmapping/package.dsv'
[0.766s] INFO:colcon.colcon_core.shell:Creating package script '/home/dpkings/Multi-map/install/slam_gmapping/share/slam_gmapping/package.sh'
[0.766s] INFO:colcon.colcon_core.shell:Creating package script '/home/dpkings/Multi-map/install/slam_gmapping/share/slam_gmapping/package.bash'
[0.766s] INFO:colcon.colcon_core.shell:Creating package script '/home/dpkings/Multi-map/install/slam_gmapping/share/slam_gmapping/package.zsh'
[0.767s] Level 1:colcon.colcon_core.environment:create_file_with_runtime_dependencies(/home/dpkings/Multi-map/install/slam_gmapping/share/colcon-core/packages/slam_gmapping)
[0.767s] DEBUG:colcon.colcon_parallel_executor.executor.parallel:closing loop
[0.767s] DEBUG:colcon.colcon_parallel_executor.executor.parallel:loop closed
[0.767s] DEBUG:colcon.colcon_parallel_executor.executor.parallel:run_until_complete finished with '0'
[0.767s] DEBUG:colcon.colcon_core.event_reactor:joining thread
[0.771s] INFO:colcon.colcon_core.plugin_system:Skipping extension 'colcon_notification.desktop_notification.terminal_notifier': Not used on non-Darwin systems
[0.771s] INFO:colcon.colcon_core.plugin_system:Skipping extension 'colcon_notification.desktop_notification.win32': Not used on non-Windows systems
[0.771s] INFO:colcon.colcon_notification.desktop_notification:Sending desktop notification using 'notify2'
[0.780s] DEBUG:colcon.colcon_core.event_reactor:joined thread
[0.780s] INFO:colcon.colcon_core.shell:Creating prefix script '/home/dpkings/Multi-map/install/local_setup.ps1'
[0.781s] INFO:colcon.colcon_core.shell:Creating prefix util module '/home/dpkings/Multi-map/install/_local_setup_util_ps1.py'
[0.783s] INFO:colcon.colcon_core.shell:Creating prefix chain script '/home/dpkings/Multi-map/install/setup.ps1'
[0.785s] INFO:colcon.colcon_core.shell:Creating prefix script '/home/dpkings/Multi-map/install/local_setup.sh'
[0.785s] INFO:colcon.colcon_core.shell:Creating prefix util module '/home/dpkings/Multi-map/install/_local_setup_util_sh.py'
[0.786s] INFO:colcon.colcon_core.shell:Creating prefix chain script '/home/dpkings/Multi-map/install/setup.sh'
[0.787s] INFO:colcon.colcon_core.shell:Creating prefix script '/home/dpkings/Multi-map/install/local_setup.bash'
[0.788s] INFO:colcon.colcon_core.shell:Creating prefix chain script '/home/dpkings/Multi-map/install/setup.bash'
[0.789s] INFO:colcon.colcon_core.shell:Creating prefix script '/home/dpkings/Multi-map/install/local_setup.zsh'
[0.789s] INFO:colcon.colcon_core.shell:Creating prefix chain script '/home/dpkings/Multi-map/install/setup.zsh'
