[0.082s] DEBUG:colcon:Command line arguments: ['/usr/bin/colcon', 'build']
[0.082s] DEBUG:colcon:Parsed command line arguments: Namespace(log_base=None, log_level=None, verb_name='build', build_base='build', install_base='install', merge_install=False, symlink_install=False, test_result_base=None, continue_on_error=False, executor='parallel', parallel_workers=8, event_handlers=None, ignore_user_meta=False, metas=['./colcon.meta'], base_paths=['.'], packages_ignore=None, packages_ignore_regex=None, paths=None, packages_up_to=None, packages_up_to_regex=None, packages_above=None, packages_above_and_dependencies=None, packages_above_depth=None, packages_select_by_dep=None, packages_skip_by_dep=None, packages_skip_up_to=None, packages_select_build_failed=False, packages_skip_build_finished=False, packages_select_test_failures=False, packages_skip_test_passed=False, packages_select=None, packages_skip=None, packages_select_regex=None, packages_skip_regex=None, packages_start=None, packages_end=None, allow_overriding=[], cmake_args=None, cmake_target=None, cmake_target_skip_unavailable=False, cmake_clean_cache=False, cmake_clean_first=False, cmake_force_configure=False, ament_cmake_args=None, catkin_cmake_args=None, catkin_skip_building_tests=False, verb_parser=<colcon_defaults.argument_parser.defaults.DefaultArgumentsDecorator object at 0x78efa8e2e380>, verb_extension=<colcon_core.verb.build.BuildVerb object at 0x78efa8e2df30>, main=<bound method BuildVerb.main of <colcon_core.verb.build.BuildVerb object at 0x78efa8e2df30>>)
[0.283s] Level 1:colcon.colcon_core.package_discovery:discover_packages(colcon_meta) check parameters
[0.283s] Level 1:colcon.colcon_core.package_discovery:discover_packages(recursive) check parameters
[0.284s] Level 1:colcon.colcon_core.package_discovery:discover_packages(ignore) check parameters
[0.284s] Level 1:colcon.colcon_core.package_discovery:discover_packages(path) check parameters
[0.284s] Level 1:colcon.colcon_core.package_discovery:discover_packages(colcon_meta) discover
[0.284s] Level 1:colcon.colcon_core.package_discovery:discover_packages(recursive) discover
[0.284s] INFO:colcon.colcon_core.package_discovery:Crawling recursively for packages in '/home/dpkings/Multi-map'
[0.284s] Level 1:colcon.colcon_core.package_identification:_identify(.) by extensions ['ignore', 'ignore_ament_install']
[0.284s] Level 1:colcon.colcon_core.package_identification:_identify(.) by extension 'ignore'
[0.284s] Level 1:colcon.colcon_core.package_identification:_identify(.) by extension 'ignore_ament_install'
[0.284s] Level 1:colcon.colcon_core.package_identification:_identify(.) by extensions ['colcon_pkg']
[0.284s] Level 1:colcon.colcon_core.package_identification:_identify(.) by extension 'colcon_pkg'
[0.284s] Level 1:colcon.colcon_core.package_identification:_identify(.) by extensions ['colcon_meta']
[0.284s] Level 1:colcon.colcon_core.package_identification:_identify(.) by extension 'colcon_meta'
[0.284s] Level 1:colcon.colcon_core.package_identification:_identify(.) by extensions ['ros']
[0.284s] Level 1:colcon.colcon_core.package_identification:_identify(.) by extension 'ros'
[0.295s] Level 1:colcon.colcon_core.package_identification:_identify(.) by extensions ['cmake', 'python']
[0.295s] Level 1:colcon.colcon_core.package_identification:_identify(.) by extension 'cmake'
[0.295s] Level 1:colcon.colcon_core.package_identification:_identify(.) by extension 'python'
[0.295s] Level 1:colcon.colcon_core.package_identification:_identify(.) by extensions ['python_setup_py']
[0.295s] Level 1:colcon.colcon_core.package_identification:_identify(.) by extension 'python_setup_py'
[0.295s] Level 1:colcon.colcon_core.package_identification:_identify(build) by extensions ['ignore', 'ignore_ament_install']
[0.295s] Level 1:colcon.colcon_core.package_identification:_identify(build) by extension 'ignore'
[0.295s] Level 1:colcon.colcon_core.package_identification:_identify(build) ignored
[0.295s] Level 1:colcon.colcon_core.package_identification:_identify(install) by extensions ['ignore', 'ignore_ament_install']
[0.295s] Level 1:colcon.colcon_core.package_identification:_identify(install) by extension 'ignore'
[0.295s] Level 1:colcon.colcon_core.package_identification:_identify(install) ignored
[0.295s] Level 1:colcon.colcon_core.package_identification:_identify(log) by extensions ['ignore', 'ignore_ament_install']
[0.295s] Level 1:colcon.colcon_core.package_identification:_identify(log) by extension 'ignore'
[0.295s] Level 1:colcon.colcon_core.package_identification:_identify(log) ignored
[0.295s] Level 1:colcon.colcon_core.package_identification:_identify(src) by extensions ['ignore', 'ignore_ament_install']
[0.295s] Level 1:colcon.colcon_core.package_identification:_identify(src) by extension 'ignore'
[0.295s] Level 1:colcon.colcon_core.package_identification:_identify(src) by extension 'ignore_ament_install'
[0.295s] Level 1:colcon.colcon_core.package_identification:_identify(src) by extensions ['colcon_pkg']
[0.295s] Level 1:colcon.colcon_core.package_identification:_identify(src) by extension 'colcon_pkg'
[0.295s] Level 1:colcon.colcon_core.package_identification:_identify(src) by extensions ['colcon_meta']
[0.295s] Level 1:colcon.colcon_core.package_identification:_identify(src) by extension 'colcon_meta'
[0.296s] Level 1:colcon.colcon_core.package_identification:_identify(src) by extensions ['ros']
[0.296s] Level 1:colcon.colcon_core.package_identification:_identify(src) by extension 'ros'
[0.296s] Level 1:colcon.colcon_core.package_identification:_identify(src) by extensions ['cmake', 'python']
[0.296s] Level 1:colcon.colcon_core.package_identification:_identify(src) by extension 'cmake'
[0.296s] Level 1:colcon.colcon_core.package_identification:_identify(src) by extension 'python'
[0.296s] Level 1:colcon.colcon_core.package_identification:_identify(src) by extensions ['python_setup_py']
[0.296s] Level 1:colcon.colcon_core.package_identification:_identify(src) by extension 'python_setup_py'
[0.296s] Level 1:colcon.colcon_core.package_identification:_identify(src/m-explore-ros2) by extensions ['ignore', 'ignore_ament_install']
[0.296s] Level 1:colcon.colcon_core.package_identification:_identify(src/m-explore-ros2) by extension 'ignore'
[0.296s] Level 1:colcon.colcon_core.package_identification:_identify(src/m-explore-ros2) by extension 'ignore_ament_install'
[0.296s] Level 1:colcon.colcon_core.package_identification:_identify(src/m-explore-ros2) by extensions ['colcon_pkg']
[0.296s] Level 1:colcon.colcon_core.package_identification:_identify(src/m-explore-ros2) by extension 'colcon_pkg'
[0.296s] Level 1:colcon.colcon_core.package_identification:_identify(src/m-explore-ros2) by extensions ['colcon_meta']
[0.296s] Level 1:colcon.colcon_core.package_identification:_identify(src/m-explore-ros2) by extension 'colcon_meta'
[0.296s] Level 1:colcon.colcon_core.package_identification:_identify(src/m-explore-ros2) by extensions ['ros']
[0.296s] Level 1:colcon.colcon_core.package_identification:_identify(src/m-explore-ros2) by extension 'ros'
[0.296s] Level 1:colcon.colcon_core.package_identification:_identify(src/m-explore-ros2) by extensions ['cmake', 'python']
[0.296s] Level 1:colcon.colcon_core.package_identification:_identify(src/m-explore-ros2) by extension 'cmake'
[0.296s] Level 1:colcon.colcon_core.package_identification:_identify(src/m-explore-ros2) by extension 'python'
[0.296s] Level 1:colcon.colcon_core.package_identification:_identify(src/m-explore-ros2) by extensions ['python_setup_py']
[0.296s] Level 1:colcon.colcon_core.package_identification:_identify(src/m-explore-ros2) by extension 'python_setup_py'
[0.296s] Level 1:colcon.colcon_core.package_identification:_identify(src/m-explore-ros2/explore) by extensions ['ignore', 'ignore_ament_install']
[0.296s] Level 1:colcon.colcon_core.package_identification:_identify(src/m-explore-ros2/explore) by extension 'ignore'
[0.296s] Level 1:colcon.colcon_core.package_identification:_identify(src/m-explore-ros2/explore) by extension 'ignore_ament_install'
[0.296s] Level 1:colcon.colcon_core.package_identification:_identify(src/m-explore-ros2/explore) by extensions ['colcon_pkg']
[0.296s] Level 1:colcon.colcon_core.package_identification:_identify(src/m-explore-ros2/explore) by extension 'colcon_pkg'
[0.296s] Level 1:colcon.colcon_core.package_identification:_identify(src/m-explore-ros2/explore) by extensions ['colcon_meta']
[0.296s] Level 1:colcon.colcon_core.package_identification:_identify(src/m-explore-ros2/explore) by extension 'colcon_meta'
[0.296s] Level 1:colcon.colcon_core.package_identification:_identify(src/m-explore-ros2/explore) by extensions ['ros']
[0.296s] Level 1:colcon.colcon_core.package_identification:_identify(src/m-explore-ros2/explore) by extension 'ros'
[0.299s] DEBUG:colcon.colcon_core.package_identification:Package 'src/m-explore-ros2/explore' with type 'ros.ament_cmake' and name 'explore_lite'
[0.299s] Level 1:colcon.colcon_core.package_identification:_identify(src/m-explore-ros2/map_merge) by extensions ['ignore', 'ignore_ament_install']
[0.299s] Level 1:colcon.colcon_core.package_identification:_identify(src/m-explore-ros2/map_merge) by extension 'ignore'
[0.299s] Level 1:colcon.colcon_core.package_identification:_identify(src/m-explore-ros2/map_merge) by extension 'ignore_ament_install'
[0.299s] Level 1:colcon.colcon_core.package_identification:_identify(src/m-explore-ros2/map_merge) by extensions ['colcon_pkg']
[0.299s] Level 1:colcon.colcon_core.package_identification:_identify(src/m-explore-ros2/map_merge) by extension 'colcon_pkg'
[0.299s] Level 1:colcon.colcon_core.package_identification:_identify(src/m-explore-ros2/map_merge) by extensions ['colcon_meta']
[0.299s] Level 1:colcon.colcon_core.package_identification:_identify(src/m-explore-ros2/map_merge) by extension 'colcon_meta'
[0.299s] Level 1:colcon.colcon_core.package_identification:_identify(src/m-explore-ros2/map_merge) by extensions ['ros']
[0.299s] Level 1:colcon.colcon_core.package_identification:_identify(src/m-explore-ros2/map_merge) by extension 'ros'
[0.300s] DEBUG:colcon.colcon_core.package_identification:Package 'src/m-explore-ros2/map_merge' with type 'ros.ament_cmake' and name 'multirobot_map_merge'
[0.300s] Level 1:colcon.colcon_core.package_discovery:discover_packages(recursive) using defaults
[0.300s] Level 1:colcon.colcon_core.package_discovery:discover_packages(ignore) discover
[0.300s] Level 1:colcon.colcon_core.package_discovery:discover_packages(ignore) using defaults
[0.300s] Level 1:colcon.colcon_core.package_discovery:discover_packages(path) discover
[0.300s] Level 1:colcon.colcon_core.package_discovery:discover_packages(path) using defaults
[0.316s] Level 1:colcon.colcon_core.package_discovery:discover_packages(prefix_path) check parameters
[0.317s] Level 1:colcon.colcon_core.package_discovery:discover_packages(prefix_path) discover
[0.317s] WARNING:colcon.colcon_ros.prefix_path.ament:The path '/home/dpkings/Multi-map/install/slam_gmapping' in the environment variable AMENT_PREFIX_PATH doesn't exist
[0.317s] WARNING:colcon.colcon_ros.prefix_path.ament:The path '/home/dpkings/Multi-map/install/openslam_gmapping' in the environment variable AMENT_PREFIX_PATH doesn't exist
[0.318s] WARNING:colcon.colcon_ros.prefix_path.catkin:The path '/home/dpkings/Multi-map/install/slam_gmapping' in the environment variable CMAKE_PREFIX_PATH doesn't exist
[0.318s] WARNING:colcon.colcon_ros.prefix_path.catkin:The path '/home/dpkings/Multi-map/install/openslam_gmapping' in the environment variable CMAKE_PREFIX_PATH doesn't exist
[0.318s] DEBUG:colcon.colcon_installed_package_information.package_discovery:Found 2 installed packages in /home/dpkings/Multi-map/install
[0.319s] DEBUG:colcon.colcon_installed_package_information.package_discovery:Found 13 installed packages in /home/dpkings/eyrc-24-25-logistic-cobot/install
[0.320s] DEBUG:colcon.colcon_installed_package_information.package_discovery:Found 460 installed packages in /opt/ros/humble
[0.322s] Level 1:colcon.colcon_core.package_discovery:discover_packages(prefix_path) using defaults
[0.363s] Level 5:colcon.colcon_core.verb:set package 'explore_lite' build argument 'cmake_args' from command line to 'None'
[0.363s] Level 5:colcon.colcon_core.verb:set package 'explore_lite' build argument 'cmake_target' from command line to 'None'
[0.364s] Level 5:colcon.colcon_core.verb:set package 'explore_lite' build argument 'cmake_target_skip_unavailable' from command line to 'False'
[0.364s] Level 5:colcon.colcon_core.verb:set package 'explore_lite' build argument 'cmake_clean_cache' from command line to 'False'
[0.364s] Level 5:colcon.colcon_core.verb:set package 'explore_lite' build argument 'cmake_clean_first' from command line to 'False'
[0.364s] Level 5:colcon.colcon_core.verb:set package 'explore_lite' build argument 'cmake_force_configure' from command line to 'False'
[0.364s] Level 5:colcon.colcon_core.verb:set package 'explore_lite' build argument 'ament_cmake_args' from command line to 'None'
[0.364s] Level 5:colcon.colcon_core.verb:set package 'explore_lite' build argument 'catkin_cmake_args' from command line to 'None'
[0.364s] Level 5:colcon.colcon_core.verb:set package 'explore_lite' build argument 'catkin_skip_building_tests' from command line to 'False'
[0.364s] DEBUG:colcon.colcon_core.verb:Building package 'explore_lite' with the following arguments: {'ament_cmake_args': None, 'build_base': '/home/dpkings/Multi-map/build/explore_lite', 'catkin_cmake_args': None, 'catkin_skip_building_tests': False, 'cmake_args': None, 'cmake_clean_cache': False, 'cmake_clean_first': False, 'cmake_force_configure': False, 'cmake_target': None, 'cmake_target_skip_unavailable': False, 'install_base': '/home/dpkings/Multi-map/install/explore_lite', 'merge_install': False, 'path': '/home/dpkings/Multi-map/src/m-explore-ros2/explore', 'symlink_install': False, 'test_result_base': None}
[0.364s] Level 5:colcon.colcon_core.verb:set package 'multirobot_map_merge' build argument 'cmake_args' from command line to 'None'
[0.364s] Level 5:colcon.colcon_core.verb:set package 'multirobot_map_merge' build argument 'cmake_target' from command line to 'None'
[0.364s] Level 5:colcon.colcon_core.verb:set package 'multirobot_map_merge' build argument 'cmake_target_skip_unavailable' from command line to 'False'
[0.364s] Level 5:colcon.colcon_core.verb:set package 'multirobot_map_merge' build argument 'cmake_clean_cache' from command line to 'False'
[0.364s] Level 5:colcon.colcon_core.verb:set package 'multirobot_map_merge' build argument 'cmake_clean_first' from command line to 'False'
[0.364s] Level 5:colcon.colcon_core.verb:set package 'multirobot_map_merge' build argument 'cmake_force_configure' from command line to 'False'
[0.364s] Level 5:colcon.colcon_core.verb:set package 'multirobot_map_merge' build argument 'ament_cmake_args' from command line to 'None'
[0.364s] Level 5:colcon.colcon_core.verb:set package 'multirobot_map_merge' build argument 'catkin_cmake_args' from command line to 'None'
[0.364s] Level 5:colcon.colcon_core.verb:set package 'multirobot_map_merge' build argument 'catkin_skip_building_tests' from command line to 'False'
[0.364s] DEBUG:colcon.colcon_core.verb:Building package 'multirobot_map_merge' with the following arguments: {'ament_cmake_args': None, 'build_base': '/home/dpkings/Multi-map/build/multirobot_map_merge', 'catkin_cmake_args': None, 'catkin_skip_building_tests': False, 'cmake_args': None, 'cmake_clean_cache': False, 'cmake_clean_first': False, 'cmake_force_configure': False, 'cmake_target': None, 'cmake_target_skip_unavailable': False, 'install_base': '/home/dpkings/Multi-map/install/multirobot_map_merge', 'merge_install': False, 'path': '/home/dpkings/Multi-map/src/m-explore-ros2/map_merge', 'symlink_install': False, 'test_result_base': None}
[0.364s] INFO:colcon.colcon_core.executor:Executing jobs using 'parallel' executor
[0.365s] DEBUG:colcon.colcon_parallel_executor.executor.parallel:run_until_complete
[0.365s] INFO:colcon.colcon_ros.task.ament_cmake.build:Building ROS package in '/home/dpkings/Multi-map/src/m-explore-ros2/explore' with build type 'ament_cmake'
[0.365s] INFO:colcon.colcon_cmake.task.cmake.build:Building CMake package in '/home/dpkings/Multi-map/src/m-explore-ros2/explore'
[0.367s] INFO:colcon.colcon_core.plugin_system:Skipping extension 'colcon_core.shell.bat': Not used on non-Windows systems
[0.367s] INFO:colcon.colcon_core.shell:Skip shell extension 'powershell' for command environment: Not usable outside of PowerShell
[0.367s] DEBUG:colcon.colcon_core.shell:Skip shell extension 'dsv' for command environment
[0.371s] INFO:colcon.colcon_ros.task.ament_cmake.build:Building ROS package in '/home/dpkings/Multi-map/src/m-explore-ros2/map_merge' with build type 'ament_cmake'
[0.371s] INFO:colcon.colcon_cmake.task.cmake.build:Building CMake package in '/home/dpkings/Multi-map/src/m-explore-ros2/map_merge'
[0.371s] INFO:colcon.colcon_core.shell:Skip shell extension 'powershell' for command environment: Not usable outside of PowerShell
[0.371s] DEBUG:colcon.colcon_core.shell:Skip shell extension 'dsv' for command environment
[0.381s] DEBUG:colcon.colcon_core.event_handler.log_command:Invoking command in '/home/dpkings/Multi-map/build/explore_lite': CMAKE_PREFIX_PATH=${CMAKE_PREFIX_PATH}:/home/dpkings/eyrc-24-25-logistic-cobot/install/ur5_control:/opt/ros/humble /usr/bin/cmake --build /home/dpkings/Multi-map/build/explore_lite -- -j8 -l8
[0.385s] DEBUG:colcon.colcon_core.event_handler.log_command:Invoking command in '/home/dpkings/Multi-map/build/multirobot_map_merge': CMAKE_PREFIX_PATH=${CMAKE_PREFIX_PATH}:/home/dpkings/eyrc-24-25-logistic-cobot/install/ur5_control:/opt/ros/humble /usr/bin/cmake --build /home/dpkings/Multi-map/build/multirobot_map_merge -- -j8 -l8
[0.472s] DEBUG:colcon.colcon_core.event_handler.log_command:Invoked command in '/home/dpkings/Multi-map/build/explore_lite' returned '0': CMAKE_PREFIX_PATH=${CMAKE_PREFIX_PATH}:/home/dpkings/eyrc-24-25-logistic-cobot/install/ur5_control:/opt/ros/humble /usr/bin/cmake --build /home/dpkings/Multi-map/build/explore_lite -- -j8 -l8
[0.518s] DEBUG:colcon.colcon_core.event_handler.log_command:Invoking command in '/home/dpkings/Multi-map/build/explore_lite': CMAKE_PREFIX_PATH=${CMAKE_PREFIX_PATH}:/home/dpkings/eyrc-24-25-logistic-cobot/install/ur5_control:/opt/ros/humble /usr/bin/cmake --install /home/dpkings/Multi-map/build/explore_lite
[0.526s] Level 1:colcon.colcon_core.environment:create_environment_scripts_only(explore_lite)
[0.527s] DEBUG:colcon.colcon_core.event_handler.log_command:Invoked command in '/home/dpkings/Multi-map/build/explore_lite' returned '0': CMAKE_PREFIX_PATH=${CMAKE_PREFIX_PATH}:/home/dpkings/eyrc-24-25-logistic-cobot/install/ur5_control:/opt/ros/humble /usr/bin/cmake --install /home/dpkings/Multi-map/build/explore_lite
[0.528s] Level 1:colcon.colcon_core.environment:checking '/home/dpkings/Multi-map/install/explore_lite' for CMake module files
[0.529s] Level 1:colcon.colcon_core.environment:checking '/home/dpkings/Multi-map/install/explore_lite' for CMake config files
[0.529s] Level 1:colcon.colcon_core.shell:create_environment_hook('explore_lite', 'cmake_prefix_path')
[0.529s] INFO:colcon.colcon_core.shell:Creating environment hook '/home/dpkings/Multi-map/install/explore_lite/share/explore_lite/hook/cmake_prefix_path.ps1'
[0.529s] INFO:colcon.colcon_core.shell:Creating environment descriptor '/home/dpkings/Multi-map/install/explore_lite/share/explore_lite/hook/cmake_prefix_path.dsv'
[0.530s] INFO:colcon.colcon_core.shell:Creating environment hook '/home/dpkings/Multi-map/install/explore_lite/share/explore_lite/hook/cmake_prefix_path.sh'
[0.530s] Level 1:colcon.colcon_core.environment:checking '/home/dpkings/Multi-map/install/explore_lite/lib'
[0.530s] Level 1:colcon.colcon_core.environment:checking '/home/dpkings/Multi-map/install/explore_lite/bin'
[0.531s] Level 1:colcon.colcon_core.environment:checking '/home/dpkings/Multi-map/install/explore_lite/lib/pkgconfig/explore_lite.pc'
[0.531s] Level 1:colcon.colcon_core.environment:checking '/home/dpkings/Multi-map/install/explore_lite/lib/python3.10/site-packages'
[0.531s] Level 1:colcon.colcon_core.environment:checking '/home/dpkings/Multi-map/install/explore_lite/bin'
[0.531s] INFO:colcon.colcon_core.shell:Creating package script '/home/dpkings/Multi-map/install/explore_lite/share/explore_lite/package.ps1'
[0.532s] INFO:colcon.colcon_core.shell:Creating package descriptor '/home/dpkings/Multi-map/install/explore_lite/share/explore_lite/package.dsv'
[0.532s] INFO:colcon.colcon_core.shell:Creating package script '/home/dpkings/Multi-map/install/explore_lite/share/explore_lite/package.sh'
[0.533s] INFO:colcon.colcon_core.shell:Creating package script '/home/dpkings/Multi-map/install/explore_lite/share/explore_lite/package.bash'
[0.533s] INFO:colcon.colcon_core.shell:Creating package script '/home/dpkings/Multi-map/install/explore_lite/share/explore_lite/package.zsh'
[0.534s] Level 1:colcon.colcon_core.environment:create_file_with_runtime_dependencies(/home/dpkings/Multi-map/install/explore_lite/share/colcon-core/packages/explore_lite)
[0.570s] Level 1:colcon.colcon_core.environment:create_environment_scripts_only(explore_lite)
[0.570s] Level 1:colcon.colcon_core.environment:checking '/home/dpkings/Multi-map/install/explore_lite' for CMake module files
[0.571s] Level 1:colcon.colcon_core.environment:checking '/home/dpkings/Multi-map/install/explore_lite' for CMake config files
[0.571s] Level 1:colcon.colcon_core.shell:create_environment_hook('explore_lite', 'cmake_prefix_path')
[0.571s] INFO:colcon.colcon_core.shell:Creating environment hook '/home/dpkings/Multi-map/install/explore_lite/share/explore_lite/hook/cmake_prefix_path.ps1'
[0.571s] INFO:colcon.colcon_core.shell:Creating environment descriptor '/home/dpkings/Multi-map/install/explore_lite/share/explore_lite/hook/cmake_prefix_path.dsv'
[0.572s] INFO:colcon.colcon_core.shell:Creating environment hook '/home/dpkings/Multi-map/install/explore_lite/share/explore_lite/hook/cmake_prefix_path.sh'
[0.572s] Level 1:colcon.colcon_core.environment:checking '/home/dpkings/Multi-map/install/explore_lite/lib'
[0.572s] Level 1:colcon.colcon_core.environment:checking '/home/dpkings/Multi-map/install/explore_lite/bin'
[0.572s] Level 1:colcon.colcon_core.environment:checking '/home/dpkings/Multi-map/install/explore_lite/lib/pkgconfig/explore_lite.pc'
[0.572s] Level 1:colcon.colcon_core.environment:checking '/home/dpkings/Multi-map/install/explore_lite/lib/python3.10/site-packages'
[0.573s] Level 1:colcon.colcon_core.environment:checking '/home/dpkings/Multi-map/install/explore_lite/bin'
[0.573s] INFO:colcon.colcon_core.shell:Creating package script '/home/dpkings/Multi-map/install/explore_lite/share/explore_lite/package.ps1'
[0.573s] INFO:colcon.colcon_core.shell:Creating package descriptor '/home/dpkings/Multi-map/install/explore_lite/share/explore_lite/package.dsv'
[0.574s] INFO:colcon.colcon_core.shell:Creating package script '/home/dpkings/Multi-map/install/explore_lite/share/explore_lite/package.sh'
[0.574s] INFO:colcon.colcon_core.shell:Creating package script '/home/dpkings/Multi-map/install/explore_lite/share/explore_lite/package.bash'
[0.574s] INFO:colcon.colcon_core.shell:Creating package script '/home/dpkings/Multi-map/install/explore_lite/share/explore_lite/package.zsh'
[0.574s] Level 1:colcon.colcon_core.environment:create_file_with_runtime_dependencies(/home/dpkings/Multi-map/install/explore_lite/share/colcon-core/packages/explore_lite)
[12.181s] DEBUG:colcon.colcon_core.event_handler.log_command:Invoked command in '/home/dpkings/Multi-map/build/multirobot_map_merge' returned '0': CMAKE_PREFIX_PATH=${CMAKE_PREFIX_PATH}:/home/dpkings/eyrc-24-25-logistic-cobot/install/ur5_control:/opt/ros/humble /usr/bin/cmake --build /home/dpkings/Multi-map/build/multirobot_map_merge -- -j8 -l8
[12.226s] DEBUG:colcon.colcon_core.event_handler.log_command:Invoking command in '/home/dpkings/Multi-map/build/multirobot_map_merge': CMAKE_PREFIX_PATH=${CMAKE_PREFIX_PATH}:/home/dpkings/eyrc-24-25-logistic-cobot/install/ur5_control:/opt/ros/humble /usr/bin/cmake --install /home/dpkings/Multi-map/build/multirobot_map_merge
[12.238s] Level 1:colcon.colcon_core.environment:create_environment_scripts_only(multirobot_map_merge)
[12.238s] Level 1:colcon.colcon_core.environment:checking '/home/dpkings/Multi-map/install/multirobot_map_merge' for CMake module files
[12.238s] DEBUG:colcon.colcon_core.event_handler.log_command:Invoked command in '/home/dpkings/Multi-map/build/multirobot_map_merge' returned '0': CMAKE_PREFIX_PATH=${CMAKE_PREFIX_PATH}:/home/dpkings/eyrc-24-25-logistic-cobot/install/ur5_control:/opt/ros/humble /usr/bin/cmake --install /home/dpkings/Multi-map/build/multirobot_map_merge
[12.239s] Level 1:colcon.colcon_core.environment:checking '/home/dpkings/Multi-map/install/multirobot_map_merge' for CMake config files
[12.239s] Level 1:colcon.colcon_core.shell:create_environment_hook('multirobot_map_merge', 'cmake_prefix_path')
[12.239s] INFO:colcon.colcon_core.shell:Creating environment hook '/home/dpkings/Multi-map/install/multirobot_map_merge/share/multirobot_map_merge/hook/cmake_prefix_path.ps1'
[12.239s] INFO:colcon.colcon_core.shell:Creating environment descriptor '/home/dpkings/Multi-map/install/multirobot_map_merge/share/multirobot_map_merge/hook/cmake_prefix_path.dsv'
[12.240s] INFO:colcon.colcon_core.shell:Creating environment hook '/home/dpkings/Multi-map/install/multirobot_map_merge/share/multirobot_map_merge/hook/cmake_prefix_path.sh'
[12.240s] Level 1:colcon.colcon_core.environment:checking '/home/dpkings/Multi-map/install/multirobot_map_merge/lib'
[12.240s] Level 1:colcon.colcon_core.environment:checking '/home/dpkings/Multi-map/install/multirobot_map_merge/bin'
[12.240s] Level 1:colcon.colcon_core.environment:checking '/home/dpkings/Multi-map/install/multirobot_map_merge/lib/pkgconfig/multirobot_map_merge.pc'
[12.240s] Level 1:colcon.colcon_core.environment:checking '/home/dpkings/Multi-map/install/multirobot_map_merge/lib/python3.10/site-packages'
[12.241s] Level 1:colcon.colcon_core.environment:checking '/home/dpkings/Multi-map/install/multirobot_map_merge/bin'
[12.241s] INFO:colcon.colcon_core.shell:Creating package script '/home/dpkings/Multi-map/install/multirobot_map_merge/share/multirobot_map_merge/package.ps1'
[12.241s] INFO:colcon.colcon_core.shell:Creating package descriptor '/home/dpkings/Multi-map/install/multirobot_map_merge/share/multirobot_map_merge/package.dsv'
[12.242s] INFO:colcon.colcon_core.shell:Creating package script '/home/dpkings/Multi-map/install/multirobot_map_merge/share/multirobot_map_merge/package.sh'
[12.242s] INFO:colcon.colcon_core.shell:Creating package script '/home/dpkings/Multi-map/install/multirobot_map_merge/share/multirobot_map_merge/package.bash'
[12.243s] INFO:colcon.colcon_core.shell:Creating package script '/home/dpkings/Multi-map/install/multirobot_map_merge/share/multirobot_map_merge/package.zsh'
[12.243s] Level 1:colcon.colcon_core.environment:create_file_with_runtime_dependencies(/home/dpkings/Multi-map/install/multirobot_map_merge/share/colcon-core/packages/multirobot_map_merge)
[12.280s] Level 1:colcon.colcon_core.environment:create_environment_scripts_only(multirobot_map_merge)
[12.280s] Level 1:colcon.colcon_core.environment:checking '/home/dpkings/Multi-map/install/multirobot_map_merge' for CMake module files
[12.281s] Level 1:colcon.colcon_core.environment:checking '/home/dpkings/Multi-map/install/multirobot_map_merge' for CMake config files
[12.281s] Level 1:colcon.colcon_core.shell:create_environment_hook('multirobot_map_merge', 'cmake_prefix_path')
[12.281s] INFO:colcon.colcon_core.shell:Creating environment hook '/home/dpkings/Multi-map/install/multirobot_map_merge/share/multirobot_map_merge/hook/cmake_prefix_path.ps1'
[12.281s] INFO:colcon.colcon_core.shell:Creating environment descriptor '/home/dpkings/Multi-map/install/multirobot_map_merge/share/multirobot_map_merge/hook/cmake_prefix_path.dsv'
[12.282s] INFO:colcon.colcon_core.shell:Creating environment hook '/home/dpkings/Multi-map/install/multirobot_map_merge/share/multirobot_map_merge/hook/cmake_prefix_path.sh'
[12.282s] Level 1:colcon.colcon_core.environment:checking '/home/dpkings/Multi-map/install/multirobot_map_merge/lib'
[12.282s] Level 1:colcon.colcon_core.environment:checking '/home/dpkings/Multi-map/install/multirobot_map_merge/bin'
[12.282s] Level 1:colcon.colcon_core.environment:checking '/home/dpkings/Multi-map/install/multirobot_map_merge/lib/pkgconfig/multirobot_map_merge.pc'
[12.282s] Level 1:colcon.colcon_core.environment:checking '/home/dpkings/Multi-map/install/multirobot_map_merge/lib/python3.10/site-packages'
[12.283s] Level 1:colcon.colcon_core.environment:checking '/home/dpkings/Multi-map/install/multirobot_map_merge/bin'
[12.283s] INFO:colcon.colcon_core.shell:Creating package script '/home/dpkings/Multi-map/install/multirobot_map_merge/share/multirobot_map_merge/package.ps1'
[12.283s] INFO:colcon.colcon_core.shell:Creating package descriptor '/home/dpkings/Multi-map/install/multirobot_map_merge/share/multirobot_map_merge/package.dsv'
[12.284s] INFO:colcon.colcon_core.shell:Creating package script '/home/dpkings/Multi-map/install/multirobot_map_merge/share/multirobot_map_merge/package.sh'
[12.284s] INFO:colcon.colcon_core.shell:Creating package script '/home/dpkings/Multi-map/install/multirobot_map_merge/share/multirobot_map_merge/package.bash'
[12.284s] INFO:colcon.colcon_core.shell:Creating package script '/home/dpkings/Multi-map/install/multirobot_map_merge/share/multirobot_map_merge/package.zsh'
[12.284s] Level 1:colcon.colcon_core.environment:create_file_with_runtime_dependencies(/home/dpkings/Multi-map/install/multirobot_map_merge/share/colcon-core/packages/multirobot_map_merge)
[12.285s] DEBUG:colcon.colcon_parallel_executor.executor.parallel:closing loop
[12.285s] DEBUG:colcon.colcon_parallel_executor.executor.parallel:loop closed
[12.285s] DEBUG:colcon.colcon_parallel_executor.executor.parallel:run_until_complete finished with '0'
[12.285s] DEBUG:colcon.colcon_core.event_reactor:joining thread
[12.289s] INFO:colcon.colcon_core.plugin_system:Skipping extension 'colcon_notification.desktop_notification.terminal_notifier': Not used on non-Darwin systems
[12.289s] INFO:colcon.colcon_core.plugin_system:Skipping extension 'colcon_notification.desktop_notification.win32': Not used on non-Windows systems
[12.289s] INFO:colcon.colcon_notification.desktop_notification:Sending desktop notification using 'notify2'
[12.298s] DEBUG:colcon.colcon_core.event_reactor:joined thread
[12.298s] INFO:colcon.colcon_core.shell:Creating prefix script '/home/dpkings/Multi-map/install/local_setup.ps1'
[12.299s] INFO:colcon.colcon_core.shell:Creating prefix util module '/home/dpkings/Multi-map/install/_local_setup_util_ps1.py'
[12.300s] INFO:colcon.colcon_core.shell:Creating prefix chain script '/home/dpkings/Multi-map/install/setup.ps1'
[12.301s] INFO:colcon.colcon_core.shell:Creating prefix script '/home/dpkings/Multi-map/install/local_setup.sh'
[12.301s] INFO:colcon.colcon_core.shell:Creating prefix util module '/home/dpkings/Multi-map/install/_local_setup_util_sh.py'
[12.302s] INFO:colcon.colcon_core.shell:Creating prefix chain script '/home/dpkings/Multi-map/install/setup.sh'
[12.303s] INFO:colcon.colcon_core.shell:Creating prefix script '/home/dpkings/Multi-map/install/local_setup.bash'
[12.303s] INFO:colcon.colcon_core.shell:Creating prefix chain script '/home/dpkings/Multi-map/install/setup.bash'
[12.305s] INFO:colcon.colcon_core.shell:Creating prefix script '/home/dpkings/Multi-map/install/local_setup.zsh'
[12.305s] INFO:colcon.colcon_core.shell:Creating prefix chain script '/home/dpkings/Multi-map/install/setup.zsh'
