[0.009s] Invoking command in '/home/dpkings/Multi-map/build/slam_gmapping': CMAKE_PREFIX_PATH=/home/dpkings/Multi-map/install/openslam_gmapping:/home/dpkings/Multi-map/install/slam_gmapping:/home/dpkings/Multi-map/install/multirobot_map_merge:/home/dpkings/Multi-map/install/explore_lite:/home/dpkings/eyrc-24-25-logistic-cobot/install/ur_simulation_gazebo:/home/dpkings/eyrc-24-25-logistic-cobot/install/ur_moveit_config:/home/dpkings/eyrc-24-25-logistic-cobot/install/ur_description:/home/dpkings/eyrc-24-25-logistic-cobot/install/servo_msgs:/home/dpkings/eyrc-24-25-logistic-cobot/install/realsense_gazebo_plugin:/home/dpkings/eyrc-24-25-logistic-cobot/install/pymoveit2:/home/dpkings/eyrc-24-25-logistic-cobot/install/ebot_description:/home/dpkings/eyrc-24-25-logistic-cobot/install/payload_service:/home/dpkings/eyrc-24-25-logistic-cobot/install/linkattacher_msgs:/home/dpkings/eyrc-24-25-logistic-cobot/install/eyantra_warehouse:/home/dpkings/eyrc-24-25-logistic-cobot/install/ebot_nav2:/home/dpkings/eyrc-24-25-logistic-cobot/install/ebot_docking:/home/dpkings/eyrc-24-25-logistic-cobot/install/ur5_control:/opt/ros/humble /usr/bin/cmake --build /home/dpkings/Multi-map/build/slam_gmapping -- -j8 -l8
[0.071s] [100%] Built target slam_gmapping
[0.081s] Invoked command in '/home/dpkings/Multi-map/build/slam_gmapping' returned '0': CMAKE_PREFIX_PATH=/home/dpkings/Multi-map/install/openslam_gmapping:/home/dpkings/Multi-map/install/slam_gmapping:/home/dpkings/Multi-map/install/multirobot_map_merge:/home/dpkings/Multi-map/install/explore_lite:/home/dpkings/eyrc-24-25-logistic-cobot/install/ur_simulation_gazebo:/home/dpkings/eyrc-24-25-logistic-cobot/install/ur_moveit_config:/home/dpkings/eyrc-24-25-logistic-cobot/install/ur_description:/home/dpkings/eyrc-24-25-logistic-cobot/install/servo_msgs:/home/dpkings/eyrc-24-25-logistic-cobot/install/realsense_gazebo_plugin:/home/dpkings/eyrc-24-25-logistic-cobot/install/pymoveit2:/home/dpkings/eyrc-24-25-logistic-cobot/install/ebot_description:/home/dpkings/eyrc-24-25-logistic-cobot/install/payload_service:/home/dpkings/eyrc-24-25-logistic-cobot/install/linkattacher_msgs:/home/dpkings/eyrc-24-25-logistic-cobot/install/eyantra_warehouse:/home/dpkings/eyrc-24-25-logistic-cobot/install/ebot_nav2:/home/dpkings/eyrc-24-25-logistic-cobot/install/ebot_docking:/home/dpkings/eyrc-24-25-logistic-cobot/install/ur5_control:/opt/ros/humble /usr/bin/cmake --build /home/dpkings/Multi-map/build/slam_gmapping -- -j8 -l8
[0.106s] Invoking command in '/home/dpkings/Multi-map/build/slam_gmapping': CMAKE_PREFIX_PATH=/home/dpkings/Multi-map/install/openslam_gmapping:/home/dpkings/Multi-map/install/slam_gmapping:/home/dpkings/Multi-map/install/multirobot_map_merge:/home/dpkings/Multi-map/install/explore_lite:/home/dpkings/eyrc-24-25-logistic-cobot/install/ur_simulation_gazebo:/home/dpkings/eyrc-24-25-logistic-cobot/install/ur_moveit_config:/home/dpkings/eyrc-24-25-logistic-cobot/install/ur_description:/home/dpkings/eyrc-24-25-logistic-cobot/install/servo_msgs:/home/dpkings/eyrc-24-25-logistic-cobot/install/realsense_gazebo_plugin:/home/dpkings/eyrc-24-25-logistic-cobot/install/pymoveit2:/home/dpkings/eyrc-24-25-logistic-cobot/install/ebot_description:/home/dpkings/eyrc-24-25-logistic-cobot/install/payload_service:/home/dpkings/eyrc-24-25-logistic-cobot/install/linkattacher_msgs:/home/dpkings/eyrc-24-25-logistic-cobot/install/eyantra_warehouse:/home/dpkings/eyrc-24-25-logistic-cobot/install/ebot_nav2:/home/dpkings/eyrc-24-25-logistic-cobot/install/ebot_docking:/home/dpkings/eyrc-24-25-logistic-cobot/install/ur5_control:/opt/ros/humble /usr/bin/cmake --install /home/dpkings/Multi-map/build/slam_gmapping
[0.113s] -- Install configuration: ""
[0.113s] -- Execute custom install script
[0.113s] -- Up-to-date symlink: /home/dpkings/Multi-map/install/slam_gmapping/lib/slam_gmapping/slam_gmapping
[0.114s] -- Up-to-date symlink: /home/dpkings/Multi-map/install/slam_gmapping/share/slam_gmapping/launch/slam_gmapping.launch.py
[0.114s] -- Up-to-date symlink: /home/dpkings/Multi-map/install/slam_gmapping/share/ament_index/resource_index/package_run_dependencies/slam_gmapping
[0.114s] -- Up-to-date symlink: /home/dpkings/Multi-map/install/slam_gmapping/share/ament_index/resource_index/parent_prefix_path/slam_gmapping
[0.114s] -- Up-to-date symlink: /home/dpkings/Multi-map/install/slam_gmapping/share/slam_gmapping/environment/ament_prefix_path.sh
[0.114s] -- Up-to-date symlink: /home/dpkings/Multi-map/install/slam_gmapping/share/slam_gmapping/environment/ament_prefix_path.dsv
[0.114s] -- Up-to-date symlink: /home/dpkings/Multi-map/install/slam_gmapping/share/slam_gmapping/environment/path.sh
[0.114s] -- Up-to-date symlink: /home/dpkings/Multi-map/install/slam_gmapping/share/slam_gmapping/environment/path.dsv
[0.114s] -- Up-to-date symlink: /home/dpkings/Multi-map/install/slam_gmapping/share/slam_gmapping/local_setup.bash
[0.114s] -- Up-to-date symlink: /home/dpkings/Multi-map/install/slam_gmapping/share/slam_gmapping/local_setup.sh
[0.114s] -- Up-to-date symlink: /home/dpkings/Multi-map/install/slam_gmapping/share/slam_gmapping/local_setup.zsh
[0.115s] -- Up-to-date symlink: /home/dpkings/Multi-map/install/slam_gmapping/share/slam_gmapping/local_setup.dsv
[0.115s] -- Symlinking: /home/dpkings/Multi-map/install/slam_gmapping/share/slam_gmapping/package.dsv
[0.122s] -- Up-to-date symlink: /home/dpkings/Multi-map/install/slam_gmapping/share/ament_index/resource_index/packages/slam_gmapping
[0.122s] -- Up-to-date symlink: /home/dpkings/Multi-map/install/slam_gmapping/share/slam_gmapping/cmake/slam_gmappingConfig.cmake
[0.122s] -- Up-to-date symlink: /home/dpkings/Multi-map/install/slam_gmapping/share/slam_gmapping/cmake/slam_gmappingConfig-version.cmake
[0.122s] -- Up-to-date symlink: /home/dpkings/Multi-map/install/slam_gmapping/share/slam_gmapping/package.xml
[0.124s] Invoked command in '/home/dpkings/Multi-map/build/slam_gmapping' returned '0': CMAKE_PREFIX_PATH=/home/dpkings/Multi-map/install/openslam_gmapping:/home/dpkings/Multi-map/install/slam_gmapping:/home/dpkings/Multi-map/install/multirobot_map_merge:/home/dpkings/Multi-map/install/explore_lite:/home/dpkings/eyrc-24-25-logistic-cobot/install/ur_simulation_gazebo:/home/dpkings/eyrc-24-25-logistic-cobot/install/ur_moveit_config:/home/dpkings/eyrc-24-25-logistic-cobot/install/ur_description:/home/dpkings/eyrc-24-25-logistic-cobot/install/servo_msgs:/home/dpkings/eyrc-24-25-logistic-cobot/install/realsense_gazebo_plugin:/home/dpkings/eyrc-24-25-logistic-cobot/install/pymoveit2:/home/dpkings/eyrc-24-25-logistic-cobot/install/ebot_description:/home/dpkings/eyrc-24-25-logistic-cobot/install/payload_service:/home/dpkings/eyrc-24-25-logistic-cobot/install/linkattacher_msgs:/home/dpkings/eyrc-24-25-logistic-cobot/install/eyantra_warehouse:/home/dpkings/eyrc-24-25-logistic-cobot/install/ebot_nav2:/home/dpkings/eyrc-24-25-logistic-cobot/install/ebot_docking:/home/dpkings/eyrc-24-25-logistic-cobot/install/ur5_control:/opt/ros/humble /usr/bin/cmake --install /home/dpkings/Multi-map/build/slam_gmapping
