[0.016s] Invoking command in '/home/dpkings/Multi-map/build/explore_lite': CMAKE_PREFIX_PATH=${CMAKE_PREFIX_PATH}:/home/dpkings/eyrc-24-25-logistic-cobot/install/ur5_control:/opt/ros/humble /usr/bin/cmake --build /home/dpkings/Multi-map/build/explore_lite -- -j8 -l8
[0.091s] [ 20%] Built target gtest_main
[0.102s] [ 40%] Built target gtest
[0.108s] [ 80%] Built target explore
[0.134s] [100%] Built target test_explore
[0.146s] Invoked command in '/home/dpkings/Multi-map/build/explore_lite' returned '0': CMAKE_PREFIX_PATH=${CMAKE_PREFIX_PATH}:/home/dpkings/eyrc-24-25-logistic-cobot/install/ur5_control:/opt/ros/humble /usr/bin/cmake --build /home/dpkings/Multi-map/build/explore_lite -- -j8 -l8
[0.196s] Invoking command in '/home/dpkings/Multi-map/build/explore_lite': CMAKE_PREFIX_PATH=${CMAKE_PREFIX_PATH}:/home/dpkings/eyrc-24-25-logistic-cobot/install/ur5_control:/opt/ros/humble /usr/bin/cmake --install /home/dpkings/Multi-map/build/explore_lite
[0.204s] -- Install configuration: ""
[0.204s] -- Up-to-date: /home/dpkings/Multi-map/install/explore_lite/include/explore/
[0.205s] -- Up-to-date: /home/dpkings/Multi-map/install/explore_lite/include/explore//costmap_tools.h
[0.205s] -- Up-to-date: /home/dpkings/Multi-map/install/explore_lite/include/explore//costmap_client.h
[0.205s] -- Up-to-date: /home/dpkings/Multi-map/install/explore_lite/include/explore//explore.h
[0.205s] -- Up-to-date: /home/dpkings/Multi-map/install/explore_lite/include/explore//frontier_search.h
[0.205s] -- Up-to-date: /home/dpkings/Multi-map/install/explore_lite/share/explore_lite/config
[0.205s] -- Up-to-date: /home/dpkings/Multi-map/install/explore_lite/share/explore_lite/config/params_costmap.yaml
[0.205s] -- Up-to-date: /home/dpkings/Multi-map/install/explore_lite/share/explore_lite/config/params.yaml
[0.205s] -- Up-to-date: /home/dpkings/Multi-map/install/explore_lite/share/explore_lite/launch
[0.205s] -- Up-to-date: /home/dpkings/Multi-map/install/explore_lite/share/explore_lite/launch/explore.launch.py
[0.205s] -- Up-to-date: /home/dpkings/Multi-map/install/explore_lite/lib/explore_lite/explore
[0.205s] -- Up-to-date: /home/dpkings/Multi-map/install/explore_lite/share/ament_index/resource_index/package_run_dependencies/explore_lite
[0.206s] -- Up-to-date: /home/dpkings/Multi-map/install/explore_lite/share/ament_index/resource_index/parent_prefix_path/explore_lite
[0.206s] -- Up-to-date: /home/dpkings/Multi-map/install/explore_lite/share/explore_lite/environment/ament_prefix_path.sh
[0.206s] -- Up-to-date: /home/dpkings/Multi-map/install/explore_lite/share/explore_lite/environment/ament_prefix_path.dsv
[0.206s] -- Up-to-date: /home/dpkings/Multi-map/install/explore_lite/share/explore_lite/environment/path.sh
[0.206s] -- Up-to-date: /home/dpkings/Multi-map/install/explore_lite/share/explore_lite/environment/path.dsv
[0.206s] -- Up-to-date: /home/dpkings/Multi-map/install/explore_lite/share/explore_lite/local_setup.bash
[0.206s] -- Up-to-date: /home/dpkings/Multi-map/install/explore_lite/share/explore_lite/local_setup.sh
[0.206s] -- Up-to-date: /home/dpkings/Multi-map/install/explore_lite/share/explore_lite/local_setup.zsh
[0.207s] -- Up-to-date: /home/dpkings/Multi-map/install/explore_lite/share/explore_lite/local_setup.dsv
[0.207s] -- Installing: /home/dpkings/Multi-map/install/explore_lite/share/explore_lite/package.dsv
[0.207s] -- Up-to-date: /home/dpkings/Multi-map/install/explore_lite/share/ament_index/resource_index/packages/explore_lite
[0.207s] -- Up-to-date: /home/dpkings/Multi-map/install/explore_lite/share/explore_lite/cmake/ament_cmake_export_include_directories-extras.cmake
[0.207s] -- Up-to-date: /home/dpkings/Multi-map/install/explore_lite/share/explore_lite/cmake/explore_liteConfig.cmake
[0.207s] -- Up-to-date: /home/dpkings/Multi-map/install/explore_lite/share/explore_lite/cmake/explore_liteConfig-version.cmake
[0.207s] -- Up-to-date: /home/dpkings/Multi-map/install/explore_lite/share/explore_lite/package.xml
[0.212s] Invoked command in '/home/dpkings/Multi-map/build/explore_lite' returned '0': CMAKE_PREFIX_PATH=${CMAKE_PREFIX_PATH}:/home/dpkings/eyrc-24-25-logistic-cobot/install/ur5_control:/opt/ros/humble /usr/bin/cmake --install /home/dpkings/Multi-map/build/explore_lite
